-------------------------------------------------------------------------------
Test set: com.esdrasdemorais.drones.jms.JmsClientTests
-------------------------------------------------------------------------------
Tests run: 2, Failures: 1, Errors: 0, Skipped: 0, Time elapsed: 11.51 s <<< FAILURE! -- in com.esdrasdemorais.drones.jms.JmsClientTests
com.esdrasdemorais.drones.jms.JmsClientTests.testSendAndReceiveMessage -- Time elapsed: 0.100 s <<< FAILURE!
org.opentest4j.AssertionFailedError: 

expected: "Hello from test!"
 but was: null
	at java.base/jdk.internal.reflect.DirectConstructorHandleAccessor.newInstance(DirectConstructorHandleAccessor.java:62)
	at java.base/java.lang.reflect.Constructor.newInstanceWithCaller(Constructor.java:502)
	at com.esdrasdemorais.drones.jms.JmsClientTests.testSendAndReceiveMessage(JmsClientTests.java:49)
	at java.base/java.lang.reflect.Method.invoke(Method.java:583)
	at java.base/java.util.ArrayList.forEach(ArrayList.java:1612)
	at java.base/java.util.ArrayList.forEach(ArrayList.java:1612)

