-------------------------------------------------------------------------------
Test set: com.esdrasdemorais.drones.ui.DroneControllerTest
-------------------------------------------------------------------------------
Tests run: 2, Failures: 0, Errors: 2, Skipped: 0, Time elapsed: 1.335 s <<< FAILURE! -- in com.esdrasdemorais.drones.ui.DroneControllerTest
com.esdrasdemorais.drones.ui.DroneControllerTest.testHealthEndpoint -- Time elapsed: 0.003 s <<< ERROR!
java.lang.IllegalStateException: Failed to load ApplicationContext for [WebMergedContextConfiguration@7ac1b6c0 testClass = com.esdrasdemorais.drones.ui.DroneControllerTest, locations = [], classes = [com.esdrasdemorais.drones.SpringEurekaServerApplication], contextInitializerClasses = [], activeProfiles = [], propertySourceDescriptors = [], propertySourceProperties = ["org.springframework.boot.test.autoconfigure.web.servlet.WebMvcTestContextBootstrapper=true"], contextCustomizers = [[ImportsContextCustomizer@3a751535 key = [org.springframework.boot.autoconfigure.task.TaskExecutionAutoConfiguration, org.springframework.boot.autoconfigure.cache.CacheAutoConfiguration, org.springframework.boot.autoconfigure.web.servlet.HttpEncodingAutoConfiguration, org.springframework.boot.autoconfigure.validation.ValidationAutoConfiguration, org.springframework.boot.autoconfigure.context.MessageSourceAutoConfiguration, org.springframework.boot.autoconfigure.hateoas.HypermediaAutoConfiguration, org.springframework.boot.autoconfigure.jackson.JacksonAutoConfiguration, org.springframework.boot.autoconfigure.data.web.SpringDataWebAutoConfiguration, org.springframework.boot.test.autoconfigure.web.reactive.WebTestClientAutoConfiguration, org.springframework.boot.autoconfigure.web.servlet.error.ErrorMvcAutoConfiguration, org.springframework.boot.test.autoconfigure.web.servlet.MockMvcAutoConfiguration, org.springframework.boot.autoconfigure.security.servlet.SecurityAutoConfiguration, org.springframework.boot.autoconfigure.security.servlet.SecurityFilterAutoConfiguration, org.springframework.boot.autoconfigure.http.HttpMessageConvertersAutoConfiguration, org.springframework.boot.autoconfigure.security.oauth2.client.servlet.OAuth2ClientAutoConfiguration, org.springframework.boot.test.autoconfigure.web.servlet.MockMvcSecurityConfiguration, com.esdrasdemorais.drones.config.AppConfig, org.springframework.boot.test.autoconfigure.web.servlet.MockMvcWebClientAutoConfiguration, org.springframework.boot.test.autoconfigure.web.servlet.MockMvcWebDriverAutoConfiguration, org.springframework.boot.autoconfigure.thymeleaf.ThymeleafAutoConfiguration, org.springframework.boot.autoconfigure.gson.GsonAutoConfiguration, org.springframework.boot.autoconfigure.jsonb.JsonbAutoConfiguration, org.springframework.boot.autoconfigure.freemarker.FreeMarkerAutoConfiguration, org.springframework.boot.autoconfigure.web.servlet.WebMvcAutoConfiguration, org.springframework.boot.autoconfigure.security.servlet.UserDetailsServiceAutoConfiguration, org.springframework.boot.autoconfigure.security.oauth2.resource.servlet.OAuth2ResourceServerAutoConfiguration, org.springframework.boot.autoconfigure.groovy.template.GroovyTemplateAutoConfiguration, org.springframework.boot.autoconfigure.mustache.MustacheAutoConfiguration]], org.springframework.boot.test.context.filter.ExcludeFilterContextCustomizer@38467116, org.springframework.boot.test.json.DuplicateJsonObjectContextCustomizerFactory$DuplicateJsonObjectContextCustomizer@5fb759d6, org.springframework.boot.test.mock.mockito.MockitoContextCustomizer@4ed35a3, org.springframework.boot.test.autoconfigure.OverrideAutoConfigurationContextCustomizerFactory$DisableAutoConfigurationContextCustomizer@32ea16b7, org.springframework.boot.test.autoconfigure.actuate.observability.ObservabilityContextCustomizerFactory$DisableObservabilityContextCustomizer@1f, org.springframework.boot.test.autoconfigure.filter.TypeExcludeFiltersContextCustomizer@c2428bba, org.springframework.boot.test.autoconfigure.properties.PropertyMappingContextCustomizer@15cb2b98, org.springframework.boot.test.autoconfigure.web.servlet.WebDriverContextCustomizer@6a4f1a55, org.springframework.boot.test.context.SpringBootTestAnnotation@c2c3d3bb], resourceBasePath = "src/main/webapp", contextLoader = org.springframework.boot.test.context.SpringBootContextLoader, parent = null]
	at org.springframework.test.context.cache.DefaultCacheAwareContextLoaderDelegate.loadContext(DefaultCacheAwareContextLoaderDelegate.java:180)
	at org.springframework.test.context.support.DefaultTestContext.getApplicationContext(DefaultTestContext.java:130)
	at org.springframework.boot.test.mock.mockito.MockitoTestExecutionListener.postProcessFields(MockitoTestExecutionListener.java:122)
	at org.springframework.boot.test.mock.mockito.MockitoTestExecutionListener.injectFields(MockitoTestExecutionListener.java:106)
	at org.springframework.boot.test.mock.mockito.MockitoTestExecutionListener.prepareTestInstance(MockitoTestExecutionListener.java:63)
	at org.springframework.test.context.TestContextManager.prepareTestInstance(TestContextManager.java:260)
	at org.springframework.test.context.junit.jupiter.SpringExtension.postProcessTestInstance(SpringExtension.java:163)
	at java.base/java.util.stream.ReferencePipeline$3$1.accept(ReferencePipeline.java:214)
	at java.base/java.util.stream.ReferencePipeline$2$1.accept(ReferencePipeline.java:197)
	at java.base/java.util.ArrayList$ArrayListSpliterator.forEachRemaining(ArrayList.java:1724)
	at java.base/java.util.stream.AbstractPipeline.copyInto(AbstractPipeline.java:570)
	at java.base/java.util.stream.AbstractPipeline.wrapAndCopyInto(AbstractPipeline.java:560)
	at java.base/java.util.stream.StreamSpliterators$WrappingSpliterator.forEachRemaining(StreamSpliterators.java:315)
	at java.base/java.util.stream.Streams$ConcatSpliterator.forEachRemaining(Streams.java:735)
	at java.base/java.util.stream.Streams$ConcatSpliterator.forEachRemaining(Streams.java:734)
	at java.base/java.util.stream.ReferencePipeline$Head.forEach(ReferencePipeline.java:803)
	at java.base/java.util.Optional.orElseGet(Optional.java:368)
	at java.base/java.util.ArrayList.forEach(ArrayList.java:1612)
	at java.base/java.util.ArrayList.forEach(ArrayList.java:1612)
Caused by: org.springframework.beans.factory.BeanCreationException: Error creating bean with name 'db' defined in class path resource [com/esdrasdemorais/drones/config/AppConfig.class]: Failed to instantiate [com.esdrasmorais.ddd.repository.interfaces.IDb]: Factory method 'db' threw exception with message: null
	at org.springframework.beans.factory.support.ConstructorResolver.instantiate(ConstructorResolver.java:648)
	at org.springframework.beans.factory.support.ConstructorResolver.instantiateUsingFactoryMethod(ConstructorResolver.java:485)
	at org.springframework.beans.factory.support.AbstractAutowireCapableBeanFactory.instantiateUsingFactoryMethod(AbstractAutowireCapableBeanFactory.java:1337)
	at org.springframework.beans.factory.support.AbstractAutowireCapableBeanFactory.createBeanInstance(AbstractAutowireCapableBeanFactory.java:1167)
	at org.springframework.beans.factory.support.AbstractAutowireCapableBeanFactory.doCreateBean(AbstractAutowireCapableBeanFactory.java:562)
	at org.springframework.beans.factory.support.AbstractAutowireCapableBeanFactory.createBean(AbstractAutowireCapableBeanFactory.java:522)
	at org.springframework.beans.factory.support.AbstractBeanFactory.lambda$doGetBean$0(AbstractBeanFactory.java:337)
	at org.springframework.beans.factory.support.DefaultSingletonBeanRegistry.getSingleton(DefaultSingletonBeanRegistry.java:234)
	at org.springframework.beans.factory.support.AbstractBeanFactory.doGetBean(AbstractBeanFactory.java:335)
	at org.springframework.beans.factory.support.AbstractBeanFactory.getBean(AbstractBeanFactory.java:200)
	at org.springframework.beans.factory.support.DefaultListableBeanFactory.preInstantiateSingletons(DefaultListableBeanFactory.java:975)
	at org.springframework.context.support.AbstractApplicationContext.finishBeanFactoryInitialization(AbstractApplicationContext.java:971)
	at org.springframework.context.support.AbstractApplicationContext.refresh(AbstractApplicationContext.java:625)
	at org.springframework.boot.SpringApplication.refresh(SpringApplication.java:754)
	at org.springframework.boot.SpringApplication.refreshContext(SpringApplication.java:456)
	at org.springframework.boot.SpringApplication.run(SpringApplication.java:335)
	at org.springframework.boot.test.context.SpringBootContextLoader.lambda$loadContext$3(SpringBootContextLoader.java:137)
	at org.springframework.util.function.ThrowingSupplier.get(ThrowingSupplier.java:58)
	at org.springframework.util.function.ThrowingSupplier.get(ThrowingSupplier.java:46)
	at org.springframework.boot.SpringApplication.withHook(SpringApplication.java:1463)
	at org.springframework.boot.test.context.SpringBootContextLoader$ContextLoaderHook.run(SpringBootContextLoader.java:553)
	at org.springframework.boot.test.context.SpringBootContextLoader.loadContext(SpringBootContextLoader.java:137)
	at org.springframework.boot.test.context.SpringBootContextLoader.loadContext(SpringBootContextLoader.java:108)
	at org.springframework.test.context.cache.DefaultCacheAwareContextLoaderDelegate.loadContextInternal(DefaultCacheAwareContextLoaderDelegate.java:225)
	at org.springframework.test.context.cache.DefaultCacheAwareContextLoaderDelegate.loadContext(DefaultCacheAwareContextLoaderDelegate.java:152)
	... 18 more
Caused by: org.springframework.beans.BeanInstantiationException: Failed to instantiate [com.esdrasmorais.ddd.repository.interfaces.IDb]: Factory method 'db' threw exception with message: null
	at org.springframework.beans.factory.support.SimpleInstantiationStrategy.instantiate(SimpleInstantiationStrategy.java:177)
	at org.springframework.beans.factory.support.ConstructorResolver.instantiate(ConstructorResolver.java:644)
	... 42 more
Caused by: java.lang.StackOverflowError
	at ch.qos.logback.classic.Logger.createChildByName(Logger.java:350)
	at ch.qos.logback.classic.LoggerContext.getLogger(LoggerContext.java:165)
	at ch.qos.logback.classic.LoggerContext.getLogger(LoggerContext.java:58)
	at org.slf4j.LoggerFactory.getLogger(LoggerFactory.java:422)
	at org.apache.commons.logging.LogAdapter$Slf4jAdapter.createLocationAwareLog(LogAdapter.java:121)
	at org.apache.commons.logging.LogAdapter.createLog(LogAdapter.java:95)
	at org.apache.commons.logging.LogFactory.getLog(LogFactory.java:67)
	at org.apache.commons.logging.LogFactory.getLog(LogFactory.java:59)
	at org.springframework.core.annotation.IntrospectionFailureLogger.getLogger(IntrospectionFailureLogger.java:75)
	at org.springframework.core.annotation.IntrospectionFailureLogger$2.isEnabled(IntrospectionFailureLogger.java:49)
	at org.springframework.core.annotation.AnnotationUtils.handleIntrospectionFailure(AnnotationUtils.java:1132)
	at org.springframework.core.annotation.AnnotationsScanner.processElement(AnnotationsScanner.java:426)
	at org.springframework.core.annotation.AnnotationsScanner.process(AnnotationsScanner.java:97)
	at org.springframework.core.annotation.AnnotationsScanner.scan(AnnotationsScanner.java:82)
	at org.springframework.core.annotation.TypeMappedAnnotations.scan(TypeMappedAnnotations.java:248)
	at org.springframework.core.annotation.TypeMappedAnnotations.get(TypeMappedAnnotations.java:155)
	at org.springframework.core.annotation.AnnotatedElementUtils.getMergedAnnotationAttributes(AnnotatedElementUtils.java:251)
	at org.springframework.beans.factory.annotation.QualifierAnnotationAutowireCandidateResolver.findValue(QualifierAnnotationAutowireCandidateResolver.java:367)
	at org.springframework.beans.factory.annotation.QualifierAnnotationAutowireCandidateResolver.getSuggestedValue(QualifierAnnotationAutowireCandidateResolver.java:351)
	at org.springframework.beans.factory.support.DefaultListableBeanFactory.doResolveDependency(DefaultListableBeanFactory.java:1371)
	at org.springframework.context.annotation.ContextAnnotationAutowireCandidateResolver$1.getTarget(ContextAnnotationAutowireCandidateResolver.java:103)
	at org.springframework.aop.framework.JdkDynamicAopProxy.invoke(JdkDynamicAopProxy.java:203)
	at jdk.proxy2/jdk.proxy2.$Proxy96.getDb(Unknown Source)
	at java.base/java.lang.reflect.Method.invoke(Method.java:583)
	at org.springframework.aop.support.AopUtils.invokeJoinpointUsingReflection(AopUtils.java:354)
	at org.springframework.aop.framework.JdkDynamicAopProxy.invoke(JdkDynamicAopProxy.java:216)
	at jdk.proxy2/jdk.proxy2.$Proxy96.getDb(Unknown Source)
	at java.base/java.lang.reflect.Method.invoke(Method.java:583)
	at org.springframework.aop.support.AopUtils.invokeJoinpointUsingReflection(AopUtils.java:354)
	at org.springframework.aop.framework.JdkDynamicAopProxy.invoke(JdkDynamicAopProxy.java:216)
	at jdk.proxy2/jdk.proxy2.$Proxy96.getDb(Unknown Source)
	at java.base/java.lang.reflect.Method.invoke(Method.java:583)
	at org.springframework.aop.support.AopUtils.invokeJoinpointUsingReflection(AopUtils.java:354)
	at org.springframework.aop.framework.JdkDynamicAopProxy.invoke(JdkDynamicAopProxy.java:216)
	at jdk.proxy2/jdk.proxy2.$Proxy96.getDb(Unknown Source)
	at java.base/java.lang.reflect.Method.invoke(Method.java:583)
	at org.springframework.aop.support.AopUtils.invokeJoinpointUsingReflection(AopUtils.java:354)
	at org.springframework.aop.framework.JdkDynamicAopProxy.invoke(JdkDynamicAopProxy.java:216)
	at jdk.proxy2/jdk.proxy2.$Proxy96.getDb(Unknown Source)
	at java.base/java.lang.reflect.Method.invoke(Method.java:583)
	at org.springframework.aop.support.AopUtils.invokeJoinpointUsingReflection(AopUtils.java:354)
	at org.springframework.aop.framework.JdkDynamicAopProxy.invoke(JdkDynamicAopProxy.java:216)
	at jdk.proxy2/jdk.proxy2.$Proxy96.getDb(Unknown Source)
	at java.base/java.lang.reflect.Method.invoke(Method.java:583)
	at org.springframework.aop.support.AopUtils.invokeJoinpointUsingReflection(AopUtils.java:354)
	at org.springframework.aop.framework.JdkDynamicAopProxy.invoke(JdkDynamicAopProxy.java:216)
	at jdk.proxy2/jdk.proxy2.$Proxy96.getDb(Unknown Source)
	at java.base/java.lang.reflect.Method.invoke(Method.java:583)
	at org.springframework.aop.support.AopUtils.invokeJoinpointUsingReflection(AopUtils.java:354)
	at org.springframework.aop.framework.JdkDynamicAopProxy.invoke(JdkDynamicAopProxy.java:216)
	at jdk.proxy2/jdk.proxy2.$Proxy96.getDb(Unknown Source)
	at java.base/java.lang.reflect.Method.invoke(Method.java:583)
	at org.springframework.aop.support.AopUtils.invokeJoinpointUsingReflection(AopUtils.java:354)
	at org.springframework.aop.framework.JdkDynamicAopProxy.invoke(JdkDynamicAopProxy.java:216)
	at jdk.proxy2/jdk.proxy2.$Proxy96.getDb(Unknown Source)
	at java.base/java.lang.reflect.Method.invoke(Method.java:583)
	at org.springframework.aop.support.AopUtils.invokeJoinpointUsingReflection(AopUtils.java:354)
	at org.springframework.aop.framework.JdkDynamicAopProxy.invoke(JdkDynamicAopProxy.java:216)
	at jdk.proxy2/jdk.proxy2.$Proxy96.getDb(Unknown Source)
	at java.base/java.lang.reflect.Method.invoke(Method.java:583)
	at org.springframework.aop.support.AopUtils.invokeJoinpointUsingReflection(AopUtils.java:354)
	at org.springframework.aop.framework.JdkDynamicAopProxy.invoke(JdkDynamicAopProxy.java:216)
	at jdk.proxy2/jdk.proxy2.$Proxy96.getDb(Unknown Source)
	at java.base/java.lang.reflect.Method.invoke(Method.java:583)
	at org.springframework.aop.support.AopUtils.invokeJoinpointUsingReflection(AopUtils.java:354)
	at org.springframework.aop.framework.JdkDynamicAopProxy.invoke(JdkDynamicAopProxy.java:216)
	at jdk.proxy2/jdk.proxy2.$Proxy96.getDb(Unknown Source)
	at java.base/java.lang.reflect.Method.invoke(Method.java:583)
	at org.springframework.aop.support.AopUtils.invokeJoinpointUsingReflection(AopUtils.java:354)
	at org.springframework.aop.framework.JdkDynamicAopProxy.invoke(JdkDynamicAopProxy.java:216)
	at jdk.proxy2/jdk.proxy2.$Proxy96.getDb(Unknown Source)
	at java.base/java.lang.reflect.Method.invoke(Method.java:583)
	at org.springframework.aop.support.AopUtils.invokeJoinpointUsingReflection(AopUtils.java:354)
	at org.springframework.aop.framework.JdkDynamicAopProxy.invoke(JdkDynamicAopProxy.java:216)
	at jdk.proxy2/jdk.proxy2.$Proxy96.getDb(Unknown Source)
	at java.base/java.lang.reflect.Method.invoke(Method.java:583)
	at org.springframework.aop.support.AopUtils.invokeJoinpointUsingReflection(AopUtils.java:354)
	at org.springframework.aop.framework.JdkDynamicAopProxy.invoke(JdkDynamicAopProxy.java:216)
	at jdk.proxy2/jdk.proxy2.$Proxy96.getDb(Unknown Source)
	at java.base/java.lang.reflect.Method.invoke(Method.java:583)
	at org.springframework.aop.support.AopUtils.invokeJoinpointUsingReflection(AopUtils.java:354)
	at org.springframework.aop.framework.JdkDynamicAopProxy.invoke(JdkDynamicAopProxy.java:216)
	at jdk.proxy2/jdk.proxy2.$Proxy96.getDb(Unknown Source)
	at java.base/java.lang.reflect.Method.invoke(Method.java:583)
	at org.springframework.aop.support.AopUtils.invokeJoinpointUsingReflection(AopUtils.java:354)
	at org.springframework.aop.framework.JdkDynamicAopProxy.invoke(JdkDynamicAopProxy.java:216)
	at jdk.proxy2/jdk.proxy2.$Proxy96.getDb(Unknown Source)
	at java.base/java.lang.reflect.Method.invoke(Method.java:583)
	at org.springframework.aop.support.AopUtils.invokeJoinpointUsingReflection(AopUtils.java:354)
	at org.springframework.aop.framework.JdkDynamicAopProxy.invoke(JdkDynamicAopProxy.java:216)
	at jdk.proxy2/jdk.proxy2.$Proxy96.getDb(Unknown Source)
	at java.base/java.lang.reflect.Method.invoke(Method.java:583)
	at org.springframework.aop.support.AopUtils.invokeJoinpointUsingReflection(AopUtils.java:354)
	at org.springframework.aop.framework.JdkDynamicAopProxy.invoke(JdkDynamicAopProxy.java:216)
	at jdk.proxy2/jdk.proxy2.$Proxy96.getDb(Unknown Source)
	at java.base/java.lang.reflect.Method.invoke(Method.java:583)
	at org.springframework.aop.support.AopUtils.invokeJoinpointUsingReflection(AopUtils.java:354)
	at org.springframework.aop.framework.JdkDynamicAopProxy.invoke(JdkDynamicAopProxy.java:216)
	at jdk.proxy2/jdk.proxy2.$Proxy96.getDb(Unknown Source)
	at java.base/java.lang.reflect.Method.invoke(Method.java:583)
	at org.springframework.aop.support.AopUtils.invokeJoinpointUsingReflection(AopUtils.java:354)
	at org.springframework.aop.framework.JdkDynamicAopProxy.invoke(JdkDynamicAopProxy.java:216)
	at jdk.proxy2/jdk.proxy2.$Proxy96.getDb(Unknown Source)
	at java.base/java.lang.reflect.Method.invoke(Method.java:583)
	at org.springframework.aop.support.AopUtils.invokeJoinpointUsingReflection(AopUtils.java:354)
	at org.springframework.aop.framework.JdkDynamicAopProxy.invoke(JdkDynamicAopProxy.java:216)
	at jdk.proxy2/jdk.proxy2.$Proxy96.getDb(Unknown Source)
	at java.base/java.lang.reflect.Method.invoke(Method.java:583)
	at org.springframework.aop.support.AopUtils.invokeJoinpointUsingReflection(AopUtils.java:354)
	at org.springframework.aop.framework.JdkDynamicAopProxy.invoke(JdkDynamicAopProxy.java:216)
	at jdk.proxy2/jdk.proxy2.$Proxy96.getDb(Unknown Source)
	at java.base/java.lang.reflect.Method.invoke(Method.java:583)
	at org.springframework.aop.support.AopUtils.invokeJoinpointUsingReflection(AopUtils.java:354)
	at org.springframework.aop.framework.JdkDynamicAopProxy.invoke(JdkDynamicAopProxy.java:216)
	at jdk.proxy2/jdk.proxy2.$Proxy96.getDb(Unknown Source)
	at java.base/java.lang.reflect.Method.invoke(Method.java:583)
	at org.springframework.aop.support.AopUtils.invokeJoinpointUsingReflection(AopUtils.java:354)
	at org.springframework.aop.framework.JdkDynamicAopProxy.invoke(JdkDynamicAopProxy.java:216)
	at jdk.proxy2/jdk.proxy2.$Proxy96.getDb(Unknown Source)
	at java.base/java.lang.reflect.Method.invoke(Method.java:583)
	at org.springframework.aop.support.AopUtils.invokeJoinpointUsingReflection(AopUtils.java:354)
	at org.springframework.aop.framework.JdkDynamicAopProxy.invoke(JdkDynamicAopProxy.java:216)
	at jdk.proxy2/jdk.proxy2.$Proxy96.getDb(Unknown Source)
	at java.base/java.lang.reflect.Method.invoke(Method.java:583)
	at org.springframework.aop.support.AopUtils.invokeJoinpointUsingReflection(AopUtils.java:354)
	at org.springframework.aop.framework.JdkDynamicAopProxy.invoke(JdkDynamicAopProxy.java:216)
	at jdk.proxy2/jdk.proxy2.$Proxy96.getDb(Unknown Source)
	at java.base/java.lang.reflect.Method.invoke(Method.java:583)
	at org.springframework.aop.support.AopUtils.invokeJoinpointUsingReflection(AopUtils.java:354)
	at org.springframework.aop.framework.JdkDynamicAopProxy.invoke(JdkDynamicAopProxy.java:216)
	at jdk.proxy2/jdk.proxy2.$Proxy96.getDb(Unknown Source)
	at java.base/java.lang.reflect.Method.invoke(Method.java:583)
	at org.springframework.aop.support.AopUtils.invokeJoinpointUsingReflection(AopUtils.java:354)
	at org.springframework.aop.framework.JdkDynamicAopProxy.invoke(JdkDynamicAopProxy.java:216)
	at jdk.proxy2/jdk.proxy2.$Proxy96.getDb(Unknown Source)
	at java.base/java.lang.reflect.Method.invoke(Method.java:583)
	at org.springframework.aop.support.AopUtils.invokeJoinpointUsingReflection(AopUtils.java:354)
	at org.springframework.aop.framework.JdkDynamicAopProxy.invoke(JdkDynamicAopProxy.java:216)
	at jdk.proxy2/jdk.proxy2.$Proxy96.getDb(Unknown Source)
	at java.base/java.lang.reflect.Method.invoke(Method.java:583)
	at org.springframework.aop.support.AopUtils.invokeJoinpointUsingReflection(AopUtils.java:354)
	at org.springframework.aop.framework.JdkDynamicAopProxy.invoke(JdkDynamicAopProxy.java:216)
	at jdk.proxy2/jdk.proxy2.$Proxy96.getDb(Unknown Source)
	at java.base/java.lang.reflect.Method.invoke(Method.java:583)
	at org.springframework.aop.support.AopUtils.invokeJoinpointUsingReflection(AopUtils.java:354)
	at org.springframework.aop.framework.JdkDynamicAopProxy.invoke(JdkDynamicAopProxy.java:216)
	at jdk.proxy2/jdk.proxy2.$Proxy96.getDb(Unknown Source)
	at java.base/java.lang.reflect.Method.invoke(Method.java:583)
	at org.springframework.aop.support.AopUtils.invokeJoinpointUsingReflection(AopUtils.java:354)
	at org.springframework.aop.framework.JdkDynamicAopProxy.invoke(JdkDynamicAopProxy.java:216)
	at jdk.proxy2/jdk.proxy2.$Proxy96.getDb(Unknown Source)
	at java.base/java.lang.reflect.Method.invoke(Method.java:583)
	at org.springframework.aop.support.AopUtils.invokeJoinpointUsingReflection(AopUtils.java:354)
	at org.springframework.aop.framework.JdkDynamicAopProxy.invoke(JdkDynamicAopProxy.java:216)
	at jdk.proxy2/jdk.proxy2.$Proxy96.getDb(Unknown Source)
	at java.base/java.lang.reflect.Method.invoke(Method.java:583)
	at org.springframework.aop.support.AopUtils.invokeJoinpointUsingReflection(AopUtils.java:354)
	at org.springframework.aop.framework.JdkDynamicAopProxy.invoke(JdkDynamicAopProxy.java:216)
	at jdk.proxy2/jdk.proxy2.$Proxy96.getDb(Unknown Source)
	at java.base/java.lang.reflect.Method.invoke(Method.java:583)
	at org.springframework.aop.support.AopUtils.invokeJoinpointUsingReflection(AopUtils.java:354)
	at org.springframework.aop.framework.JdkDynamicAopProxy.invoke(JdkDynamicAopProxy.java:216)
	at jdk.proxy2/jdk.proxy2.$Proxy96.getDb(Unknown Source)
	at java.base/java.lang.reflect.Method.invoke(Method.java:583)
	at org.springframework.aop.support.AopUtils.invokeJoinpointUsingReflection(AopUtils.java:354)
	at org.springframework.aop.framework.JdkDynamicAopProxy.invoke(JdkDynamicAopProxy.java:216)
	at jdk.proxy2/jdk.proxy2.$Proxy96.getDb(Unknown Source)
	at java.base/java.lang.reflect.Method.invoke(Method.java:583)
	at org.springframework.aop.support.AopUtils.invokeJoinpointUsingReflection(AopUtils.java:354)
	at org.springframework.aop.framework.JdkDynamicAopProxy.invoke(JdkDynamicAopProxy.java:216)
	at jdk.proxy2/jdk.proxy2.$Proxy96.getDb(Unknown Source)
	at java.base/java.lang.reflect.Method.invoke(Method.java:583)
	at org.springframework.aop.support.AopUtils.invokeJoinpointUsingReflection(AopUtils.java:354)
	at org.springframework.aop.framework.JdkDynamicAopProxy.invoke(JdkDynamicAopProxy.java:216)
	at jdk.proxy2/jdk.proxy2.$Proxy96.getDb(Unknown Source)
	at java.base/java.lang.reflect.Method.invoke(Method.java:583)
	at org.springframework.aop.support.AopUtils.invokeJoinpointUsingReflection(AopUtils.java:354)
	at org.springframework.aop.framework.JdkDynamicAopProxy.invoke(JdkDynamicAopProxy.java:216)
	at jdk.proxy2/jdk.proxy2.$Proxy96.getDb(Unknown Source)
	at java.base/java.lang.reflect.Method.invoke(Method.java:583)
	at org.springframework.aop.support.AopUtils.invokeJoinpointUsingReflection(AopUtils.java:354)
	at org.springframework.aop.framework.JdkDynamicAopProxy.invoke(JdkDynamicAopProxy.java:216)
	at jdk.proxy2/jdk.proxy2.$Proxy96.getDb(Unknown Source)
	at java.base/java.lang.reflect.Method.invoke(Method.java:583)
	at org.springframework.aop.support.AopUtils.invokeJoinpointUsingReflection(AopUtils.java:354)
	at org.springframework.aop.framework.JdkDynamicAopProxy.invoke(JdkDynamicAopProxy.java:216)
	at jdk.proxy2/jdk.proxy2.$Proxy96.getDb(Unknown Source)
	at java.base/java.lang.reflect.Method.invoke(Method.java:583)
	at org.springframework.aop.support.AopUtils.invokeJoinpointUsingReflection(AopUtils.java:354)
	at org.springframework.aop.framework.JdkDynamicAopProxy.invoke(JdkDynamicAopProxy.java:216)
	at jdk.proxy2/jdk.proxy2.$Proxy96.getDb(Unknown Source)
	at java.base/java.lang.reflect.Method.invoke(Method.java:583)
	at org.springframework.aop.support.AopUtils.invokeJoinpointUsingReflection(AopUtils.java:354)
	at org.springframework.aop.framework.JdkDynamicAopProxy.invoke(JdkDynamicAopProxy.java:216)
	at jdk.proxy2/jdk.proxy2.$Proxy96.getDb(Unknown Source)
	at java.base/java.lang.reflect.Method.invoke(Method.java:583)
	at org.springframework.aop.support.AopUtils.invokeJoinpointUsingReflection(AopUtils.java:354)
	at org.springframework.aop.framework.JdkDynamicAopProxy.invoke(JdkDynamicAopProxy.java:216)
	at jdk.proxy2/jdk.proxy2.$Proxy96.getDb(Unknown Source)
	at java.base/java.lang.reflect.Method.invoke(Method.java:583)
	at org.springframework.aop.support.AopUtils.invokeJoinpointUsingReflection(AopUtils.java:354)
	at org.springframework.aop.framework.JdkDynamicAopProxy.invoke(JdkDynamicAopProxy.java:216)
	at jdk.proxy2/jdk.proxy2.$Proxy96.getDb(Unknown Source)
	at java.base/java.lang.reflect.Method.invoke(Method.java:583)
	at org.springframework.aop.support.AopUtils.invokeJoinpointUsingReflection(AopUtils.java:354)
	at org.springframework.aop.framework.JdkDynamicAopProxy.invoke(JdkDynamicAopProxy.java:216)
	at jdk.proxy2/jdk.proxy2.$Proxy96.getDb(Unknown Source)
	at java.base/java.lang.reflect.Method.invoke(Method.java:583)
	at org.springframework.aop.support.AopUtils.invokeJoinpointUsingReflection(AopUtils.java:354)
	at org.springframework.aop.framework.JdkDynamicAopProxy.invoke(JdkDynamicAopProxy.java:216)
	at jdk.proxy2/jdk.proxy2.$Proxy96.getDb(Unknown Source)
	at java.base/java.lang.reflect.Method.invoke(Method.java:583)
	at org.springframework.aop.support.AopUtils.invokeJoinpointUsingReflection(AopUtils.java:354)
	at org.springframework.aop.framework.JdkDynamicAopProxy.invoke(JdkDynamicAopProxy.java:216)
	at jdk.proxy2/jdk.proxy2.$Proxy96.getDb(Unknown Source)
	at java.base/java.lang.reflect.Method.invoke(Method.java:583)
	at org.springframework.aop.support.AopUtils.invokeJoinpointUsingReflection(AopUtils.java:354)
	at org.springframework.aop.framework.JdkDynamicAopProxy.invoke(JdkDynamicAopProxy.java:216)
	at jdk.proxy2/jdk.proxy2.$Proxy96.getDb(Unknown Source)
	at java.base/java.lang.reflect.Method.invoke(Method.java:583)
	at org.springframework.aop.support.AopUtils.invokeJoinpointUsingReflection(AopUtils.java:354)
	at org.springframework.aop.framework.JdkDynamicAopProxy.invoke(JdkDynamicAopProxy.java:216)
	at jdk.proxy2/jdk.proxy2.$Proxy96.getDb(Unknown Source)
	at java.base/java.lang.reflect.Method.invoke(Method.java:583)
	at org.springframework.aop.support.AopUtils.invokeJoinpointUsingReflection(AopUtils.java:354)
	at org.springframework.aop.framework.JdkDynamicAopProxy.invoke(JdkDynamicAopProxy.java:216)
	at jdk.proxy2/jdk.proxy2.$Proxy96.getDb(Unknown Source)
	at java.base/java.lang.reflect.Method.invoke(Method.java:583)
	at org.springframework.aop.support.AopUtils.invokeJoinpointUsingReflection(AopUtils.java:354)
	at org.springframework.aop.framework.JdkDynamicAopProxy.invoke(JdkDynamicAopProxy.java:216)
	at jdk.proxy2/jdk.proxy2.$Proxy96.getDb(Unknown Source)
	at java.base/java.lang.reflect.Method.invoke(Method.java:583)
	at org.springframework.aop.support.AopUtils.invokeJoinpointUsingReflection(AopUtils.java:354)
	at org.springframework.aop.framework.JdkDynamicAopProxy.invoke(JdkDynamicAopProxy.java:216)
	at jdk.proxy2/jdk.proxy2.$Proxy96.getDb(Unknown Source)
	at java.base/java.lang.reflect.Method.invoke(Method.java:583)
	at org.springframework.aop.support.AopUtils.invokeJoinpointUsingReflection(AopUtils.java:354)
	at org.springframework.aop.framework.JdkDynamicAopProxy.invoke(JdkDynamicAopProxy.java:216)
	at jdk.proxy2/jdk.proxy2.$Proxy96.getDb(Unknown Source)
	at java.base/java.lang.reflect.Method.invoke(Method.java:583)
	at org.springframework.aop.support.AopUtils.invokeJoinpointUsingReflection(AopUtils.java:354)
	at org.springframework.aop.framework.JdkDynamicAopProxy.invoke(JdkDynamicAopProxy.java:216)
	at jdk.proxy2/jdk.proxy2.$Proxy96.getDb(Unknown Source)
	at java.base/java.lang.reflect.Method.invoke(Method.java:583)
	at org.springframework.aop.support.AopUtils.invokeJoinpointUsingReflection(AopUtils.java:354)
	at org.springframework.aop.framework.JdkDynamicAopProxy.invoke(JdkDynamicAopProxy.java:216)
	at jdk.proxy2/jdk.proxy2.$Proxy96.getDb(Unknown Source)
	at java.base/java.lang.reflect.Method.invoke(Method.java:583)
	at org.springframework.aop.support.AopUtils.invokeJoinpointUsingReflection(AopUtils.java:354)
	at org.springframework.aop.framework.JdkDynamicAopProxy.invoke(JdkDynamicAopProxy.java:216)
	at jdk.proxy2/jdk.proxy2.$Proxy96.getDb(Unknown Source)
	at java.base/java.lang.reflect.Method.invoke(Method.java:583)
	at org.springframework.aop.support.AopUtils.invokeJoinpointUsingReflection(AopUtils.java:354)
	at org.springframework.aop.framework.JdkDynamicAopProxy.invoke(JdkDynamicAopProxy.java:216)
	at jdk.proxy2/jdk.proxy2.$Proxy96.getDb(Unknown Source)
	at java.base/java.lang.reflect.Method.invoke(Method.java:583)
	at org.springframework.aop.support.AopUtils.invokeJoinpointUsingReflection(AopUtils.java:354)
	at org.springframework.aop.framework.JdkDynamicAopProxy.invoke(JdkDynamicAopProxy.java:216)
	at jdk.proxy2/jdk.proxy2.$Proxy96.getDb(Unknown Source)
	at java.base/java.lang.reflect.Method.invoke(Method.java:583)
	at org.springframework.aop.support.AopUtils.invokeJoinpointUsingReflection(AopUtils.java:354)
	at org.springframework.aop.framework.JdkDynamicAopProxy.invoke(JdkDynamicAopProxy.java:216)
	at jdk.proxy2/jdk.proxy2.$Proxy96.getDb(Unknown Source)
	at java.base/java.lang.reflect.Method.invoke(Method.java:583)
	at org.springframework.aop.support.AopUtils.invokeJoinpointUsingReflection(AopUtils.java:354)
	at org.springframework.aop.framework.JdkDynamicAopProxy.invoke(JdkDynamicAopProxy.java:216)
	at jdk.proxy2/jdk.proxy2.$Proxy96.getDb(Unknown Source)
	at java.base/java.lang.reflect.Method.invoke(Method.java:583)
	at org.springframework.aop.support.AopUtils.invokeJoinpointUsingReflection(AopUtils.java:354)
	at org.springframework.aop.framework.JdkDynamicAopProxy.invoke(JdkDynamicAopProxy.java:216)
	at jdk.proxy2/jdk.proxy2.$Proxy96.getDb(Unknown Source)
	at java.base/java.lang.reflect.Method.invoke(Method.java:583)
	at org.springframework.aop.support.AopUtils.invokeJoinpointUsingReflection(AopUtils.java:354)
	at org.springframework.aop.framework.JdkDynamicAopProxy.invoke(JdkDynamicAopProxy.java:216)
	at jdk.proxy2/jdk.proxy2.$Proxy96.getDb(Unknown Source)
	at java.base/java.lang.reflect.Method.invoke(Method.java:583)
	at org.springframework.aop.support.AopUtils.invokeJoinpointUsingReflection(AopUtils.java:354)
	at org.springframework.aop.framework.JdkDynamicAopProxy.invoke(JdkDynamicAopProxy.java:216)
	at jdk.proxy2/jdk.proxy2.$Proxy96.getDb(Unknown Source)
	at java.base/java.lang.reflect.Method.invoke(Method.java:583)
	at org.springframework.aop.support.AopUtils.invokeJoinpointUsingReflection(AopUtils.java:354)
	at org.springframework.aop.framework.JdkDynamicAopProxy.invoke(JdkDynamicAopProxy.java:216)
	at jdk.proxy2/jdk.proxy2.$Proxy96.getDb(Unknown Source)
	at java.base/java.lang.reflect.Method.invoke(Method.java:583)
	at org.springframework.aop.support.AopUtils.invokeJoinpointUsingReflection(AopUtils.java:354)
	at org.springframework.aop.framework.JdkDynamicAopProxy.invoke(JdkDynamicAopProxy.java:216)
	at jdk.proxy2/jdk.proxy2.$Proxy96.getDb(Unknown Source)
	at java.base/java.lang.reflect.Method.invoke(Method.java:583)
	at org.springframework.aop.support.AopUtils.invokeJoinpointUsingReflection(AopUtils.java:354)
	at org.springframework.aop.framework.JdkDynamicAopProxy.invoke(JdkDynamicAopProxy.java:216)
	at jdk.proxy2/jdk.proxy2.$Proxy96.getDb(Unknown Source)
	at java.base/java.lang.reflect.Method.invoke(Method.java:583)
	at org.springframework.aop.support.AopUtils.invokeJoinpointUsingReflection(AopUtils.java:354)
	at org.springframework.aop.framework.JdkDynamicAopProxy.invoke(JdkDynamicAopProxy.java:216)
	at jdk.proxy2/jdk.proxy2.$Proxy96.getDb(Unknown Source)
	at java.base/java.lang.reflect.Method.invoke(Method.java:583)
	at org.springframework.aop.support.AopUtils.invokeJoinpointUsingReflection(AopUtils.java:354)
	at org.springframework.aop.framework.JdkDynamicAopProxy.invoke(JdkDynamicAopProxy.java:216)
	at jdk.proxy2/jdk.proxy2.$Proxy96.getDb(Unknown Source)
	at java.base/java.lang.reflect.Method.invoke(Method.java:583)
	at org.springframework.aop.support.AopUtils.invokeJoinpointUsingReflection(AopUtils.java:354)
	at org.springframework.aop.framework.JdkDynamicAopProxy.invoke(JdkDynamicAopProxy.java:216)
	at jdk.proxy2/jdk.proxy2.$Proxy96.getDb(Unknown Source)
	at java.base/java.lang.reflect.Method.invoke(Method.java:583)
	at org.springframework.aop.support.AopUtils.invokeJoinpointUsingReflection(AopUtils.java:354)
	at org.springframework.aop.framework.JdkDynamicAopProxy.invoke(JdkDynamicAopProxy.java:216)
	at jdk.proxy2/jdk.proxy2.$Proxy96.getDb(Unknown Source)
	at java.base/java.lang.reflect.Method.invoke(Method.java:583)
	at org.springframework.aop.support.AopUtils.invokeJoinpointUsingReflection(AopUtils.java:354)
	at org.springframework.aop.framework.JdkDynamicAopProxy.invoke(JdkDynamicAopProxy.java:216)
	at jdk.proxy2/jdk.proxy2.$Proxy96.getDb(Unknown Source)
	at java.base/java.lang.reflect.Method.invoke(Method.java:583)
	at org.springframework.aop.support.AopUtils.invokeJoinpointUsingReflection(AopUtils.java:354)
	at org.springframework.aop.framework.JdkDynamicAopProxy.invoke(JdkDynamicAopProxy.java:216)
	at jdk.proxy2/jdk.proxy2.$Proxy96.getDb(Unknown Source)
	at java.base/java.lang.reflect.Method.invoke(Method.java:583)
	at org.springframework.aop.support.AopUtils.invokeJoinpointUsingReflection(AopUtils.java:354)
	at org.springframework.aop.framework.JdkDynamicAopProxy.invoke(JdkDynamicAopProxy.java:216)
	at jdk.proxy2/jdk.proxy2.$Proxy96.getDb(Unknown Source)
	at java.base/java.lang.reflect.Method.invoke(Method.java:583)
	at org.springframework.aop.support.AopUtils.invokeJoinpointUsingReflection(AopUtils.java:354)
	at org.springframework.aop.framework.JdkDynamicAopProxy.invoke(JdkDynamicAopProxy.java:216)
	at jdk.proxy2/jdk.proxy2.$Proxy96.getDb(Unknown Source)
	at java.base/java.lang.reflect.Method.invoke(Method.java:583)
	at org.springframework.aop.support.AopUtils.invokeJoinpointUsingReflection(AopUtils.java:354)
	at org.springframework.aop.framework.JdkDynamicAopProxy.invoke(JdkDynamicAopProxy.java:216)
	at jdk.proxy2/jdk.proxy2.$Proxy96.getDb(Unknown Source)
	at java.base/java.lang.reflect.Method.invoke(Method.java:583)
	at org.springframework.aop.support.AopUtils.invokeJoinpointUsingReflection(AopUtils.java:354)
	at org.springframework.aop.framework.JdkDynamicAopProxy.invoke(JdkDynamicAopProxy.java:216)
	at jdk.proxy2/jdk.proxy2.$Proxy96.getDb(Unknown Source)
	at java.base/java.lang.reflect.Method.invoke(Method.java:583)
	at org.springframework.aop.support.AopUtils.invokeJoinpointUsingReflection(AopUtils.java:354)
	at org.springframework.aop.framework.JdkDynamicAopProxy.invoke(JdkDynamicAopProxy.java:216)
	at jdk.proxy2/jdk.proxy2.$Proxy96.getDb(Unknown Source)
	at java.base/java.lang.reflect.Method.invoke(Method.java:583)
	at org.springframework.aop.support.AopUtils.invokeJoinpointUsingReflection(AopUtils.java:354)
	at org.springframework.aop.framework.JdkDynamicAopProxy.invoke(JdkDynamicAopProxy.java:216)
	at jdk.proxy2/jdk.proxy2.$Proxy96.getDb(Unknown Source)
	at java.base/java.lang.reflect.Method.invoke(Method.java:583)
	at org.springframework.aop.support.AopUtils.invokeJoinpointUsingReflection(AopUtils.java:354)
	at org.springframework.aop.framework.JdkDynamicAopProxy.invoke(JdkDynamicAopProxy.java:216)
	at jdk.proxy2/jdk.proxy2.$Proxy96.getDb(Unknown Source)
	at java.base/java.lang.reflect.Method.invoke(Method.java:583)
	at org.springframework.aop.support.AopUtils.invokeJoinpointUsingReflection(AopUtils.java:354)
	at org.springframework.aop.framework.JdkDynamicAopProxy.invoke(JdkDynamicAopProxy.java:216)
	at jdk.proxy2/jdk.proxy2.$Proxy96.getDb(Unknown Source)
	at java.base/java.lang.reflect.Method.invoke(Method.java:583)
	at org.springframework.aop.support.AopUtils.invokeJoinpointUsingReflection(AopUtils.java:354)
	at org.springframework.aop.framework.JdkDynamicAopProxy.invoke(JdkDynamicAopProxy.java:216)
	at jdk.proxy2/jdk.proxy2.$Proxy96.getDb(Unknown Source)
	at java.base/java.lang.reflect.Method.invoke(Method.java:583)
	at org.springframework.aop.support.AopUtils.invokeJoinpointUsingReflection(AopUtils.java:354)
	at org.springframework.aop.framework.JdkDynamicAopProxy.invoke(JdkDynamicAopProxy.java:216)
	at jdk.proxy2/jdk.proxy2.$Proxy96.getDb(Unknown Source)
	at java.base/java.lang.reflect.Method.invoke(Method.java:583)
	at org.springframework.aop.support.AopUtils.invokeJoinpointUsingReflection(AopUtils.java:354)
	at org.springframework.aop.framework.JdkDynamicAopProxy.invoke(JdkDynamicAopProxy.java:216)
	at jdk.proxy2/jdk.proxy2.$Proxy96.getDb(Unknown Source)
	at java.base/java.lang.reflect.Method.invoke(Method.java:583)
	at org.springframework.aop.support.AopUtils.invokeJoinpointUsingReflection(AopUtils.java:354)
	at org.springframework.aop.framework.JdkDynamicAopProxy.invoke(JdkDynamicAopProxy.java:216)
	at jdk.proxy2/jdk.proxy2.$Proxy96.getDb(Unknown Source)
	at java.base/java.lang.reflect.Method.invoke(Method.java:583)
	at org.springframework.aop.support.AopUtils.invokeJoinpointUsingReflection(AopUtils.java:354)
	at org.springframework.aop.framework.JdkDynamicAopProxy.invoke(JdkDynamicAopProxy.java:216)
	at jdk.proxy2/jdk.proxy2.$Proxy96.getDb(Unknown Source)
	at java.base/java.lang.reflect.Method.invoke(Method.java:583)
	at org.springframework.aop.support.AopUtils.invokeJoinpointUsingReflection(AopUtils.java:354)
	at org.springframework.aop.framework.JdkDynamicAopProxy.invoke(JdkDynamicAopProxy.java:216)
	at jdk.proxy2/jdk.proxy2.$Proxy96.getDb(Unknown Source)
	at java.base/java.lang.reflect.Method.invoke(Method.java:583)
	at org.springframework.aop.support.AopUtils.invokeJoinpointUsingReflection(AopUtils.java:354)
	at org.springframework.aop.framework.JdkDynamicAopProxy.invoke(JdkDynamicAopProxy.java:216)
	at jdk.proxy2/jdk.proxy2.$Proxy96.getDb(Unknown Source)
	at java.base/java.lang.reflect.Method.invoke(Method.java:583)
	at org.springframework.aop.support.AopUtils.invokeJoinpointUsingReflection(AopUtils.java:354)
	at org.springframework.aop.framework.JdkDynamicAopProxy.invoke(JdkDynamicAopProxy.java:216)
	at jdk.proxy2/jdk.proxy2.$Proxy96.getDb(Unknown Source)
	at java.base/java.lang.reflect.Method.invoke(Method.java:583)
	at org.springframework.aop.support.AopUtils.invokeJoinpointUsingReflection(AopUtils.java:354)
	at org.springframework.aop.framework.JdkDynamicAopProxy.invoke(JdkDynamicAopProxy.java:216)
	at jdk.proxy2/jdk.proxy2.$Proxy96.getDb(Unknown Source)
	at java.base/java.lang.reflect.Method.invoke(Method.java:583)
	at org.springframework.aop.support.AopUtils.invokeJoinpointUsingReflection(AopUtils.java:354)
	at org.springframework.aop.framework.JdkDynamicAopProxy.invoke(JdkDynamicAopProxy.java:216)
	at jdk.proxy2/jdk.proxy2.$Proxy96.getDb(Unknown Source)
	at java.base/java.lang.reflect.Method.invoke(Method.java:583)
	at org.springframework.aop.support.AopUtils.invokeJoinpointUsingReflection(AopUtils.java:354)
	at org.springframework.aop.framework.JdkDynamicAopProxy.invoke(JdkDynamicAopProxy.java:216)
	at jdk.proxy2/jdk.proxy2.$Proxy96.getDb(Unknown Source)
	at java.base/java.lang.reflect.Method.invoke(Method.java:583)
	at org.springframework.aop.support.AopUtils.invokeJoinpointUsingReflection(AopUtils.java:354)
	at org.springframework.aop.framework.JdkDynamicAopProxy.invoke(JdkDynamicAopProxy.java:216)
	at jdk.proxy2/jdk.proxy2.$Proxy96.getDb(Unknown Source)
	at java.base/java.lang.reflect.Method.invoke(Method.java:583)
	at org.springframework.aop.support.AopUtils.invokeJoinpointUsingReflection(AopUtils.java:354)
	at org.springframework.aop.framework.JdkDynamicAopProxy.invoke(JdkDynamicAopProxy.java:216)
	at jdk.proxy2/jdk.proxy2.$Proxy96.getDb(Unknown Source)
	at java.base/java.lang.reflect.Method.invoke(Method.java:583)
	at org.springframework.aop.support.AopUtils.invokeJoinpointUsingReflection(AopUtils.java:354)
	at org.springframework.aop.framework.JdkDynamicAopProxy.invoke(JdkDynamicAopProxy.java:216)
	at jdk.proxy2/jdk.proxy2.$Proxy96.getDb(Unknown Source)
	at java.base/java.lang.reflect.Method.invoke(Method.java:583)
	at org.springframework.aop.support.AopUtils.invokeJoinpointUsingReflection(AopUtils.java:354)
	at org.springframework.aop.framework.JdkDynamicAopProxy.invoke(JdkDynamicAopProxy.java:216)
	at jdk.proxy2/jdk.proxy2.$Proxy96.getDb(Unknown Source)
	at java.base/java.lang.reflect.Method.invoke(Method.java:583)
	at org.springframework.aop.support.AopUtils.invokeJoinpointUsingReflection(AopUtils.java:354)
	at org.springframework.aop.framework.JdkDynamicAopProxy.invoke(JdkDynamicAopProxy.java:216)
	at jdk.proxy2/jdk.proxy2.$Proxy96.getDb(Unknown Source)
	at java.base/java.lang.reflect.Method.invoke(Method.java:583)
	at org.springframework.aop.support.AopUtils.invokeJoinpointUsingReflection(AopUtils.java:354)
	at org.springframework.aop.framework.JdkDynamicAopProxy.invoke(JdkDynamicAopProxy.java:216)
	at jdk.proxy2/jdk.proxy2.$Proxy96.getDb(Unknown Source)
	at java.base/java.lang.reflect.Method.invoke(Method.java:583)
	at org.springframework.aop.support.AopUtils.invokeJoinpointUsingReflection(AopUtils.java:354)
	at org.springframework.aop.framework.JdkDynamicAopProxy.invoke(JdkDynamicAopProxy.java:216)
	at jdk.proxy2/jdk.proxy2.$Proxy96.getDb(Unknown Source)
	at java.base/java.lang.reflect.Method.invoke(Method.java:583)
	at org.springframework.aop.support.AopUtils.invokeJoinpointUsingReflection(AopUtils.java:354)
	at org.springframework.aop.framework.JdkDynamicAopProxy.invoke(JdkDynamicAopProxy.java:216)
	at jdk.proxy2/jdk.proxy2.$Proxy96.getDb(Unknown Source)
	at java.base/java.lang.reflect.Method.invoke(Method.java:583)
	at org.springframework.aop.support.AopUtils.invokeJoinpointUsingReflection(AopUtils.java:354)
	at org.springframework.aop.framework.JdkDynamicAopProxy.invoke(JdkDynamicAopProxy.java:216)
	at jdk.proxy2/jdk.proxy2.$Proxy96.getDb(Unknown Source)
	at java.base/java.lang.reflect.Method.invoke(Method.java:583)
	at org.springframework.aop.support.AopUtils.invokeJoinpointUsingReflection(AopUtils.java:354)
	at org.springframework.aop.framework.JdkDynamicAopProxy.invoke(JdkDynamicAopProxy.java:216)
	at jdk.proxy2/jdk.proxy2.$Proxy96.getDb(Unknown Source)
	at java.base/java.lang.reflect.Method.invoke(Method.java:583)
	at org.springframework.aop.support.AopUtils.invokeJoinpointUsingReflection(AopUtils.java:354)
	at org.springframework.aop.framework.JdkDynamicAopProxy.invoke(JdkDynamicAopProxy.java:216)
	at jdk.proxy2/jdk.proxy2.$Proxy96.getDb(Unknown Source)
	at java.base/java.lang.reflect.Method.invoke(Method.java:583)
	at org.springframework.aop.support.AopUtils.invokeJoinpointUsingReflection(AopUtils.java:354)
	at org.springframework.aop.framework.JdkDynamicAopProxy.invoke(JdkDynamicAopProxy.java:216)
	at jdk.proxy2/jdk.proxy2.$Proxy96.getDb(Unknown Source)
	at java.base/java.lang.reflect.Method.invoke(Method.java:583)
	at org.springframework.aop.support.AopUtils.invokeJoinpointUsingReflection(AopUtils.java:354)
	at org.springframework.aop.framework.JdkDynamicAopProxy.invoke(JdkDynamicAopProxy.java:216)
	at jdk.proxy2/jdk.proxy2.$Proxy96.getDb(Unknown Source)
	at java.base/java.lang.reflect.Method.invoke(Method.java:583)
	at org.springframework.aop.support.AopUtils.invokeJoinpointUsingReflection(AopUtils.java:354)
	at org.springframework.aop.framework.JdkDynamicAopProxy.invoke(JdkDynamicAopProxy.java:216)
	at jdk.proxy2/jdk.proxy2.$Proxy96.getDb(Unknown Source)
	at java.base/java.lang.reflect.Method.invoke(Method.java:583)
	at org.springframework.aop.support.AopUtils.invokeJoinpointUsingReflection(AopUtils.java:354)
	at org.springframework.aop.framework.JdkDynamicAopProxy.invoke(JdkDynamicAopProxy.java:216)
	at jdk.proxy2/jdk.proxy2.$Proxy96.getDb(Unknown Source)
	at java.base/java.lang.reflect.Method.invoke(Method.java:583)
	at org.springframework.aop.support.AopUtils.invokeJoinpointUsingReflection(AopUtils.java:354)
	at org.springframework.aop.framework.JdkDynamicAopProxy.invoke(JdkDynamicAopProxy.java:216)
	at jdk.proxy2/jdk.proxy2.$Proxy96.getDb(Unknown Source)
	at java.base/java.lang.reflect.Method.invoke(Method.java:583)
	at org.springframework.aop.support.AopUtils.invokeJoinpointUsingReflection(AopUtils.java:354)
	at org.springframework.aop.framework.JdkDynamicAopProxy.invoke(JdkDynamicAopProxy.java:216)
	at jdk.proxy2/jdk.proxy2.$Proxy96.getDb(Unknown Source)
	at java.base/java.lang.reflect.Method.invoke(Method.java:583)
	at org.springframework.aop.support.AopUtils.invokeJoinpointUsingReflection(AopUtils.java:354)
	at org.springframework.aop.framework.JdkDynamicAopProxy.invoke(JdkDynamicAopProxy.java:216)
	at jdk.proxy2/jdk.proxy2.$Proxy96.getDb(Unknown Source)
	at java.base/java.lang.reflect.Method.invoke(Method.java:583)
	at org.springframework.aop.support.AopUtils.invokeJoinpointUsingReflection(AopUtils.java:354)
	at org.springframework.aop.framework.JdkDynamicAopProxy.invoke(JdkDynamicAopProxy.java:216)
	at jdk.proxy2/jdk.proxy2.$Proxy96.getDb(Unknown Source)
	at java.base/java.lang.reflect.Method.invoke(Method.java:583)
	at org.springframework.aop.support.AopUtils.invokeJoinpointUsingReflection(AopUtils.java:354)
	at org.springframework.aop.framework.JdkDynamicAopProxy.invoke(JdkDynamicAopProxy.java:216)
	at jdk.proxy2/jdk.proxy2.$Proxy96.getDb(Unknown Source)
	at java.base/java.lang.reflect.Method.invoke(Method.java:583)
	at org.springframework.aop.support.AopUtils.invokeJoinpointUsingReflection(AopUtils.java:354)
	at org.springframework.aop.framework.JdkDynamicAopProxy.invoke(JdkDynamicAopProxy.java:216)
	at jdk.proxy2/jdk.proxy2.$Proxy96.getDb(Unknown Source)
	at java.base/java.lang.reflect.Method.invoke(Method.java:583)
	at org.springframework.aop.support.AopUtils.invokeJoinpointUsingReflection(AopUtils.java:354)
	at org.springframework.aop.framework.JdkDynamicAopProxy.invoke(JdkDynamicAopProxy.java:216)
	at jdk.proxy2/jdk.proxy2.$Proxy96.getDb(Unknown Source)
	at java.base/java.lang.reflect.Method.invoke(Method.java:583)
	at org.springframework.aop.support.AopUtils.invokeJoinpointUsingReflection(AopUtils.java:354)
	at org.springframework.aop.framework.JdkDynamicAopProxy.invoke(JdkDynamicAopProxy.java:216)
	at jdk.proxy2/jdk.proxy2.$Proxy96.getDb(Unknown Source)
	at java.base/java.lang.reflect.Method.invoke(Method.java:583)
	at org.springframework.aop.support.AopUtils.invokeJoinpointUsingReflection(AopUtils.java:354)
	at org.springframework.aop.framework.JdkDynamicAopProxy.invoke(JdkDynamicAopProxy.java:216)
	at jdk.proxy2/jdk.proxy2.$Proxy96.getDb(Unknown Source)
	at java.base/java.lang.reflect.Method.invoke(Method.java:583)
	at org.springframework.aop.support.AopUtils.invokeJoinpointUsingReflection(AopUtils.java:354)
	at org.springframework.aop.framework.JdkDynamicAopProxy.invoke(JdkDynamicAopProxy.java:216)
	at jdk.proxy2/jdk.proxy2.$Proxy96.getDb(Unknown Source)
	at java.base/java.lang.reflect.Method.invoke(Method.java:583)
	at org.springframework.aop.support.AopUtils.invokeJoinpointUsingReflection(AopUtils.java:354)
	at org.springframework.aop.framework.JdkDynamicAopProxy.invoke(JdkDynamicAopProxy.java:216)
	at jdk.proxy2/jdk.proxy2.$Proxy96.getDb(Unknown Source)
	at java.base/java.lang.reflect.Method.invoke(Method.java:583)
	at org.springframework.aop.support.AopUtils.invokeJoinpointUsingReflection(AopUtils.java:354)
	at org.springframework.aop.framework.JdkDynamicAopProxy.invoke(JdkDynamicAopProxy.java:216)
	at jdk.proxy2/jdk.proxy2.$Proxy96.getDb(Unknown Source)
	at java.base/java.lang.reflect.Method.invoke(Method.java:583)
	at org.springframework.aop.support.AopUtils.invokeJoinpointUsingReflection(AopUtils.java:354)
	at org.springframework.aop.framework.JdkDynamicAopProxy.invoke(JdkDynamicAopProxy.java:216)
	at jdk.proxy2/jdk.proxy2.$Proxy96.getDb(Unknown Source)
	at java.base/java.lang.reflect.Method.invoke(Method.java:583)
	at org.springframework.aop.support.AopUtils.invokeJoinpointUsingReflection(AopUtils.java:354)
	at org.springframework.aop.framework.JdkDynamicAopProxy.invoke(JdkDynamicAopProxy.java:216)
	at jdk.proxy2/jdk.proxy2.$Proxy96.getDb(Unknown Source)
	at java.base/java.lang.reflect.Method.invoke(Method.java:583)
	at org.springframework.aop.support.AopUtils.invokeJoinpointUsingReflection(AopUtils.java:354)
	at org.springframework.aop.framework.JdkDynamicAopProxy.invoke(JdkDynamicAopProxy.java:216)
	at jdk.proxy2/jdk.proxy2.$Proxy96.getDb(Unknown Source)
	at java.base/java.lang.reflect.Method.invoke(Method.java:583)
	at org.springframework.aop.support.AopUtils.invokeJoinpointUsingReflection(AopUtils.java:354)
	at org.springframework.aop.framework.JdkDynamicAopProxy.invoke(JdkDynamicAopProxy.java:216)
	at jdk.proxy2/jdk.proxy2.$Proxy96.getDb(Unknown Source)
	at java.base/java.lang.reflect.Method.invoke(Method.java:583)
	at org.springframework.aop.support.AopUtils.invokeJoinpointUsingReflection(AopUtils.java:354)
	at org.springframework.aop.framework.JdkDynamicAopProxy.invoke(JdkDynamicAopProxy.java:216)
	at jdk.proxy2/jdk.proxy2.$Proxy96.getDb(Unknown Source)
	at java.base/java.lang.reflect.Method.invoke(Method.java:583)
	at org.springframework.aop.support.AopUtils.invokeJoinpointUsingReflection(AopUtils.java:354)
	at org.springframework.aop.framework.JdkDynamicAopProxy.invoke(JdkDynamicAopProxy.java:216)
	at jdk.proxy2/jdk.proxy2.$Proxy96.getDb(Unknown Source)
	at java.base/java.lang.reflect.Method.invoke(Method.java:583)
	at org.springframework.aop.support.AopUtils.invokeJoinpointUsingReflection(AopUtils.java:354)
	at org.springframework.aop.framework.JdkDynamicAopProxy.invoke(JdkDynamicAopProxy.java:216)
	at jdk.proxy2/jdk.proxy2.$Proxy96.getDb(Unknown Source)
	at java.base/java.lang.reflect.Method.invoke(Method.java:583)
	at org.springframework.aop.support.AopUtils.invokeJoinpointUsingReflection(AopUtils.java:354)
	at org.springframework.aop.framework.JdkDynamicAopProxy.invoke(JdkDynamicAopProxy.java:216)
	at jdk.proxy2/jdk.proxy2.$Proxy96.getDb(Unknown Source)
	at java.base/java.lang.reflect.Method.invoke(Method.java:583)
	at org.springframework.aop.support.AopUtils.invokeJoinpointUsingReflection(AopUtils.java:354)
	at org.springframework.aop.framework.JdkDynamicAopProxy.invoke(JdkDynamicAopProxy.java:216)
	at jdk.proxy2/jdk.proxy2.$Proxy96.getDb(Unknown Source)
	at java.base/java.lang.reflect.Method.invoke(Method.java:583)
	at org.springframework.aop.support.AopUtils.invokeJoinpointUsingReflection(AopUtils.java:354)
	at org.springframework.aop.framework.JdkDynamicAopProxy.invoke(JdkDynamicAopProxy.java:216)
	at jdk.proxy2/jdk.proxy2.$Proxy96.getDb(Unknown Source)
	at java.base/java.lang.reflect.Method.invoke(Method.java:583)
	at org.springframework.aop.support.AopUtils.invokeJoinpointUsingReflection(AopUtils.java:354)
	at org.springframework.aop.framework.JdkDynamicAopProxy.invoke(JdkDynamicAopProxy.java:216)
	at jdk.proxy2/jdk.proxy2.$Proxy96.getDb(Unknown Source)
	at java.base/java.lang.reflect.Method.invoke(Method.java:583)
	at org.springframework.aop.support.AopUtils.invokeJoinpointUsingReflection(AopUtils.java:354)
	at org.springframework.aop.framework.JdkDynamicAopProxy.invoke(JdkDynamicAopProxy.java:216)
	at jdk.proxy2/jdk.proxy2.$Proxy96.getDb(Unknown Source)
	at java.base/java.lang.reflect.Method.invoke(Method.java:583)
	at org.springframework.aop.support.AopUtils.invokeJoinpointUsingReflection(AopUtils.java:354)
	at org.springframework.aop.framework.JdkDynamicAopProxy.invoke(JdkDynamicAopProxy.java:216)
	at jdk.proxy2/jdk.proxy2.$Proxy96.getDb(Unknown Source)
	at java.base/java.lang.reflect.Method.invoke(Method.java:583)
	at org.springframework.aop.support.AopUtils.invokeJoinpointUsingReflection(AopUtils.java:354)
	at org.springframework.aop.framework.JdkDynamicAopProxy.invoke(JdkDynamicAopProxy.java:216)
	at jdk.proxy2/jdk.proxy2.$Proxy96.getDb(Unknown Source)
	at java.base/java.lang.reflect.Method.invoke(Method.java:583)
	at org.springframework.aop.support.AopUtils.invokeJoinpointUsingReflection(AopUtils.java:354)
	at org.springframework.aop.framework.JdkDynamicAopProxy.invoke(JdkDynamicAopProxy.java:216)
	at jdk.proxy2/jdk.proxy2.$Proxy96.getDb(Unknown Source)
	at java.base/java.lang.reflect.Method.invoke(Method.java:583)
	at org.springframework.aop.support.AopUtils.invokeJoinpointUsingReflection(AopUtils.java:354)
	at org.springframework.aop.framework.JdkDynamicAopProxy.invoke(JdkDynamicAopProxy.java:216)
	at jdk.proxy2/jdk.proxy2.$Proxy96.getDb(Unknown Source)
	at java.base/java.lang.reflect.Method.invoke(Method.java:583)
	at org.springframework.aop.support.AopUtils.invokeJoinpointUsingReflection(AopUtils.java:354)
	at org.springframework.aop.framework.JdkDynamicAopProxy.invoke(JdkDynamicAopProxy.java:216)
	at jdk.proxy2/jdk.proxy2.$Proxy96.getDb(Unknown Source)
	at java.base/java.lang.reflect.Method.invoke(Method.java:583)
	at org.springframework.aop.support.AopUtils.invokeJoinpointUsingReflection(AopUtils.java:354)
	at org.springframework.aop.framework.JdkDynamicAopProxy.invoke(JdkDynamicAopProxy.java:216)
	at jdk.proxy2/jdk.proxy2.$Proxy96.getDb(Unknown Source)
	at java.base/java.lang.reflect.Method.invoke(Method.java:583)
	at org.springframework.aop.support.AopUtils.invokeJoinpointUsingReflection(AopUtils.java:354)
	at org.springframework.aop.framework.JdkDynamicAopProxy.invoke(JdkDynamicAopProxy.java:216)
	at jdk.proxy2/jdk.proxy2.$Proxy96.getDb(Unknown Source)
	at java.base/java.lang.reflect.Method.invoke(Method.java:583)
	at org.springframework.aop.support.AopUtils.invokeJoinpointUsingReflection(AopUtils.java:354)
	at org.springframework.aop.framework.JdkDynamicAopProxy.invoke(JdkDynamicAopProxy.java:216)
	at jdk.proxy2/jdk.proxy2.$Proxy96.getDb(Unknown Source)
	at java.base/java.lang.reflect.Method.invoke(Method.java:583)
	at org.springframework.aop.support.AopUtils.invokeJoinpointUsingReflection(AopUtils.java:354)
	at org.springframework.aop.framework.JdkDynamicAopProxy.invoke(JdkDynamicAopProxy.java:216)
	at jdk.proxy2/jdk.proxy2.$Proxy96.getDb(Unknown Source)
	at java.base/java.lang.reflect.Method.invoke(Method.java:583)
	at org.springframework.aop.support.AopUtils.invokeJoinpointUsingReflection(AopUtils.java:354)
	at org.springframework.aop.framework.JdkDynamicAopProxy.invoke(JdkDynamicAopProxy.java:216)
	at jdk.proxy2/jdk.proxy2.$Proxy96.getDb(Unknown Source)
	at java.base/java.lang.reflect.Method.invoke(Method.java:583)
	at org.springframework.aop.support.AopUtils.invokeJoinpointUsingReflection(AopUtils.java:354)
	at org.springframework.aop.framework.JdkDynamicAopProxy.invoke(JdkDynamicAopProxy.java:216)
	at jdk.proxy2/jdk.proxy2.$Proxy96.getDb(Unknown Source)
	at java.base/java.lang.reflect.Method.invoke(Method.java:583)
	at org.springframework.aop.support.AopUtils.invokeJoinpointUsingReflection(AopUtils.java:354)
	at org.springframework.aop.framework.JdkDynamicAopProxy.invoke(JdkDynamicAopProxy.java:216)
	at jdk.proxy2/jdk.proxy2.$Proxy96.getDb(Unknown Source)
	at java.base/java.lang.reflect.Method.invoke(Method.java:583)
	at org.springframework.aop.support.AopUtils.invokeJoinpointUsingReflection(AopUtils.java:354)
	at org.springframework.aop.framework.JdkDynamicAopProxy.invoke(JdkDynamicAopProxy.java:216)
	at jdk.proxy2/jdk.proxy2.$Proxy96.getDb(Unknown Source)
	at java.base/java.lang.reflect.Method.invoke(Method.java:583)
	at org.springframework.aop.support.AopUtils.invokeJoinpointUsingReflection(AopUtils.java:354)
	at org.springframework.aop.framework.JdkDynamicAopProxy.invoke(JdkDynamicAopProxy.java:216)
	at jdk.proxy2/jdk.proxy2.$Proxy96.getDb(Unknown Source)
	at java.base/java.lang.reflect.Method.invoke(Method.java:583)
	at org.springframework.aop.support.AopUtils.invokeJoinpointUsingReflection(AopUtils.java:354)
	at org.springframework.aop.framework.JdkDynamicAopProxy.invoke(JdkDynamicAopProxy.java:216)
	at jdk.proxy2/jdk.proxy2.$Proxy96.getDb(Unknown Source)
	at java.base/java.lang.reflect.Method.invoke(Method.java:583)
	at org.springframework.aop.support.AopUtils.invokeJoinpointUsingReflection(AopUtils.java:354)
	at org.springframework.aop.framework.JdkDynamicAopProxy.invoke(JdkDynamicAopProxy.java:216)
	at jdk.proxy2/jdk.proxy2.$Proxy96.getDb(Unknown Source)
	at java.base/java.lang.reflect.Method.invoke(Method.java:583)
	at org.springframework.aop.support.AopUtils.invokeJoinpointUsingReflection(AopUtils.java:354)
	at org.springframework.aop.framework.JdkDynamicAopProxy.invoke(JdkDynamicAopProxy.java:216)
	at jdk.proxy2/jdk.proxy2.$Proxy96.getDb(Unknown Source)
	at java.base/java.lang.reflect.Method.invoke(Method.java:583)
	at org.springframework.aop.support.AopUtils.invokeJoinpointUsingReflection(AopUtils.java:354)
	at org.springframework.aop.framework.JdkDynamicAopProxy.invoke(JdkDynamicAopProxy.java:216)
	at jdk.proxy2/jdk.proxy2.$Proxy96.getDb(Unknown Source)
	at java.base/java.lang.reflect.Method.invoke(Method.java:583)
	at org.springframework.aop.support.AopUtils.invokeJoinpointUsingReflection(AopUtils.java:354)
	at org.springframework.aop.framework.JdkDynamicAopProxy.invoke(JdkDynamicAopProxy.java:216)
	at jdk.proxy2/jdk.proxy2.$Proxy96.getDb(Unknown Source)
	at java.base/java.lang.reflect.Method.invoke(Method.java:583)
	at org.springframework.aop.support.AopUtils.invokeJoinpointUsingReflection(AopUtils.java:354)
	at org.springframework.aop.framework.JdkDynamicAopProxy.invoke(JdkDynamicAopProxy.java:216)
	at jdk.proxy2/jdk.proxy2.$Proxy96.getDb(Unknown Source)
	at java.base/java.lang.reflect.Method.invoke(Method.java:583)
	at org.springframework.aop.support.AopUtils.invokeJoinpointUsingReflection(AopUtils.java:354)
	at org.springframework.aop.framework.JdkDynamicAopProxy.invoke(JdkDynamicAopProxy.java:216)
	at jdk.proxy2/jdk.proxy2.$Proxy96.getDb(Unknown Source)
	at java.base/java.lang.reflect.Method.invoke(Method.java:583)
	at org.springframework.aop.support.AopUtils.invokeJoinpointUsingReflection(AopUtils.java:354)
	at org.springframework.aop.framework.JdkDynamicAopProxy.invoke(JdkDynamicAopProxy.java:216)
	at jdk.proxy2/jdk.proxy2.$Proxy96.getDb(Unknown Source)
	at java.base/java.lang.reflect.Method.invoke(Method.java:583)
	at org.springframework.aop.support.AopUtils.invokeJoinpointUsingReflection(AopUtils.java:354)
	at org.springframework.aop.framework.JdkDynamicAopProxy.invoke(JdkDynamicAopProxy.java:216)
	at jdk.proxy2/jdk.proxy2.$Proxy96.getDb(Unknown Source)
	at java.base/java.lang.reflect.Method.invoke(Method.java:583)
	at org.springframework.aop.support.AopUtils.invokeJoinpointUsingReflection(AopUtils.java:354)
	at org.springframework.aop.framework.JdkDynamicAopProxy.invoke(JdkDynamicAopProxy.java:216)
	at jdk.proxy2/jdk.proxy2.$Proxy96.getDb(Unknown Source)
	at java.base/java.lang.reflect.Method.invoke(Method.java:583)
	at org.springframework.aop.support.AopUtils.invokeJoinpointUsingReflection(AopUtils.java:354)
	at org.springframework.aop.framework.JdkDynamicAopProxy.invoke(JdkDynamicAopProxy.java:216)
	at jdk.proxy2/jdk.proxy2.$Proxy96.getDb(Unknown Source)
	at java.base/java.lang.reflect.Method.invoke(Method.java:583)
	at org.springframework.aop.support.AopUtils.invokeJoinpointUsingReflection(AopUtils.java:354)
	at org.springframework.aop.framework.JdkDynamicAopProxy.invoke(JdkDynamicAopProxy.java:216)
	at jdk.proxy2/jdk.proxy2.$Proxy96.getDb(Unknown Source)
	at java.base/java.lang.reflect.Method.invoke(Method.java:583)
	at org.springframework.aop.support.AopUtils.invokeJoinpointUsingReflection(AopUtils.java:354)
	at org.springframework.aop.framework.JdkDynamicAopProxy.invoke(JdkDynamicAopProxy.java:216)
	at jdk.proxy2/jdk.proxy2.$Proxy96.getDb(Unknown Source)
	at java.base/java.lang.reflect.Method.invoke(Method.java:583)
	at org.springframework.aop.support.AopUtils.invokeJoinpointUsingReflection(AopUtils.java:354)
	at org.springframework.aop.framework.JdkDynamicAopProxy.invoke(JdkDynamicAopProxy.java:216)
	at jdk.proxy2/jdk.proxy2.$Proxy96.getDb(Unknown Source)
	at java.base/java.lang.reflect.Method.invoke(Method.java:583)
	at org.springframework.aop.support.AopUtils.invokeJoinpointUsingReflection(AopUtils.java:354)
	at org.springframework.aop.framework.JdkDynamicAopProxy.invoke(JdkDynamicAopProxy.java:216)
	at jdk.proxy2/jdk.proxy2.$Proxy96.getDb(Unknown Source)
	at java.base/java.lang.reflect.Method.invoke(Method.java:583)
	at org.springframework.aop.support.AopUtils.invokeJoinpointUsingReflection(AopUtils.java:354)
	at org.springframework.aop.framework.JdkDynamicAopProxy.invoke(JdkDynamicAopProxy.java:216)
	at jdk.proxy2/jdk.proxy2.$Proxy96.getDb(Unknown Source)
	at java.base/java.lang.reflect.Method.invoke(Method.java:583)
	at org.springframework.aop.support.AopUtils.invokeJoinpointUsingReflection(AopUtils.java:354)
	at org.springframework.aop.framework.JdkDynamicAopProxy.invoke(JdkDynamicAopProxy.java:216)
	at jdk.proxy2/jdk.proxy2.$Proxy96.getDb(Unknown Source)
	at java.base/java.lang.reflect.Method.invoke(Method.java:583)
	at org.springframework.aop.support.AopUtils.invokeJoinpointUsingReflection(AopUtils.java:354)
	at org.springframework.aop.framework.JdkDynamicAopProxy.invoke(JdkDynamicAopProxy.java:216)
	at jdk.proxy2/jdk.proxy2.$Proxy96.getDb(Unknown Source)
	at java.base/java.lang.reflect.Method.invoke(Method.java:583)
	at org.springframework.aop.support.AopUtils.invokeJoinpointUsingReflection(AopUtils.java:354)
	at org.springframework.aop.framework.JdkDynamicAopProxy.invoke(JdkDynamicAopProxy.java:216)
	at jdk.proxy2/jdk.proxy2.$Proxy96.getDb(Unknown Source)
	at java.base/java.lang.reflect.Method.invoke(Method.java:583)
	at org.springframework.aop.support.AopUtils.invokeJoinpointUsingReflection(AopUtils.java:354)
	at org.springframework.aop.framework.JdkDynamicAopProxy.invoke(JdkDynamicAopProxy.java:216)
	at jdk.proxy2/jdk.proxy2.$Proxy96.getDb(Unknown Source)
	at java.base/java.lang.reflect.Method.invoke(Method.java:583)
	at org.springframework.aop.support.AopUtils.invokeJoinpointUsingReflection(AopUtils.java:354)
	at org.springframework.aop.framework.JdkDynamicAopProxy.invoke(JdkDynamicAopProxy.java:216)
	at jdk.proxy2/jdk.proxy2.$Proxy96.getDb(Unknown Source)
	at java.base/java.lang.reflect.Method.invoke(Method.java:583)
	at org.springframework.aop.support.AopUtils.invokeJoinpointUsingReflection(AopUtils.java:354)
	at org.springframework.aop.framework.JdkDynamicAopProxy.invoke(JdkDynamicAopProxy.java:216)
	at jdk.proxy2/jdk.proxy2.$Proxy96.getDb(Unknown Source)
	at java.base/java.lang.reflect.Method.invoke(Method.java:583)
	at org.springframework.aop.support.AopUtils.invokeJoinpointUsingReflection(AopUtils.java:354)
	at org.springframework.aop.framework.JdkDynamicAopProxy.invoke(JdkDynamicAopProxy.java:216)
	at jdk.proxy2/jdk.proxy2.$Proxy96.getDb(Unknown Source)
	at java.base/java.lang.reflect.Method.invoke(Method.java:583)
	at org.springframework.aop.support.AopUtils.invokeJoinpointUsingReflection(AopUtils.java:354)
	at org.springframework.aop.framework.JdkDynamicAopProxy.invoke(JdkDynamicAopProxy.java:216)
	at jdk.proxy2/jdk.proxy2.$Proxy96.getDb(Unknown Source)
	at java.base/java.lang.reflect.Method.invoke(Method.java:583)
	at org.springframework.aop.support.AopUtils.invokeJoinpointUsingReflection(AopUtils.java:354)
	at org.springframework.aop.framework.JdkDynamicAopProxy.invoke(JdkDynamicAopProxy.java:216)
	at jdk.proxy2/jdk.proxy2.$Proxy96.getDb(Unknown Source)
	at java.base/java.lang.reflect.Method.invoke(Method.java:583)
	at org.springframework.aop.support.AopUtils.invokeJoinpointUsingReflection(AopUtils.java:354)
	at org.springframework.aop.framework.JdkDynamicAopProxy.invoke(JdkDynamicAopProxy.java:216)
	at jdk.proxy2/jdk.proxy2.$Proxy96.getDb(Unknown Source)
	at java.base/java.lang.reflect.Method.invoke(Method.java:583)
	at org.springframework.aop.support.AopUtils.invokeJoinpointUsingReflection(AopUtils.java:354)
	at org.springframework.aop.framework.JdkDynamicAopProxy.invoke(JdkDynamicAopProxy.java:216)
	at jdk.proxy2/jdk.proxy2.$Proxy96.getDb(Unknown Source)
	at java.base/java.lang.reflect.Method.invoke(Method.java:583)
	at org.springframework.aop.support.AopUtils.invokeJoinpointUsingReflection(AopUtils.java:354)
	at org.springframework.aop.framework.JdkDynamicAopProxy.invoke(JdkDynamicAopProxy.java:216)
	at jdk.proxy2/jdk.proxy2.$Proxy96.getDb(Unknown Source)
	at java.base/java.lang.reflect.Method.invoke(Method.java:583)
	at org.springframework.aop.support.AopUtils.invokeJoinpointUsingReflection(AopUtils.java:354)
	at org.springframework.aop.framework.JdkDynamicAopProxy.invoke(JdkDynamicAopProxy.java:216)
	at jdk.proxy2/jdk.proxy2.$Proxy96.getDb(Unknown Source)
	at java.base/java.lang.reflect.Method.invoke(Method.java:583)
	at org.springframework.aop.support.AopUtils.invokeJoinpointUsingReflection(AopUtils.java:354)
	at org.springframework.aop.framework.JdkDynamicAopProxy.invoke(JdkDynamicAopProxy.java:216)
	at jdk.proxy2/jdk.proxy2.$Proxy96.getDb(Unknown Source)
	at java.base/java.lang.reflect.Method.invoke(Method.java:583)
	at org.springframework.aop.support.AopUtils.invokeJoinpointUsingReflection(AopUtils.java:354)
	at org.springframework.aop.framework.JdkDynamicAopProxy.invoke(JdkDynamicAopProxy.java:216)
	at jdk.proxy2/jdk.proxy2.$Proxy96.getDb(Unknown Source)
	at java.base/java.lang.reflect.Method.invoke(Method.java:583)
	at org.springframework.aop.support.AopUtils.invokeJoinpointUsingReflection(AopUtils.java:354)
	at org.springframework.aop.framework.JdkDynamicAopProxy.invoke(JdkDynamicAopProxy.java:216)
	at jdk.proxy2/jdk.proxy2.$Proxy96.getDb(Unknown Source)
	at java.base/java.lang.reflect.Method.invoke(Method.java:583)
	at org.springframework.aop.support.AopUtils.invokeJoinpointUsingReflection(AopUtils.java:354)
	at org.springframework.aop.framework.JdkDynamicAopProxy.invoke(JdkDynamicAopProxy.java:216)
	at jdk.proxy2/jdk.proxy2.$Proxy96.getDb(Unknown Source)
	at java.base/java.lang.reflect.Method.invoke(Method.java:583)
	at org.springframework.aop.support.AopUtils.invokeJoinpointUsingReflection(AopUtils.java:354)
	at org.springframework.aop.framework.JdkDynamicAopProxy.invoke(JdkDynamicAopProxy.java:216)
	at jdk.proxy2/jdk.proxy2.$Proxy96.getDb(Unknown Source)
	at java.base/java.lang.reflect.Method.invoke(Method.java:583)
	at org.springframework.aop.support.AopUtils.invokeJoinpointUsingReflection(AopUtils.java:354)
	at org.springframework.aop.framework.JdkDynamicAopProxy.invoke(JdkDynamicAopProxy.java:216)
	at jdk.proxy2/jdk.proxy2.$Proxy96.getDb(Unknown Source)
	at java.base/java.lang.reflect.Method.invoke(Method.java:583)
	at org.springframework.aop.support.AopUtils.invokeJoinpointUsingReflection(AopUtils.java:354)
	at org.springframework.aop.framework.JdkDynamicAopProxy.invoke(JdkDynamicAopProxy.java:216)
	at jdk.proxy2/jdk.proxy2.$Proxy96.getDb(Unknown Source)
	at java.base/java.lang.reflect.Method.invoke(Method.java:583)
	at org.springframework.aop.support.AopUtils.invokeJoinpointUsingReflection(AopUtils.java:354)
	at org.springframework.aop.framework.JdkDynamicAopProxy.invoke(JdkDynamicAopProxy.java:216)
	at jdk.proxy2/jdk.proxy2.$Proxy96.getDb(Unknown Source)
	at java.base/java.lang.reflect.Method.invoke(Method.java:583)
	at org.springframework.aop.support.AopUtils.invokeJoinpointUsingReflection(AopUtils.java:354)
	at org.springframework.aop.framework.JdkDynamicAopProxy.invoke(JdkDynamicAopProxy.java:216)
	at jdk.proxy2/jdk.proxy2.$Proxy96.getDb(Unknown Source)
	at java.base/java.lang.reflect.Method.invoke(Method.java:583)
	at org.springframework.aop.support.AopUtils.invokeJoinpointUsingReflection(AopUtils.java:354)
	at org.springframework.aop.framework.JdkDynamicAopProxy.invoke(JdkDynamicAopProxy.java:216)
	at jdk.proxy2/jdk.proxy2.$Proxy96.getDb(Unknown Source)
	at java.base/java.lang.reflect.Method.invoke(Method.java:583)
	at org.springframework.aop.support.AopUtils.invokeJoinpointUsingReflection(AopUtils.java:354)
	at org.springframework.aop.framework.JdkDynamicAopProxy.invoke(JdkDynamicAopProxy.java:216)
	at jdk.proxy2/jdk.proxy2.$Proxy96.getDb(Unknown Source)
	at java.base/java.lang.reflect.Method.invoke(Method.java:583)
	at org.springframework.aop.support.AopUtils.invokeJoinpointUsingReflection(AopUtils.java:354)
	at org.springframework.aop.framework.JdkDynamicAopProxy.invoke(JdkDynamicAopProxy.java:216)
	at jdk.proxy2/jdk.proxy2.$Proxy96.getDb(Unknown Source)
	at java.base/java.lang.reflect.Method.invoke(Method.java:583)
	at org.springframework.aop.support.AopUtils.invokeJoinpointUsingReflection(AopUtils.java:354)
	at org.springframework.aop.framework.JdkDynamicAopProxy.invoke(JdkDynamicAopProxy.java:216)
	at jdk.proxy2/jdk.proxy2.$Proxy96.getDb(Unknown Source)
	at java.base/java.lang.reflect.Method.invoke(Method.java:583)
	at org.springframework.aop.support.AopUtils.invokeJoinpointUsingReflection(AopUtils.java:354)
	at org.springframework.aop.framework.JdkDynamicAopProxy.invoke(JdkDynamicAopProxy.java:216)
	at jdk.proxy2/jdk.proxy2.$Proxy96.getDb(Unknown Source)
	at java.base/java.lang.reflect.Method.invoke(Method.java:583)
	at org.springframework.aop.support.AopUtils.invokeJoinpointUsingReflection(AopUtils.java:354)
	at org.springframework.aop.framework.JdkDynamicAopProxy.invoke(JdkDynamicAopProxy.java:216)
	at jdk.proxy2/jdk.proxy2.$Proxy96.getDb(Unknown Source)
	at java.base/java.lang.reflect.Method.invoke(Method.java:583)
	at org.springframework.aop.support.AopUtils.invokeJoinpointUsingReflection(AopUtils.java:354)
	at org.springframework.aop.framework.JdkDynamicAopProxy.invoke(JdkDynamicAopProxy.java:216)
	at jdk.proxy2/jdk.proxy2.$Proxy96.getDb(Unknown Source)
	at java.base/java.lang.reflect.Method.invoke(Method.java:583)
	at org.springframework.aop.support.AopUtils.invokeJoinpointUsingReflection(AopUtils.java:354)
	at org.springframework.aop.framework.JdkDynamicAopProxy.invoke(JdkDynamicAopProxy.java:216)
	at jdk.proxy2/jdk.proxy2.$Proxy96.getDb(Unknown Source)
	at java.base/java.lang.reflect.Method.invoke(Method.java:583)
	at org.springframework.aop.support.AopUtils.invokeJoinpointUsingReflection(AopUtils.java:354)
	at org.springframework.aop.framework.JdkDynamicAopProxy.invoke(JdkDynamicAopProxy.java:216)
	at jdk.proxy2/jdk.proxy2.$Proxy96.getDb(Unknown Source)
	at java.base/java.lang.reflect.Method.invoke(Method.java:583)
	at org.springframework.aop.support.AopUtils.invokeJoinpointUsingReflection(AopUtils.java:354)
	at org.springframework.aop.framework.JdkDynamicAopProxy.invoke(JdkDynamicAopProxy.java:216)
	at jdk.proxy2/jdk.proxy2.$Proxy96.getDb(Unknown Source)
	at java.base/java.lang.reflect.Method.invoke(Method.java:583)
	at org.springframework.aop.support.AopUtils.invokeJoinpointUsingReflection(AopUtils.java:354)
	at org.springframework.aop.framework.JdkDynamicAopProxy.invoke(JdkDynamicAopProxy.java:216)
	at jdk.proxy2/jdk.proxy2.$Proxy96.getDb(Unknown Source)
	at java.base/java.lang.reflect.Method.invoke(Method.java:583)
	at org.springframework.aop.support.AopUtils.invokeJoinpointUsingReflection(AopUtils.java:354)
	at org.springframework.aop.framework.JdkDynamicAopProxy.invoke(JdkDynamicAopProxy.java:216)
	at jdk.proxy2/jdk.proxy2.$Proxy96.getDb(Unknown Source)
	at java.base/java.lang.reflect.Method.invoke(Method.java:583)
	at org.springframework.aop.support.AopUtils.invokeJoinpointUsingReflection(AopUtils.java:354)
	at org.springframework.aop.framework.JdkDynamicAopProxy.invoke(JdkDynamicAopProxy.java:216)
	at jdk.proxy2/jdk.proxy2.$Proxy96.getDb(Unknown Source)
	at java.base/java.lang.reflect.Method.invoke(Method.java:583)
	at org.springframework.aop.support.AopUtils.invokeJoinpointUsingReflection(AopUtils.java:354)
	at org.springframework.aop.framework.JdkDynamicAopProxy.invoke(JdkDynamicAopProxy.java:216)
	at jdk.proxy2/jdk.proxy2.$Proxy96.getDb(Unknown Source)
	at java.base/java.lang.reflect.Method.invoke(Method.java:583)
	at org.springframework.aop.support.AopUtils.invokeJoinpointUsingReflection(AopUtils.java:354)
	at org.springframework.aop.framework.JdkDynamicAopProxy.invoke(JdkDynamicAopProxy.java:216)
	at jdk.proxy2/jdk.proxy2.$Proxy96.getDb(Unknown Source)
	at java.base/java.lang.reflect.Method.invoke(Method.java:583)
	at org.springframework.aop.support.AopUtils.invokeJoinpointUsingReflection(AopUtils.java:354)
	at org.springframework.aop.framework.JdkDynamicAopProxy.invoke(JdkDynamicAopProxy.java:216)
	at jdk.proxy2/jdk.proxy2.$Proxy96.getDb(Unknown Source)
	at java.base/java.lang.reflect.Method.invoke(Method.java:583)
	at org.springframework.aop.support.AopUtils.invokeJoinpointUsingReflection(AopUtils.java:354)
	at org.springframework.aop.framework.JdkDynamicAopProxy.invoke(JdkDynamicAopProxy.java:216)
	at jdk.proxy2/jdk.proxy2.$Proxy96.getDb(Unknown Source)

com.esdrasdemorais.drones.ui.DroneControllerTest.testStatusEndpoint -- Time elapsed: 0.003 s <<< ERROR!
java.lang.IllegalStateException: ApplicationContext failure threshold (1) exceeded: skipping repeated attempt to load context for [WebMergedContextConfiguration@7ac1b6c0 testClass = com.esdrasdemorais.drones.ui.DroneControllerTest, locations = [], classes = [com.esdrasdemorais.drones.SpringEurekaServerApplication], contextInitializerClasses = [], activeProfiles = [], propertySourceDescriptors = [], propertySourceProperties = ["org.springframework.boot.test.autoconfigure.web.servlet.WebMvcTestContextBootstrapper=true"], contextCustomizers = [[ImportsContextCustomizer@3a751535 key = [org.springframework.boot.autoconfigure.task.TaskExecutionAutoConfiguration, org.springframework.boot.autoconfigure.cache.CacheAutoConfiguration, org.springframework.boot.autoconfigure.web.servlet.HttpEncodingAutoConfiguration, org.springframework.boot.autoconfigure.validation.ValidationAutoConfiguration, org.springframework.boot.autoconfigure.context.MessageSourceAutoConfiguration, org.springframework.boot.autoconfigure.hateoas.HypermediaAutoConfiguration, org.springframework.boot.autoconfigure.jackson.JacksonAutoConfiguration, org.springframework.boot.autoconfigure.data.web.SpringDataWebAutoConfiguration, org.springframework.boot.test.autoconfigure.web.reactive.WebTestClientAutoConfiguration, org.springframework.boot.autoconfigure.web.servlet.error.ErrorMvcAutoConfiguration, org.springframework.boot.test.autoconfigure.web.servlet.MockMvcAutoConfiguration, org.springframework.boot.autoconfigure.security.servlet.SecurityAutoConfiguration, org.springframework.boot.autoconfigure.security.servlet.SecurityFilterAutoConfiguration, org.springframework.boot.autoconfigure.http.HttpMessageConvertersAutoConfiguration, org.springframework.boot.autoconfigure.security.oauth2.client.servlet.OAuth2ClientAutoConfiguration, org.springframework.boot.test.autoconfigure.web.servlet.MockMvcSecurityConfiguration, com.esdrasdemorais.drones.config.AppConfig, org.springframework.boot.test.autoconfigure.web.servlet.MockMvcWebClientAutoConfiguration, org.springframework.boot.test.autoconfigure.web.servlet.MockMvcWebDriverAutoConfiguration, org.springframework.boot.autoconfigure.thymeleaf.ThymeleafAutoConfiguration, org.springframework.boot.autoconfigure.gson.GsonAutoConfiguration, org.springframework.boot.autoconfigure.jsonb.JsonbAutoConfiguration, org.springframework.boot.autoconfigure.freemarker.FreeMarkerAutoConfiguration, org.springframework.boot.autoconfigure.web.servlet.WebMvcAutoConfiguration, org.springframework.boot.autoconfigure.security.servlet.UserDetailsServiceAutoConfiguration, org.springframework.boot.autoconfigure.security.oauth2.resource.servlet.OAuth2ResourceServerAutoConfiguration, org.springframework.boot.autoconfigure.groovy.template.GroovyTemplateAutoConfiguration, org.springframework.boot.autoconfigure.mustache.MustacheAutoConfiguration]], org.springframework.boot.test.context.filter.ExcludeFilterContextCustomizer@38467116, org.springframework.boot.test.json.DuplicateJsonObjectContextCustomizerFactory$DuplicateJsonObjectContextCustomizer@5fb759d6, org.springframework.boot.test.mock.mockito.MockitoContextCustomizer@4ed35a3, org.springframework.boot.test.autoconfigure.OverrideAutoConfigurationContextCustomizerFactory$DisableAutoConfigurationContextCustomizer@32ea16b7, org.springframework.boot.test.autoconfigure.actuate.observability.ObservabilityContextCustomizerFactory$DisableObservabilityContextCustomizer@1f, org.springframework.boot.test.autoconfigure.filter.TypeExcludeFiltersContextCustomizer@c2428bba, org.springframework.boot.test.autoconfigure.properties.PropertyMappingContextCustomizer@15cb2b98, org.springframework.boot.test.autoconfigure.web.servlet.WebDriverContextCustomizer@6a4f1a55, org.springframework.boot.test.context.SpringBootTestAnnotation@c2c3d3bb], resourceBasePath = "src/main/webapp", contextLoader = org.springframework.boot.test.context.SpringBootContextLoader, parent = null]
	at org.springframework.test.context.cache.DefaultCacheAwareContextLoaderDelegate.loadContext(DefaultCacheAwareContextLoaderDelegate.java:145)
	at org.springframework.test.context.support.DefaultTestContext.getApplicationContext(DefaultTestContext.java:130)
	at org.springframework.boot.test.mock.mockito.MockitoTestExecutionListener.postProcessFields(MockitoTestExecutionListener.java:122)
	at org.springframework.boot.test.mock.mockito.MockitoTestExecutionListener.injectFields(MockitoTestExecutionListener.java:106)
	at org.springframework.boot.test.mock.mockito.MockitoTestExecutionListener.prepareTestInstance(MockitoTestExecutionListener.java:63)
	at org.springframework.test.context.TestContextManager.prepareTestInstance(TestContextManager.java:260)
	at org.springframework.test.context.junit.jupiter.SpringExtension.postProcessTestInstance(SpringExtension.java:163)
	at java.base/java.util.stream.ReferencePipeline$3$1.accept(ReferencePipeline.java:214)
	at java.base/java.util.stream.ReferencePipeline$2$1.accept(ReferencePipeline.java:197)
	at java.base/java.util.ArrayList$ArrayListSpliterator.forEachRemaining(ArrayList.java:1724)
	at java.base/java.util.stream.AbstractPipeline.copyInto(AbstractPipeline.java:570)
	at java.base/java.util.stream.AbstractPipeline.wrapAndCopyInto(AbstractPipeline.java:560)
	at java.base/java.util.stream.StreamSpliterators$WrappingSpliterator.forEachRemaining(StreamSpliterators.java:315)
	at java.base/java.util.stream.Streams$ConcatSpliterator.forEachRemaining(Streams.java:735)
	at java.base/java.util.stream.Streams$ConcatSpliterator.forEachRemaining(Streams.java:734)
	at java.base/java.util.stream.ReferencePipeline$Head.forEach(ReferencePipeline.java:803)
	at java.base/java.util.Optional.orElseGet(Optional.java:368)
	at java.base/java.util.ArrayList.forEach(ArrayList.java:1612)
	at java.base/java.util.ArrayList.forEach(ArrayList.java:1612)

