<?xml version="1.0" encoding="UTF-8"?>
<testsuite xmlns:xsi="http://www.w3.org/2001/XMLSchema-instance" xsi:noNamespaceSchemaLocation="https://maven.apache.org/surefire/maven-surefire-plugin/xsd/surefire-test-report-3.0.xsd" version="3.0" name="com.esdrasdemorais.drones.jms.JmsClientTests" time="11.508" tests="2" errors="0" skipped="0" failures="1">
  <properties>
[...]
</properties>
  <testcase name="testSendAndReceiveMessage" classname="com.esdrasdemorais.drones.jms.JmsClientTests" time="0.1">
    <failure message="&#10;expected: &quot;Hello from test!&quot;&#10; but was: null" type="org.opentest4j.AssertionFailedError"><![CDATA[org.opentest4j.AssertionFailedError: 

expected: "Hello from test!"
 but was: null
	at java.base/jdk.internal.reflect.DirectConstructorHandleAccessor.newInstance(DirectConstructorHandleAccessor.java:62)
	at java.base/java.lang.reflect.Constructor.newInstanceWithCaller(Constructor.java:502)
	at com.esdrasdemorais.drones.jms.JmsClientTests.testSendAndReceiveMessage(JmsClientTests.java:49)
	at java.base/java.lang.reflect.Method.invoke(Method.java:583)
	at java.base/java.util.ArrayList.forEach(ArrayList.java:1612)
	at java.base/java.util.ArrayList.forEach(ArrayList.java:1612)
]]></failure>
    <system-out><![CDATA[2026-08-29T16:20:44.969-03:00 DEBUG 5517 --- [zuul-server] [           main] .b.t.c.SpringBootTestContextBootstrapper : Neither @ContextConfiguration nor @ContextHierarchy found for test class [JmsClientTests]: using SpringBootContextLoader
2026-08-29T16:20:44.970-03:00 DEBUG 5517 --- [zuul-server] [           main] o.s.t.c.support.AbstractContextLoader    : Could not detect default resource locations for test class [com.esdrasdemorais.drones.jms.JmsClientTests]: no resource found for suffixes {-context.xml, Context.groovy}.
2026-08-29T16:20:44.970-03:00 DEBUG 5517 --- [zuul-server] [           main] .b.t.c.SpringBootTestContextBootstrapper : Using ContextCustomizerFactory implementations for test class [JmsClientTests]: [ImportsContextCustomizerFactory, ExcludeFilterContextCustomizerFactory, HttpGraphQlTesterContextCustomizerFactory, DuplicateJsonObjectContextCustomizerFactory, MockitoContextCustomizerFactory, TestRestTemplateContextCustomizerFactory, WebTestClientContextCustomizerFactory, OverrideAutoConfigurationContextCustomizerFactory, ObservabilityContextCustomizerFactory, TypeExcludeFiltersContextCustomizerFactory, PropertyMappingContextCustomizerFactory, WebDriverContextCustomizerFactory, MockServerContainerContextCustomizerFactory, DynamicPropertiesContextCustomizerFactory]
2026-08-29T16:20:44.971-03:00 DEBUG 5517 --- [zuul-server] [           main] .b.t.c.SpringBootTestContextBootstrapper : Using ContextCustomizers for test class [JmsClientTests]: [ExcludeFilterContextCustomizer, DuplicateJsonObjectContextCustomizer, MockitoContextCustomizer, TestRestTemplateContextCustomizer, WebTestClientContextCustomizer, DisableObservabilityContextCustomizer, PropertyMappingContextCustomizer, WebDriverContextCustomizer]
2026-08-29T16:20:44.973-03:00 DEBUG 5517 --- [zuul-server] [           main] .s.t.c.u.TestContextSpringFactoriesUtils : Skipping candidate TestExecutionListener [org.springframework.test.context.observation.MicrometerObservationRegistryTestExecutionListener] due to a missing dependency. Specify custom TestExecutionListener classes or make the default TestExecutionListener classes and their required dependencies available. Offending class: io.micrometer.context.ThreadLocalAccessor. MicrometerObservationRegistryTestExecutionListener requires io.micrometer:micrometer-observation:1.10.8 or higher and io.micrometer:context-propagation:1.0.3 or higher.
2026-08-29T16:20:44.974-03:00 DEBUG 5517 --- [zuul-server] [           main] .b.t.c.SpringBootTestContextBootstrapper : Using TestExecutionListeners for test class [JmsClientTests]: [ServletTestExecutionListener, DirtiesContextBeforeModesTestExecutionListener, ApplicationEventsTestExecutionListener, MockitoTestExecutionListener, DependencyInjectionTestExecutionListener, DirtiesContextTestExecutionListener, TransactionalTestExecutionListener, SqlScriptsTestExecutionListener, EventPublishingTestExecutionListener, ResetMocksTestExecutionListener, RestDocsTestExecutionListener, MockRestServiceServerResetTestExecutionListener, MockMvcPrintOnlyOnFailureTestExecutionListener, WebDriverTestExecutionListener, MockWebServiceServerTestExecutionListener]
2026-08-29T16:20:44.974-03:00 DEBUG 5517 --- [zuul-server] [           main] sContextBeforeModesTestExecutionListener : Before test class: class [JmsClientTests], class annotated with @DirtiesContext [false] with mode [null]
2026-08-29T16:20:45.030-03:00 DEBUG 5517 --- [zuul-server] [           main] .w.r.c.ApplicationReactiveWebEnvironment : Activating profiles []
  .   ____          _            __ _ _
 /\\ / ___'_ __ _ _(_)_ __  __ _ \ \ \ \
( ( )\___ | '_ | '_| | '_ \/ _` | \ \ \ \
 \\/  ___)| |_)| | | | | || (_| |  ) ) ) )
  '  |____| .__|_| |_|_| |_\__, | / / / /
 =========|_|==============|___/=/_/_/_/

 :: Spring Boot ::                (v3.3.0)

2026-08-29T16:20:45.039-03:00  INFO 5517 --- [zuul-server] [           main] c.e.drones.jms.JmsClientTests            : Starting JmsClientTests using Java 28-ea with PID 5517 (started by root in /home/Downloads/drones)
2026-08-29T16:20:45.039-03:00 DEBUG 5517 --- [zuul-server] [           main] c.e.drones.jms.JmsClientTests            : Running with Spring Boot v3.3.0, Spring v6.1.8
2026-08-29T16:20:45.040-03:00  INFO 5517 --- [zuul-server] [           main] c.e.drones.jms.JmsClientTests            : No active profile set, falling back to 1 default profile: "default"
2026-08-29T16:20:45.040-03:00 DEBUG 5517 --- [zuul-server] [           main] o.s.boot.SpringApplication               : Loading source class com.esdrasdemorais.drones.application.JmsApplication
2026-08-29T16:20:45.041-03:00 DEBUG 5517 --- [zuul-server] [           main] r.c.GenericReactiveWebApplicationContext : Refreshing org.springframework.boot.web.reactive.context.GenericReactiveWebApplicationContext@70f8d217
2026-08-29T16:20:45.042-03:00 DEBUG 5517 --- [zuul-server] [           main] o.s.b.f.s.DefaultListableBeanFactory     : Creating shared instance of singleton bean 'org.springframework.context.annotation.internalConfigurationAnnotationProcessor'
2026-08-29T16:20:45.042-03:00 DEBUG 5517 --- [zuul-server] [           main] o.s.b.f.s.DefaultListableBeanFactory     : Creating shared instance of singleton bean 'org.springframework.boot.autoconfigure.internalCachingMetadataReaderFactory'
2026-08-29T16:20:45.047-03:00 DEBUG 5517 --- [zuul-server] [           main] o.s.c.a.ClassPathBeanDefinitionScanner   : Identified candidate component class: file [/home/Downloads/drones/target/classes/com/esdrasdemorais/drones/SpringEurekaServerApplication.class]
2026-08-29T16:20:45.048-03:00 DEBUG 5517 --- [zuul-server] [           main] o.s.c.a.ClassPathBeanDefinitionScanner   : Identified candidate component class: file [/home/Downloads/drones/target/classes/com/esdrasdemorais/drones/application/DroneApplication.class]
2026-08-29T16:20:45.048-03:00 DEBUG 5517 --- [zuul-server] [           main] o.s.c.a.ClassPathBeanDefinitionScanner   : Identified candidate component class: file [/home/Downloads/drones/target/classes/com/esdrasdemorais/drones/application/RouteApplication.class]
2026-08-29T16:20:45.049-03:00 DEBUG 5517 --- [zuul-server] [           main] o.s.c.a.ClassPathBeanDefinitionScanner   : Identified candidate component class: file [/home/Downloads/drones/target/classes/com/esdrasdemorais/drones/config/AppConfig.class]
2026-08-29T16:20:45.051-03:00 DEBUG 5517 --- [zuul-server] [           main] o.s.c.a.ClassPathBeanDefinitionScanner   : Identified candidate component class: file [/home/Downloads/drones/target/classes/com/esdrasdemorais/drones/domain/service/DroneService.class]
2026-08-29T16:20:45.052-03:00 DEBUG 5517 --- [zuul-server] [           main] o.s.c.a.ClassPathBeanDefinitionScanner   : Identified candidate component class: file [/home/Downloads/drones/target/classes/com/esdrasdemorais/drones/domain/service/RouteService.class]
2026-08-29T16:20:45.052-03:00 DEBUG 5517 --- [zuul-server] [           main] o.s.c.a.ClassPathBeanDefinitionScanner   : Ignored because not a concrete top-level class: file [/home/Downloads/drones/target/classes/com/esdrasdemorais/drones/domain/service/interfaces/IDroneService.class]
2026-08-29T16:20:45.052-03:00 DEBUG 5517 --- [zuul-server] [           main] o.s.c.a.ClassPathBeanDefinitionScanner   : Identified candidate component class: file [/home/Downloads/drones/target/classes/com/esdrasdemorais/drones/infrastructure/DroneRepository.class]
2026-08-29T16:20:45.053-03:00 DEBUG 5517 --- [zuul-server] [           main] o.s.c.a.ClassPathBeanDefinitionScanner   : Identified candidate component class: file [/home/Downloads/drones/target/classes/com/esdrasdemorais/drones/jms/Consumer.class]
2026-08-29T16:20:45.053-03:00 DEBUG 5517 --- [zuul-server] [           main] o.s.c.a.ClassPathBeanDefinitionScanner   : Identified candidate component class: file [/home/Downloads/drones/target/classes/com/esdrasdemorais/drones/jms/JmsClient.class]
2026-08-29T16:20:45.053-03:00 DEBUG 5517 --- [zuul-server] [           main] o.s.c.a.ClassPathBeanDefinitionScanner   : Identified candidate component class: file [/home/Downloads/drones/target/classes/com/esdrasdemorais/drones/jms/JmsConfig.class]
2026-08-29T16:20:45.054-03:00 DEBUG 5517 --- [zuul-server] [           main] o.s.c.a.ClassPathBeanDefinitionScanner   : Identified candidate component class: file [/home/Downloads/drones/target/classes/com/esdrasdemorais/drones/jms/Producer.class]
2026-08-29T16:20:45.054-03:00 DEBUG 5517 --- [zuul-server] [           main] o.s.c.a.ClassPathBeanDefinitionScanner   : Identified candidate component class: file [/home/Downloads/drones/target/classes/com/esdrasdemorais/drones/ui/DroneController.class]
2026-08-29T16:20:45.055-03:00 DEBUG 5517 --- [zuul-server] [           main] o.s.c.a.ClassPathBeanDefinitionScanner   : Identified candidate component class: file [/home/Downloads/drones/target/classes/com/esdrasdemorais/drones/ui/RouteController.class]
2026-08-29T16:20:45.057-03:00 DEBUG 5517 --- [zuul-server] [           main] o.s.c.a.ClassPathBeanDefinitionScanner   : Identified candidate component class: file [/home/Downloads/drones/target/classes/com/esdrasdemorais/drones/jms/Consumer.class]
2026-08-29T16:20:45.057-03:00 DEBUG 5517 --- [zuul-server] [           main] o.s.c.a.ClassPathBeanDefinitionScanner   : Identified candidate component class: file [/home/Downloads/drones/target/classes/com/esdrasdemorais/drones/jms/JmsClient.class]
2026-08-29T16:20:45.057-03:00 DEBUG 5517 --- [zuul-server] [           main] o.s.c.a.ClassPathBeanDefinitionScanner   : Identified candidate component class: file [/home/Downloads/drones/target/classes/com/esdrasdemorais/drones/jms/JmsConfig.class]
2026-08-29T16:20:45.057-03:00 DEBUG 5517 --- [zuul-server] [           main] o.s.c.a.ClassPathBeanDefinitionScanner   : Identified candidate component class: file [/home/Downloads/drones/target/classes/com/esdrasdemorais/drones/jms/Producer.class]
2026-08-29T16:20:45.061-03:00 DEBUG 5517 --- [zuul-server] [           main] o.s.c.a.ClassPathBeanDefinitionScanner   : Identified candidate component class: file [/home/Downloads/drones/target/classes/com/esdrasdemorais/drones/application/DroneApplication.class]
2026-08-29T16:20:45.061-03:00 DEBUG 5517 --- [zuul-server] [           main] o.s.c.a.ClassPathBeanDefinitionScanner   : Identified candidate component class: file [/home/Downloads/drones/target/classes/com/esdrasdemorais/drones/application/JmsApplication.class]
2026-08-29T16:20:45.061-03:00 DEBUG 5517 --- [zuul-server] [           main] o.s.c.a.ClassPathBeanDefinitionScanner   : Identified candidate component class: file [/home/Downloads/drones/target/classes/com/esdrasdemorais/drones/application/RouteApplication.class]
2026-08-29T16:20:45.061-03:00 DEBUG 5517 --- [zuul-server] [           main] o.s.c.a.ClassPathBeanDefinitionScanner   : Identified candidate component class: file [/home/Downloads/drones/target/classes/com/esdrasdemorais/drones/config/AppConfig.class]
2026-08-29T16:20:45.061-03:00 DEBUG 5517 --- [zuul-server] [           main] o.s.c.a.ClassPathBeanDefinitionScanner   : Identified candidate component class: file [/home/Downloads/drones/target/classes/com/esdrasdemorais/drones/domain/service/DroneService.class]
2026-08-29T16:20:45.061-03:00 DEBUG 5517 --- [zuul-server] [           main] o.s.c.a.ClassPathBeanDefinitionScanner   : Identified candidate component class: file [/home/Downloads/drones/target/classes/com/esdrasdemorais/drones/domain/service/RouteService.class]
2026-08-29T16:20:45.061-03:00 DEBUG 5517 --- [zuul-server] [           main] o.s.c.a.ClassPathBeanDefinitionScanner   : Ignored because not a concrete top-level class: file [/home/Downloads/drones/target/classes/com/esdrasdemorais/drones/domain/service/interfaces/IDroneService.class]
2026-08-29T16:20:45.061-03:00 DEBUG 5517 --- [zuul-server] [           main] o.s.c.a.ClassPathBeanDefinitionScanner   : Identified candidate component class: file [/home/Downloads/drones/target/classes/com/esdrasdemorais/drones/infrastructure/DroneRepository.class]
2026-08-29T16:20:45.062-03:00 DEBUG 5517 --- [zuul-server] [           main] o.s.c.a.ClassPathBeanDefinitionScanner   : Identified candidate component class: file [/home/Downloads/drones/target/classes/com/esdrasdemorais/drones/jms/Consumer.class]
2026-08-29T16:20:45.062-03:00 DEBUG 5517 --- [zuul-server] [           main] o.s.c.a.ClassPathBeanDefinitionScanner   : Identified candidate component class: file [/home/Downloads/drones/target/classes/com/esdrasdemorais/drones/jms/JmsClient.class]
2026-08-29T16:20:45.062-03:00 DEBUG 5517 --- [zuul-server] [           main] o.s.c.a.ClassPathBeanDefinitionScanner   : Identified candidate component class: file [/home/Downloads/drones/target/classes/com/esdrasdemorais/drones/jms/JmsConfig.class]
2026-08-29T16:20:45.062-03:00 DEBUG 5517 --- [zuul-server] [           main] o.s.c.a.ClassPathBeanDefinitionScanner   : Identified candidate component class: file [/home/Downloads/drones/target/classes/com/esdrasdemorais/drones/jms/Producer.class]
2026-08-29T16:20:45.062-03:00 DEBUG 5517 --- [zuul-server] [           main] o.s.c.a.ClassPathBeanDefinitionScanner   : Identified candidate component class: file [/home/Downloads/drones/target/classes/com/esdrasdemorais/drones/ui/DroneController.class]
2026-08-29T16:20:45.062-03:00 DEBUG 5517 --- [zuul-server] [           main] o.s.c.a.ClassPathBeanDefinitionScanner   : Identified candidate component class: file [/home/Downloads/drones/target/classes/com/esdrasdemorais/drones/ui/RouteController.class]
2026-08-29T16:20:45.320-03:00 DEBUG 5517 --- [zuul-server] [           main] o.s.b.f.s.DefaultListableBeanFactory     : Creating shared instance of singleton bean 'refreshScope'
2026-08-29T16:20:45.321-03:00 DEBUG 5517 --- [zuul-server] [           main] o.s.b.f.s.DefaultListableBeanFactory     : Creating shared instance of singleton bean 'org.springframework.cloud.autoconfigure.RefreshAutoConfiguration$RefreshScopeBeanDefinitionEnhancer'
2026-08-29T16:20:45.324-03:00 DEBUG 5517 --- [zuul-server] [           main] o.s.cloud.context.scope.GenericScope     : Generating bean factory id from names: [adaptCachedBodyGlobalFilter, addRequestHeaderGatewayFilterFactory, addRequestHeadersIfNotPresentGatewayFilterFactory, addRequestParameterGatewayFilterFactory, addResponseHeaderGatewayFilterFactory, afterRoutePredicateFactory, appConfig, applicationAvailability, applicationTaskExecutor, beforeRoutePredicateFactory, betweenRoutePredicateFactory, blockingLoadBalancerClient, cacheRequestBodyGatewayFilterFactory, cachedCompositeRouteLocator, caffeineWarnLogger, cloudFoundryRouteServiceRoutePredicateFactory, compositeCompatibilityVerifier, compositeDiscoveryClient, configDataContextRefresher, configurableHintsRegistrationProcessor, configurationPropertiesBeans, configurationPropertiesRebinder, connectionFactory, consumer, context, cookieRoutePredicateFactory, corsGatewayFilterApplicationListener, dedupeResponseHeaderGatewayFilterFactory, default.org.springframework.cloud.loadbalancer.config.BlockingLoadBalancerClientAutoConfiguration.LoadBalancerClientSpecification, default.org.springframework.cloud.loadbalancer.config.LoadBalancerAutoConfiguration.LoadBalancerClientSpecification, default.org.springframework.cloud.netflix.eureka.loadbalancer.LoadBalancerEurekaAutoConfiguration.LoadBalancerClientSpecification, defaultCodecCustomizer, defaultEurekaClientHttpRequestFactorySupplier, defaultLoadBalancerCacheManager, defaultPartHttpMessageReaderCustomizer, defaultValidator, defaultsBindHandlerAdvisor, deferringLoadBalancerInterceptor, deprecatedKeyValueConverter, discoveryClient, discoveryLocatorProperties, droneApplication, droneController, droneRepository, droneService, environmentManager, errorAttributes, errorWebExceptionHandler, eureka.client.rest-template-timeout-org.springframework.cloud.netflix.eureka.RestTemplateTimeoutProperties, eurekaApplicationInfoManager, eurekaAutoServiceRegistration, eurekaClient, eurekaClientConfigBean, eurekaFeature, eurekaInstanceConfigBean, eurekaLoadBalancerProperties, eurekaReactiveDiscoveryClient, eurekaRegistration, eurekaServiceRegistry, exchangeStrategiesCustomizer, fileWatcher, filteringWebHandler, forceAutoProxyCreatorToUseClassProxying, forwardPathFilter, forwardRoutingFilter, forwardedHeadersFilter, gRPCRequestHeadersFilter, gRPCResponseHeadersFilter, gatewayConfigurationService, gatewayHttpClientFactory, gatewayLoadBalancerClientFilter, gatewayProperties, globalCorsProperties, gson, gsonBuilder, gzipMessageBodyResolver, handlerFunctionAdapter, headerRoutePredicateFactory, hostRoutePredicateFactory, httpClientProperties, httpClientSslConfigurer, httpHandler, inMemoryRouteDefinitionRepository, inetUtils, inetUtilsProperties, jacksonCodecCustomizer, jacksonObjectMapper, jacksonObjectMapperBuilder, jmsApplication, jmsClient, jmsConfig, jmsListenerContainerFactory, jmsListenerContainerFactoryConfigurer, jmsMessagingTemplate, jmsTemplate, jsonComponentModule, jsonMixinModule, jsonMixinModuleEntries, keyValueConverter, lbRestClientPostProcessor, lifecycleProcessor, loadBalancedRestTemplateInitializerDeprecated, loadBalancerChildContextInitializer, loadBalancerClientFactory, loadBalancerClientsDefaultsMappingsProvider, loadBalancerEagerContextInitializer, loadBalancerExchangeFilterFunction, loadBalancerInterceptor, loadBalancerRequestFactory, loadBalancerServiceInstanceCookieFilter, loadBalancerServiceInstanceCookieTransformer, loadBalancerWebClientBuilderBeanPostProcessor, localeContextResolver, loggingRebinder, mapRequestHeaderGatewayFilterFactory, methodRoutePredicateFactory, methodValidationPostProcessor, modifyRequestBodyGatewayFilterFactory, modifyResponseBodyGatewayFilterFactory, mongo, mongoClientSettings, mongoConnectionDetails, nettyWebServerFactoryCustomizer, nettyWriteResponseFilter, org.springframework.boot.autoconfigure.AutoConfigurationPackages, org.springframework.boot.autoconfigure.aop.AopAutoConfiguration, org.springframework.boot.autoconfigure.aop.AopAutoConfiguration$ClassProxyingConfiguration, org.springframework.boot.autoconfigure.availability.ApplicationAvailabilityAutoConfiguration, org.springframework.boot.autoconfigure.context.ConfigurationPropertiesAutoConfiguration, org.springframework.boot.autoconfigure.context.LifecycleAutoConfiguration, org.springframework.boot.autoconfigure.context.PropertyPlaceholderAutoConfiguration, org.springframework.boot.autoconfigure.dao.PersistenceExceptionTranslationAutoConfiguration, org.springframework.boot.autoconfigure.gson.GsonAutoConfiguration, org.springframework.boot.autoconfigure.http.codec.CodecsAutoConfiguration, org.springframework.boot.autoconfigure.http.codec.CodecsAutoConfiguration$DefaultCodecsConfiguration, org.springframework.boot.autoconfigure.http.codec.CodecsAutoConfiguration$JacksonCodecConfiguration, org.springframework.boot.autoconfigure.info.ProjectInfoAutoConfiguration, org.springframework.boot.autoconfigure.internalCachingMetadataReaderFactory, org.springframework.boot.autoconfigure.jackson.JacksonAutoConfiguration, org.springframework.boot.autoconfigure.jackson.JacksonAutoConfiguration$Jackson2ObjectMapperBuilderCustomizerConfiguration, org.springframework.boot.autoconfigure.jackson.JacksonAutoConfiguration$JacksonMixinConfiguration, org.springframework.boot.autoconfigure.jackson.JacksonAutoConfiguration$JacksonObjectMapperBuilderConfiguration, org.springframework.boot.autoconfigure.jackson.JacksonAutoConfiguration$JacksonObjectMapperConfiguration, org.springframework.boot.autoconfigure.jackson.JacksonAutoConfiguration$ParameterNamesModuleConfiguration, org.springframework.boot.autoconfigure.jms.JmsAnnotationDrivenConfiguration, org.springframework.boot.autoconfigure.jms.JmsAutoConfiguration, org.springframework.boot.autoconfigure.jms.JmsAutoConfiguration$JmsTemplateConfiguration, org.springframework.boot.autoconfigure.jms.JmsAutoConfiguration$MessagingTemplateConfiguration, org.springframework.boot.autoconfigure.mongo.MongoAutoConfiguration, org.springframework.boot.autoconfigure.mongo.MongoAutoConfiguration$MongoClientSettingsConfiguration, org.springframework.boot.autoconfigure.netty.NettyAutoConfiguration, org.springframework.boot.autoconfigure.reactor.ReactorAutoConfiguration, org.springframework.boot.autoconfigure.reactor.netty.ReactorNettyConfigurations$ReactorResourceFactoryConfiguration, org.springframework.boot.autoconfigure.sql.init.SqlInitializationAutoConfiguration, org.springframework.boot.autoconfigure.ssl.SslAutoConfiguration, org.springframework.boot.autoconfigure.task.TaskExecutionAutoConfiguration, org.springframework.boot.autoconfigure.task.TaskExecutorConfigurations$SimpleAsyncTaskExecutorBuilderConfiguration, org.springframework.boot.autoconfigure.task.TaskExecutorConfigurations$TaskExecutorBuilderConfiguration, org.springframework.boot.autoconfigure.task.TaskExecutorConfigurations$TaskExecutorConfiguration, org.springframework.boot.autoconfigure.task.TaskExecutorConfigurations$ThreadPoolTaskExecutorBuilderConfiguration, org.springframework.boot.autoconfigure.task.TaskSchedulingAutoConfiguration, org.springframework.boot.autoconfigure.task.TaskSchedulingConfigurations$SimpleAsyncTaskSchedulerBuilderConfiguration, org.springframework.boot.autoconfigure.task.TaskSchedulingConfigurations$TaskSchedulerBuilderConfiguration, org.springframework.boot.autoconfigure.task.TaskSchedulingConfigurations$TaskSchedulerConfiguration, org.springframework.boot.autoconfigure.task.TaskSchedulingConfigurations$ThreadPoolTaskSchedulerBuilderConfiguration, org.springframework.boot.autoconfigure.transaction.TransactionAutoConfiguration, org.springframework.boot.autoconfigure.transaction.TransactionManagerCustomizationAutoConfiguration, org.springframework.boot.autoconfigure.validation.ValidationAutoConfiguration, org.springframework.boot.autoconfigure.web.embedded.EmbeddedWebServerFactoryCustomizerAutoConfiguration, org.springframework.boot.autoconfigure.web.embedded.EmbeddedWebServerFactoryCustomizerAutoConfiguration$NettyWebServerFactoryCustomizerConfiguration, org.springframework.boot.autoconfigure.web.embedded.EmbeddedWebServerFactoryCustomizerAutoConfiguration$TomcatWebServerFactoryCustomizerConfiguration, org.springframework.boot.autoconfigure.web.reactive.HttpHandlerAutoConfiguration, org.springframework.boot.autoconfigure.web.reactive.HttpHandlerAutoConfiguration$AnnotationConfig, org.springframework.boot.autoconfigure.web.reactive.ReactiveMultipartAutoConfiguration, org.springframework.boot.autoconfigure.web.reactive.ReactiveWebServerFactoryAutoConfiguration, org.springframework.boot.autoconfigure.web.reactive.ReactiveWebServerFactoryConfiguration$EmbeddedTomcat, org.springframework.boot.autoconfigure.web.reactive.WebFluxAutoConfiguration, org.springframework.boot.autoconfigure.web.reactive.WebFluxAutoConfiguration$EnableWebFluxConfiguration, org.springframework.boot.autoconfigure.web.reactive.WebFluxAutoConfiguration$WebFluxConfig, org.springframework.boot.autoconfigure.web.reactive.WebFluxAutoConfiguration$WelcomePageConfiguration, org.springframework.boot.autoconfigure.web.reactive.WebSessionIdResolverAutoConfiguration, org.springframework.boot.autoconfigure.web.reactive.error.ErrorWebFluxAutoConfiguration, org.springframework.boot.autoconfigure.web.reactive.function.client.ClientHttpConnectorAutoConfiguration, org.springframework.boot.autoconfigure.web.reactive.function.client.ClientHttpConnectorFactoryConfiguration$ReactorNetty, org.springframework.boot.autoconfigure.web.reactive.function.client.WebClientAutoConfiguration, org.springframework.boot.autoconfigure.web.reactive.function.client.WebClientAutoConfiguration$WebClientCodecsConfiguration, org.springframework.boot.autoconfigure.websocket.reactive.WebSocketReactiveAutoConfiguration, org.springframework.boot.autoconfigure.websocket.reactive.WebSocketReactiveAutoConfiguration$TomcatWebSocketConfiguration, org.springframework.boot.context.internalConfigurationPropertiesBinder, org.springframework.boot.context.properties.BoundConfigurationProperties, org.springframework.boot.context.properties.ConfigurationPropertiesBindingPostProcessor, org.springframework.boot.context.properties.EnableConfigurationPropertiesRegistrar.methodValidationExcludeFilter, org.springframework.boot.sql.init.dependency.DatabaseInitializationDependencyConfigurer$DependsOnDatabaseInitializationPostProcessor, org.springframework.boot.test.mock.mockito.MockitoPostProcessor, org.springframework.boot.test.mock.mockito.MockitoPostProcessor$SpyPostProcessor, org.springframework.cloud.autoconfigure.ConfigurationPropertiesRebinderAutoConfiguration, org.springframework.cloud.autoconfigure.LifecycleMvcEndpointAutoConfiguration, org.springframework.cloud.autoconfigure.RefreshAutoConfiguration, org.springframework.cloud.autoconfigure.RefreshAutoConfiguration$RefreshScopeBeanDefinitionEnhancer, org.springframework.cloud.client.CommonsClientAutoConfiguration, org.springframework.cloud.client.ReactiveCommonsClientAutoConfiguration, org.springframework.cloud.client.discovery.composite.CompositeDiscoveryClientAutoConfiguration, org.springframework.cloud.client.discovery.composite.reactive.ReactiveCompositeDiscoveryClientAutoConfiguration, org.springframework.cloud.client.discovery.simple.SimpleDiscoveryClientAutoConfiguration, org.springframework.cloud.client.discovery.simple.reactive.SimpleReactiveDiscoveryClientAutoConfiguration, org.springframework.cloud.client.loadbalancer.LoadBalancerAutoConfiguration, org.springframework.cloud.client.loadbalancer.LoadBalancerAutoConfiguration$DeferringLoadBalancerInterceptorConfig, org.springframework.cloud.client.loadbalancer.LoadBalancerAutoConfiguration$LoadBalancerInterceptorConfig, org.springframework.cloud.client.loadbalancer.LoadBalancerDefaultMappingsProviderAutoConfiguration, org.springframework.cloud.client.loadbalancer.reactive.LoadBalancerBeanPostProcessorAutoConfiguration, org.springframework.cloud.client.loadbalancer.reactive.LoadBalancerBeanPostProcessorAutoConfiguration$ReactorDeferringLoadBalancerFilterConfig, org.springframework.cloud.client.loadbalancer.reactive.ReactorLoadBalancerClientAutoConfiguration, org.springframework.cloud.client.serviceregistry.AutoServiceRegistrationAutoConfiguration, org.springframework.cloud.client.serviceregistry.AutoServiceRegistrationConfiguration, org.springframework.cloud.client.serviceregistry.ServiceRegistryAutoConfiguration, org.springframework.cloud.commons.config.CommonsConfigAutoConfiguration, org.springframework.cloud.commons.util.UtilAutoConfiguration, org.springframework.cloud.configuration.CompatibilityVerifierAutoConfiguration, org.springframework.cloud.gateway.config.GatewayAutoConfiguration, org.springframework.cloud.gateway.config.GatewayAutoConfiguration$NettyConfiguration, org.springframework.cloud.gateway.config.GatewayClassPathWarningAutoConfiguration, org.springframework.cloud.gateway.config.GatewayReactiveLoadBalancerClientAutoConfiguration, org.springframework.cloud.gateway.discovery.GatewayDiscoveryClientAutoConfiguration, org.springframework.cloud.gateway.discovery.GatewayDiscoveryClientAutoConfiguration$ReactiveDiscoveryClientRouteDefinitionLocatorConfiguration, org.springframework.cloud.loadbalancer.config.BlockingLoadBalancerClientAutoConfiguration, org.springframework.cloud.loadbalancer.config.LoadBalancerAutoConfiguration, org.springframework.cloud.loadbalancer.config.LoadBalancerCacheAutoConfiguration, org.springframework.cloud.loadbalancer.config.LoadBalancerCacheAutoConfiguration$DefaultLoadBalancerCacheManagerConfiguration, org.springframework.cloud.loadbalancer.config.LoadBalancerCacheAutoConfiguration$LoadBalancerCacheManagerWarnConfiguration, org.springframework.cloud.netflix.eureka.EurekaClientAutoConfiguration, org.springframework.cloud.netflix.eureka.EurekaClientAutoConfiguration$RefreshableEurekaClientConfiguration, org.springframework.cloud.netflix.eureka.EurekaDiscoveryClientConfiguration, org.springframework.cloud.netflix.eureka.EurekaDiscoveryClientConfiguration$EurekaClientConfigurationRefresher, org.springframework.cloud.netflix.eureka.config.DiscoveryClientOptionalArgsConfiguration, org.springframework.cloud.netflix.eureka.loadbalancer.LoadBalancerEurekaAutoConfiguration, org.springframework.cloud.netflix.eureka.reactive.EurekaReactiveDiscoveryClientConfiguration, org.springframework.context.annotation.internalAutowiredAnnotationProcessor, org.springframework.context.annotation.internalCommonAnnotationProcessor, org.springframework.context.annotation.internalConfigurationAnnotationProcessor, org.springframework.context.annotation.internalScheduledAnnotationProcessor, org.springframework.context.event.internalEventListenerFactory, org.springframework.context.event.internalEventListenerProcessor, org.springframework.jms.annotation.JmsBootstrapConfiguration, org.springframework.jms.config.internalJmsListenerAnnotationProcessor, org.springframework.jms.config.internalJmsListenerEndpointRegistry, org.springframework.scheduling.annotation.SchedulingConfiguration, parameterNamesModule, pathRoutePredicateFactory, persistenceExceptionTranslationPostProcessor, platformTransactionManagerCustomizers, prefixPathGatewayFilterFactory, preserveHostHeaderGatewayFilterFactory, primaryClient, producer, propertiesRouteDefinitionLocator, propertySourcesPlaceholderConfigurer, queryRoutePredicateFactory, reactiveCompositeDiscoveryClient, reactiveWebServerFactoryCustomizer, reactorClientHttpConnectorFactory, reactorDeferringLoadBalancerExchangeFilterFunction, reactorNettyRequestUpgradeStrategy, reactorNettyWebSocketClient, reactorResourceFactory, readBodyPredicateFactory, redirectToGatewayFilterFactory, refreshEventListener, refreshScope, refreshScopeLifecycle, remoteAddrRoutePredicateFactory, removeCachedBodyFilter, removeHopByHopHeadersFilter, removeJsonAttributesResponseBodyGatewayFilterFactory, removeRequestHeaderGatewayFilterFactory, removeRequestParameterGatewayFilterFactory, removeResponseHeaderGatewayFilterFactory, requestHeaderSizeGatewayFilterFactory, requestHeaderToRequestUriGatewayFilterFactory, requestMappingHandlerAdapter, requestMappingHandlerMapping, requestSizeGatewayFilterFactory, resourceHandlerMapping, resourceUrlProvider, responseBodyResultHandler, responseEntityResultHandler, responseStatusExceptionHandler, restTemplate, restTemplateCustomizer, restTemplateDiscoveryClientOptionalArgs, restTemplateTransportClientFactories, retryGatewayFilterFactory, rewriteLocationResponseHeaderGatewayFilterFactory, rewritePathGatewayFilterFactory, rewriteRequestParameterGatewayFilterFactory, rewriteResponseHeaderGatewayFilterFactory, routeApplication, routeController, routeDefinitionLocator, routeDefinitionRouteLocator, routeLocatorBuilder, routePredicateHandlerMapping, routeRefreshListener, routeService, routeToRequestUrlFilter, routerFunctionMapping, routingFilter, saveSessionGatewayFilterFactory, scheduledBeanLazyInitializationExcludeFilter, scopedTarget.eurekaApplicationInfoManager, scopedTarget.eurekaClient, scopedTarget.eurekaRegistration, secureHeadersGatewayFilterFactory, secureHeadersProperties, server-org.springframework.boot.autoconfigure.web.ServerProperties, serverCodecConfigurer, serverResponseResultHandler, serviceManagementMetadataProvider, setPathGatewayFilterFactory, setRequestHeaderGatewayFilterFactory, setRequestHostHeaderGatewayFilterFactory, setResponseHeaderGatewayFilterFactory, setStatusGatewayFilterFactory, simpleAsyncTaskExecutorBuilder, simpleAsyncTaskSchedulerBuilder, simpleDiscoveryClient, simpleDiscoveryProperties, simpleHandlerAdapter, simpleReactiveDiscoveryClient, simpleReactiveDiscoveryProperties, sleuthPresentVerifier, spring.cloud.compatibility-verifier-org.springframework.cloud.configuration.CompatibilityVerifierProperties, spring.cloud.discovery.client.health-indicator-org.springframework.cloud.client.discovery.health.DiscoveryClientHealthIndicatorProperties, spring.cloud.gateway.loadbalancer-org.springframework.cloud.gateway.config.GatewayLoadBalancerProperties, spring.cloud.loadbalancer-org.springframework.cloud.client.loadbalancer.LoadBalancerClientsProperties, spring.cloud.loadbalancer.cache-org.springframework.cloud.loadbalancer.cache.LoadBalancerCacheProperties, spring.cloud.loadbalancer.eager-load-org.springframework.cloud.client.loadbalancer.LoadBalancerEagerLoadProperties, spring.cloud.refresh-org.springframework.cloud.autoconfigure.RefreshAutoConfiguration$RefreshProperties, spring.cloud.service-registry.auto-registration-org.springframework.cloud.client.serviceregistry.AutoServiceRegistrationProperties, spring.codec-org.springframework.boot.autoconfigure.codec.CodecProperties, spring.data.mongodb-org.springframework.boot.autoconfigure.mongo.MongoProperties, spring.gson-org.springframework.boot.autoconfigure.gson.GsonProperties, spring.info-org.springframework.boot.autoconfigure.info.ProjectInfoProperties, spring.jackson-org.springframework.boot.autoconfigure.jackson.JacksonProperties, spring.jms-org.springframework.boot.autoconfigure.jms.JmsProperties, spring.lifecycle-org.springframework.boot.autoconfigure.context.LifecycleProperties, spring.netty-org.springframework.boot.autoconfigure.netty.NettyProperties, spring.reactor-org.springframework.boot.autoconfigure.reactor.ReactorProperties, spring.reactor.netty-org.springframework.boot.autoconfigure.reactor.netty.ReactorNettyProperties, spring.sql.init-org.springframework.boot.autoconfigure.sql.init.SqlInitializationProperties, spring.ssl-org.springframework.boot.autoconfigure.ssl.SslProperties, spring.task.execution-org.springframework.boot.autoconfigure.task.TaskExecutionProperties, spring.task.scheduling-org.springframework.boot.autoconfigure.task.TaskSchedulingProperties, spring.transaction-org.springframework.boot.autoconfigure.transaction.TransactionProperties, spring.web-org.springframework.boot.autoconfigure.web.WebProperties, spring.webflux-org.springframework.boot.autoconfigure.web.reactive.WebFluxProperties, spring.webflux.multipart-org.springframework.boot.autoconfigure.web.reactive.ReactiveMultipartProperties, springBootVersionVerifier, springEurekaServerApplication, sslBundleRegistry, sslPropertiesSslBundleRegistrar, standardGsonBuilderCustomizer, standardJacksonObjectMapperBuilderCustomizer, standardMongoSettingsCustomizer, stringToZonedDateTimeConverter, stripPrefixGatewayFilterFactory, taskExecutorBuilder, taskScheduler, taskSchedulerBuilder, threadPoolTaskExecutorBuilder, threadPoolTaskSchedulerBuilder, tlsProperties, tomcatReactiveWebServerFactory, tomcatReactiveWebServerFactoryCustomizer, tomcatWebServerFactoryCustomizer, transactionExecutionListeners, transferEncodingNormalizationHeadersFilter, viewResolutionResultHandler, webClientBuilder, webClientHttpConnector, webClientHttpConnectorCustomizer, webClientSsl, webFluxAdapterRegistry, webFluxContentTypeResolver, webFluxConversionService, webFluxValidator, webFluxWebSocketHandlerAdapter, webHandler, webServerFactoryCustomizerBeanPostProcessor, webSessionIdResolver, webSessionManager, webSocketService, websocketReactiveWebServerCustomizer, websocketRoutingFilter, weightCalculatorWebFilter, weightRoutePredicateFactory, welcomePageRouterFunctionMapping, xForwardedHeadersFilter, xForwardedRemoteAddrRoutePredicateFactory, xForwarderHeadersTransformer, zoneConfig]
2026-08-29T16:20:45.326-03:00  INFO 5517 --- [zuul-server] [           main] o.s.cloud.context.scope.GenericScope     : BeanFactory id=f39f8a88-3b76-384e-985c-83094db70b65
2026-08-29T16:20:45.326-03:00 DEBUG 5517 --- [zuul-server] [           main] o.s.b.f.s.DefaultListableBeanFactory     : Creating shared instance of singleton bean 'propertySourcesPlaceholderConfigurer'
2026-08-29T16:20:45.327-03:00 DEBUG 5517 --- [zuul-server] [           main] o.s.b.f.s.DefaultListableBeanFactory     : Creating shared instance of singleton bean 'org.springframework.boot.test.mock.mockito.MockitoPostProcessor'
2026-08-29T16:20:45.328-03:00 DEBUG 5517 --- [zuul-server] [           main] o.s.b.f.s.DefaultListableBeanFactory     : Creating shared instance of singleton bean 'org.springframework.boot.sql.init.dependency.DatabaseInitializationDependencyConfigurer$DependsOnDatabaseInitializationPostProcessor'
2026-08-29T16:20:45.560-03:00 DEBUG 5517 --- [zuul-server] [           main] o.s.b.f.s.DefaultListableBeanFactory     : Creating shared instance of singleton bean 'org.springframework.context.event.internalEventListenerProcessor'
2026-08-29T16:20:45.561-03:00 DEBUG 5517 --- [zuul-server] [           main] o.s.b.f.s.DefaultListableBeanFactory     : Creating shared instance of singleton bean 'forceAutoProxyCreatorToUseClassProxying'
2026-08-29T16:20:45.565-03:00 DEBUG 5517 --- [zuul-server] [           main] o.s.b.f.s.DefaultListableBeanFactory     : Creating shared instance of singleton bean 'org.springframework.context.event.internalEventListenerFactory'
2026-08-29T16:20:45.572-03:00 DEBUG 5517 --- [zuul-server] [           main] o.s.b.f.s.DefaultListableBeanFactory     : Creating shared instance of singleton bean 'org.springframework.boot.test.mock.mockito.MockitoPostProcessor$SpyPostProcessor'
2026-08-29T16:20:45.573-03:00 DEBUG 5517 --- [zuul-server] [           main] o.s.b.f.s.DefaultListableBeanFactory     : Creating shared instance of singleton bean 'org.springframework.context.annotation.internalAutowiredAnnotationProcessor'
2026-08-29T16:20:45.574-03:00 DEBUG 5517 --- [zuul-server] [           main] o.s.b.f.s.DefaultListableBeanFactory     : Creating shared instance of singleton bean 'org.springframework.context.annotation.internalCommonAnnotationProcessor'
2026-08-29T16:20:45.575-03:00 DEBUG 5517 --- [zuul-server] [           main] o.s.b.f.s.DefaultListableBeanFactory     : Creating shared instance of singleton bean 'org.springframework.boot.context.properties.ConfigurationPropertiesBindingPostProcessor'
2026-08-29T16:20:45.575-03:00 DEBUG 5517 --- [zuul-server] [           main] o.s.b.f.s.DefaultListableBeanFactory     : Creating shared instance of singleton bean 'org.springframework.boot.context.internalConfigurationPropertiesBinder'
2026-08-29T16:20:45.576-03:00 DEBUG 5517 --- [zuul-server] [           main] o.s.b.f.s.DefaultListableBeanFactory     : Creating shared instance of singleton bean 'org.springframework.jms.config.internalJmsListenerAnnotationProcessor'
2026-08-29T16:20:45.577-03:00 DEBUG 5517 --- [zuul-server] [           main] o.s.b.f.s.DefaultListableBeanFactory     : Creating shared instance of singleton bean 'org.springframework.jms.annotation.JmsBootstrapConfiguration'
2026-08-29T16:20:45.579-03:00 DEBUG 5517 --- [zuul-server] [           main] o.s.b.f.s.DefaultListableBeanFactory     : Creating shared instance of singleton bean 'org.springframework.context.annotation.internalScheduledAnnotationProcessor'
2026-08-29T16:20:45.579-03:00 DEBUG 5517 --- [zuul-server] [           main] o.s.b.f.s.DefaultListableBeanFactory     : Creating shared instance of singleton bean 'org.springframework.scheduling.annotation.SchedulingConfiguration'
2026-08-29T16:20:45.581-03:00 DEBUG 5517 --- [zuul-server] [           main] o.s.b.f.s.DefaultListableBeanFactory     : Creating shared instance of singleton bean 'methodValidationPostProcessor'
2026-08-29T16:20:45.583-03:00 DEBUG 5517 --- [zuul-server] [           main] o.s.b.f.s.DefaultListableBeanFactory     : Autowiring by type from bean name 'methodValidationPostProcessor' via factory method to bean named 'environment'
2026-08-29T16:20:45.584-03:00 DEBUG 5517 --- [zuul-server] [           main] o.s.b.f.s.DefaultListableBeanFactory     : Creating shared instance of singleton bean 'org.springframework.boot.context.properties.EnableConfigurationPropertiesRegistrar.methodValidationExcludeFilter'
2026-08-29T16:20:45.588-03:00 DEBUG 5517 --- [zuul-server] [           main] o.s.b.f.s.DefaultListableBeanFactory     : Creating shared instance of singleton bean 'persistenceExceptionTranslationPostProcessor'
2026-08-29T16:20:45.590-03:00 DEBUG 5517 --- [zuul-server] [           main] o.s.b.f.s.DefaultListableBeanFactory     : Autowiring by type from bean name 'persistenceExceptionTranslationPostProcessor' via factory method to bean named 'environment'
2026-08-29T16:20:45.591-03:00 DEBUG 5517 --- [zuul-server] [           main] o.s.b.f.s.DefaultListableBeanFactory     : Creating shared instance of singleton bean 'org.springframework.aop.config.internalAutoProxyCreator'
2026-08-29T16:20:45.595-03:00 DEBUG 5517 --- [zuul-server] [           main] o.s.b.f.s.DefaultListableBeanFactory     : Creating shared instance of singleton bean 'webServerFactoryCustomizerBeanPostProcessor'
2026-08-29T16:20:45.595-03:00 DEBUG 5517 --- [zuul-server] [           main] o.s.b.f.s.DefaultListableBeanFactory     : Creating shared instance of singleton bean 'configurationPropertiesBeans'
2026-08-29T16:20:45.598-03:00 DEBUG 5517 --- [zuul-server] [           main] o.s.b.f.s.DefaultListableBeanFactory     : Creating shared instance of singleton bean 'lbRestClientPostProcessor'
2026-08-29T16:20:45.598-03:00 DEBUG 5517 --- [zuul-server] [           main] o.s.b.f.s.DefaultListableBeanFactory     : Creating shared instance of singleton bean 'org.springframework.cloud.client.loadbalancer.LoadBalancerAutoConfiguration$DeferringLoadBalancerInterceptorConfig'
2026-08-29T16:20:45.599-03:00  WARN 5517 --- [zuul-server] [           main] trationDelegate$BeanPostProcessorChecker : Bean 'org.springframework.cloud.client.loadbalancer.LoadBalancerAutoConfiguration$DeferringLoadBalancerInterceptorConfig' of type [org.springframework.cloud.client.loadbalancer.LoadBalancerAutoConfiguration$DeferringLoadBalancerInterceptorConfig] is not eligible for getting processed by all BeanPostProcessors (for example: not eligible for auto-proxying). The currently created BeanPostProcessor [lbRestClientPostProcessor] is declared through a non-static factory method on that class; consider declaring it as static instead.
2026-08-29T16:20:45.600-03:00 DEBUG 5517 --- [zuul-server] [           main] o.s.b.f.s.DefaultListableBeanFactory     : Creating shared instance of singleton bean 'deferringLoadBalancerInterceptor'
2026-08-29T16:20:45.601-03:00  WARN 5517 --- [zuul-server] [           main] trationDelegate$BeanPostProcessorChecker : Bean 'deferringLoadBalancerInterceptor' of type [org.springframework.cloud.client.loadbalancer.DeferringLoadBalancerInterceptor] is not eligible for getting processed by all BeanPostProcessors (for example: not eligible for auto-proxying). Is this bean getting eagerly injected into a currently created BeanPostProcessor [lbRestClientPostProcessor]? Check the corresponding BeanPostProcessor declaration and its dependencies.
2026-08-29T16:20:45.603-03:00 DEBUG 5517 --- [zuul-server] [           main] o.s.b.f.s.DefaultListableBeanFactory     : Autowiring by type from bean name 'lbRestClientPostProcessor' via factory method to bean named 'deferringLoadBalancerInterceptor'
2026-08-29T16:20:45.603-03:00 DEBUG 5517 --- [zuul-server] [           main] o.s.b.f.s.DefaultListableBeanFactory     : Autowiring by type from bean name 'lbRestClientPostProcessor' via factory method to bean named 'org.springframework.boot.web.reactive.context.GenericReactiveWebApplicationContext@70f8d217'
2026-08-29T16:20:45.604-03:00 DEBUG 5517 --- [zuul-server] [           main] o.s.b.f.s.DefaultListableBeanFactory     : Creating shared instance of singleton bean 'loadBalancerWebClientBuilderBeanPostProcessor'
2026-08-29T16:20:45.604-03:00 DEBUG 5517 --- [zuul-server] [           main] o.s.b.f.s.DefaultListableBeanFactory     : Creating shared instance of singleton bean 'org.springframework.cloud.client.loadbalancer.reactive.LoadBalancerBeanPostProcessorAutoConfiguration'
2026-08-29T16:20:45.604-03:00  WARN 5517 --- [zuul-server] [           main] trationDelegate$BeanPostProcessorChecker : Bean 'org.springframework.cloud.client.loadbalancer.reactive.LoadBalancerBeanPostProcessorAutoConfiguration' of type [org.springframework.cloud.client.loadbalancer.reactive.LoadBalancerBeanPostProcessorAutoConfiguration] is not eligible for getting processed by all BeanPostProcessors (for example: not eligible for auto-proxying). The currently created BeanPostProcessor [loadBalancerWebClientBuilderBeanPostProcessor] is declared through a non-static factory method on that class; consider declaring it as static instead.
2026-08-29T16:20:45.605-03:00 DEBUG 5517 --- [zuul-server] [           main] o.s.b.f.s.DefaultListableBeanFactory     : Creating shared instance of singleton bean 'reactorDeferringLoadBalancerExchangeFilterFunction'
2026-08-29T16:20:45.606-03:00 DEBUG 5517 --- [zuul-server] [           main] o.s.b.f.s.DefaultListableBeanFactory     : Creating shared instance of singleton bean 'org.springframework.cloud.client.loadbalancer.reactive.LoadBalancerBeanPostProcessorAutoConfiguration$ReactorDeferringLoadBalancerFilterConfig'
2026-08-29T16:20:45.606-03:00  WARN 5517 --- [zuul-server] [           main] trationDelegate$BeanPostProcessorChecker : Bean 'org.springframework.cloud.client.loadbalancer.reactive.LoadBalancerBeanPostProcessorAutoConfiguration$ReactorDeferringLoadBalancerFilterConfig' of type [org.springframework.cloud.client.loadbalancer.reactive.LoadBalancerBeanPostProcessorAutoConfiguration$ReactorDeferringLoadBalancerFilterConfig] is not eligible for getting processed by all BeanPostProcessors (for example: not eligible for auto-proxying). Is this bean getting eagerly injected into a currently created BeanPostProcessor [loadBalancerWebClientBuilderBeanPostProcessor]? Check the corresponding BeanPostProcessor declaration and its dependencies.
2026-08-29T16:20:45.607-03:00  WARN 5517 --- [zuul-server] [           main] trationDelegate$BeanPostProcessorChecker : Bean 'reactorDeferringLoadBalancerExchangeFilterFunction' of type [org.springframework.cloud.client.loadbalancer.reactive.DeferringLoadBalancerExchangeFilterFunction] is not eligible for getting processed by all BeanPostProcessors (for example: not eligible for auto-proxying). Is this bean getting eagerly injected into a currently created BeanPostProcessor [loadBalancerWebClientBuilderBeanPostProcessor]? Check the corresponding BeanPostProcessor declaration and its dependencies.
2026-08-29T16:20:45.609-03:00 DEBUG 5517 --- [zuul-server] [           main] o.s.b.f.s.DefaultListableBeanFactory     : Autowiring by type from bean name 'loadBalancerWebClientBuilderBeanPostProcessor' via factory method to bean named 'reactorDeferringLoadBalancerExchangeFilterFunction'
2026-08-29T16:20:45.609-03:00 DEBUG 5517 --- [zuul-server] [           main] o.s.b.f.s.DefaultListableBeanFactory     : Autowiring by type from bean name 'loadBalancerWebClientBuilderBeanPostProcessor' via factory method to bean named 'org.springframework.boot.web.reactive.context.GenericReactiveWebApplicationContext@70f8d217'
2026-08-29T16:20:45.612-03:00 DEBUG 5517 --- [zuul-server] [           main] o.s.b.f.s.DefaultListableBeanFactory     : Creating shared instance of singleton bean 'jmsApplication'
2026-08-29T16:20:45.613-03:00 DEBUG 5517 --- [zuul-server] [           main] o.s.b.f.s.DefaultListableBeanFactory     : Creating shared instance of singleton bean 'springEurekaServerApplication'
2026-08-29T16:20:45.615-03:00 DEBUG 5517 --- [zuul-server] [           main] o.s.b.f.s.DefaultListableBeanFactory     : Creating shared instance of singleton bean 'droneApplication'
2026-08-29T16:20:45.618-03:00 DEBUG 5517 --- [zuul-server] [           main] o.s.b.f.s.DefaultListableBeanFactory     : Creating shared instance of singleton bean 'droneService'
2026-08-29T16:20:45.620-03:00 DEBUG 5517 --- [zuul-server] [           main] o.s.b.f.s.DefaultListableBeanFactory     : Autowiring by type from bean name 'droneApplication' via constructor to bean named 'droneService'
2026-08-29T16:20:45.620-03:00 DEBUG 5517 --- [zuul-server] [           main] o.s.b.f.s.DefaultListableBeanFactory     : Creating shared instance of singleton bean 'routeApplication'
2026-08-29T16:20:45.622-03:00 DEBUG 5517 --- [zuul-server] [           main] o.s.b.f.s.DefaultListableBeanFactory     : Creating shared instance of singleton bean 'routeService'
2026-08-29T16:20:45.623-03:00 DEBUG 5517 --- [zuul-server] [           main] o.s.b.f.s.DefaultListableBeanFactory     : Autowiring by type from bean name 'routeApplication' via constructor to bean named 'routeService'
2026-08-29T16:20:45.624-03:00 DEBUG 5517 --- [zuul-server] [           main] o.s.b.f.s.DefaultListableBeanFactory     : Creating shared instance of singleton bean 'appConfig'
2026-08-29T16:20:45.625-03:00 DEBUG 5517 --- [zuul-server] [           main] o.s.b.f.s.DefaultListableBeanFactory     : Creating shared instance of singleton bean 'droneRepository'
2026-08-29T16:20:45.630-03:00 DEBUG 5517 --- [zuul-server] [           main] o.s.b.f.s.DefaultListableBeanFactory     : Creating shared instance of singleton bean 'consumer'
2026-08-29T16:20:45.632-03:00 DEBUG 5517 --- [zuul-server] [           main] o.s.b.f.s.DefaultListableBeanFactory     : Creating shared instance of singleton bean 'jmsClient'
2026-08-29T16:20:45.637-03:00 DEBUG 5517 --- [zuul-server] [           main] a.JmsListenerAnnotationBeanPostProcessor : 1 @JmsListener methods processed on bean 'consumer': {public void com.esdrasdemorais.drones.jms.Consumer.receiveMessage(java.lang.String)=[@org.springframework.jms.annotation.JmsListener(selector="", id="", subscription="", containerFactory="", concurrency="", destination="myQueue")]}
2026-08-29T16:20:45.637-03:00 DEBUG 5517 --- [zuul-server] [           main] o.s.b.f.s.DefaultListableBeanFactory     : Creating shared instance of singleton bean 'jmsConfig'
2026-08-29T16:20:45.638-03:00 DEBUG 5517 --- [zuul-server] [           main] o.s.b.f.s.DefaultListableBeanFactory     : Creating shared instance of singleton bean 'producer'
2026-08-29T16:20:45.639-03:00 DEBUG 5517 --- [zuul-server] [           main] o.s.b.f.s.DefaultListableBeanFactory     : Creating shared instance of singleton bean 'droneController'
2026-08-29T16:20:45.641-03:00 DEBUG 5517 --- [zuul-server] [           main] o.s.b.f.s.DefaultListableBeanFactory     : Autowiring by type from bean name 'droneController' via constructor to bean named 'droneApplication'
2026-08-29T16:20:45.643-03:00 DEBUG 5517 --- [zuul-server] [           main] o.s.b.f.s.DefaultListableBeanFactory     : Creating shared instance of singleton bean 'restTemplate'
2026-08-29T16:20:45.648-03:00 DEBUG 5517 --- [zuul-server] [           main] o.s.b.f.s.DefaultListableBeanFactory     : Creating shared instance of singleton bean 'routeController'
2026-08-29T16:20:45.650-03:00 DEBUG 5517 --- [zuul-server] [           main] o.s.b.f.s.DefaultListableBeanFactory     : Autowiring by type from bean name 'routeController' via constructor to bean named 'routeApplication'
2026-08-29T16:20:45.651-03:00 DEBUG 5517 --- [zuul-server] [           main] o.s.b.f.s.DefaultListableBeanFactory     : Creating shared instance of singleton bean 'org.springframework.boot.autoconfigure.AutoConfigurationPackages'
2026-08-29T16:20:45.652-03:00 DEBUG 5517 --- [zuul-server] [           main] o.s.b.f.s.DefaultListableBeanFactory     : Creating shared instance of singleton bean 'context'
2026-08-29T16:20:45.652-03:00 DEBUG 5517 --- [zuul-server] [           main] o.s.b.f.s.DefaultListableBeanFactory     : Creating shared instance of singleton bean 'primaryClient'
2026-08-29T16:20:45.654-03:00 DEBUG 5517 --- [zuul-server] [           main] o.s.b.f.s.DefaultListableBeanFactory     : Creating shared instance of singleton bean 'org.springframework.jms.config.internalJmsListenerEndpointRegistry'
2026-08-29T16:20:45.655-03:00 DEBUG 5517 --- [zuul-server] [           main] o.s.b.f.s.DefaultListableBeanFactory     : Creating shared instance of singleton bean 'connectionFactory'
2026-08-29T16:20:45.658-03:00 DEBUG 5517 --- [zuul-server] [           main] o.s.b.f.s.DefaultListableBeanFactory     : Creating shared instance of singleton bean 'jmsListenerContainerFactory'
2026-08-29T16:20:45.659-03:00 DEBUG 5517 --- [zuul-server] [           main] o.s.b.f.s.DefaultListableBeanFactory     : Autowiring by type from bean name 'jmsListenerContainerFactory' via factory method to bean named 'connectionFactory'
2026-08-29T16:20:45.661-03:00 DEBUG 5517 --- [zuul-server] [           main] o.s.b.f.s.DefaultListableBeanFactory     : Creating shared instance of singleton bean 'org.springframework.boot.autoconfigure.context.PropertyPlaceholderAutoConfiguration'
2026-08-29T16:20:45.661-03:00 DEBUG 5517 --- [zuul-server] [           main] o.s.b.f.s.DefaultListableBeanFactory     : Creating shared instance of singleton bean 'org.springframework.boot.autoconfigure.websocket.reactive.WebSocketReactiveAutoConfiguration$TomcatWebSocketConfiguration'
2026-08-29T16:20:45.662-03:00 DEBUG 5517 --- [zuul-server] [           main] o.s.b.f.s.DefaultListableBeanFactory     : Creating shared instance of singleton bean 'websocketReactiveWebServerCustomizer'
2026-08-29T16:20:45.662-03:00 DEBUG 5517 --- [zuul-server] [           main] o.s.b.f.s.DefaultListableBeanFactory     : Creating shared instance of singleton bean 'org.springframework.boot.autoconfigure.websocket.reactive.WebSocketReactiveAutoConfiguration'
2026-08-29T16:20:45.663-03:00 DEBUG 5517 --- [zuul-server] [           main] o.s.b.f.s.DefaultListableBeanFactory     : Creating shared instance of singleton bean 'org.springframework.boot.autoconfigure.web.reactive.ReactiveWebServerFactoryConfiguration$EmbeddedTomcat'
2026-08-29T16:20:45.663-03:00 DEBUG 5517 --- [zuul-server] [           main] o.s.b.f.s.DefaultListableBeanFactory     : Creating shared instance of singleton bean 'tomcatReactiveWebServerFactory'
2026-08-29T16:20:45.668-03:00 DEBUG 5517 --- [zuul-server] [           main] o.s.b.f.s.DefaultListableBeanFactory     : Creating shared instance of singleton bean 'reactiveWebServerFactoryCustomizer'
2026-08-29T16:20:45.668-03:00 DEBUG 5517 --- [zuul-server] [           main] o.s.b.f.s.DefaultListableBeanFactory     : Creating shared instance of singleton bean 'org.springframework.boot.autoconfigure.web.reactive.ReactiveWebServerFactoryAutoConfiguration'
2026-08-29T16:20:45.670-03:00 DEBUG 5517 --- [zuul-server] [           main] o.s.b.f.s.DefaultListableBeanFactory     : Creating shared instance of singleton bean 'server-org.springframework.boot.autoconfigure.web.ServerProperties'
2026-08-29T16:20:45.671-03:00 DEBUG 5517 --- [zuul-server] [           main] o.s.b.f.s.DefaultListableBeanFactory     : Creating shared instance of singleton bean 'org.springframework.boot.context.properties.BoundConfigurationProperties'
2026-08-29T16:20:45.672-03:00 DEBUG 5517 --- [zuul-server] [           main] o.s.b.f.s.DefaultListableBeanFactory     : Creating shared instance of singleton bean 'defaultsBindHandlerAdvisor'
2026-08-29T16:20:45.673-03:00 DEBUG 5517 --- [zuul-server] [           main] o.s.b.f.s.DefaultListableBeanFactory     : Creating shared instance of singleton bean 'org.springframework.cloud.commons.config.CommonsConfigAutoConfiguration'
2026-08-29T16:20:45.674-03:00 DEBUG 5517 --- [zuul-server] [           main] o.s.b.f.s.DefaultListableBeanFactory     : Creating shared instance of singleton bean 'loadBalancerClientsDefaultsMappingsProvider'
2026-08-29T16:20:45.674-03:00 DEBUG 5517 --- [zuul-server] [           main] o.s.b.f.s.DefaultListableBeanFactory     : Creating shared instance of singleton bean 'org.springframework.cloud.client.loadbalancer.LoadBalancerDefaultMappingsProviderAutoConfiguration'
2026-08-29T16:20:45.676-03:00 DEBUG 5517 --- [zuul-server] [           main] o.s.b.f.s.DefaultListableBeanFactory     : Autowiring by type from bean name 'defaultsBindHandlerAdvisor' via factory method to bean named 'loadBalancerClientsDefaultsMappingsProvider'
2026-08-29T16:20:45.689-03:00 DEBUG 5517 --- [zuul-server] [           main] o.s.b.f.s.DefaultListableBeanFactory     : Autowiring by type from bean name 'reactiveWebServerFactoryCustomizer' via factory method to bean named 'server-org.springframework.boot.autoconfigure.web.ServerProperties'
2026-08-29T16:20:45.690-03:00 DEBUG 5517 --- [zuul-server] [           main] o.s.b.f.s.DefaultListableBeanFactory     : Creating shared instance of singleton bean 'sslBundleRegistry'
2026-08-29T16:20:45.690-03:00 DEBUG 5517 --- [zuul-server] [           main] o.s.b.f.s.DefaultListableBeanFactory     : Creating shared instance of singleton bean 'org.springframework.boot.autoconfigure.ssl.SslAutoConfiguration'
2026-08-29T16:20:45.691-03:00 DEBUG 5517 --- [zuul-server] [           main] o.s.b.f.s.DefaultListableBeanFactory     : Creating shared instance of singleton bean 'spring.ssl-org.springframework.boot.autoconfigure.ssl.SslProperties'
2026-08-29T16:20:45.693-03:00 DEBUG 5517 --- [zuul-server] [           main] o.s.b.f.s.DefaultListableBeanFactory     : Autowiring by type from bean name 'org.springframework.boot.autoconfigure.ssl.SslAutoConfiguration' via constructor to bean named 'spring.ssl-org.springframework.boot.autoconfigure.ssl.SslProperties'
2026-08-29T16:20:45.694-03:00 DEBUG 5517 --- [zuul-server] [           main] o.s.b.f.s.DefaultListableBeanFactory     : Creating shared instance of singleton bean 'sslPropertiesSslBundleRegistrar'
2026-08-29T16:20:45.695-03:00 DEBUG 5517 --- [zuul-server] [           main] o.s.b.f.s.DefaultListableBeanFactory     : Creating shared instance of singleton bean 'fileWatcher'
2026-08-29T16:20:45.696-03:00 DEBUG 5517 --- [zuul-server] [           main] o.s.b.f.s.DefaultListableBeanFactory     : Autowiring by type from bean name 'sslPropertiesSslBundleRegistrar' via factory method to bean named 'fileWatcher'
2026-08-29T16:20:45.697-03:00 DEBUG 5517 --- [zuul-server] [           main] o.s.b.f.s.DefaultListableBeanFactory     : Creating shared instance of singleton bean 'tomcatReactiveWebServerFactoryCustomizer'
2026-08-29T16:20:45.697-03:00 DEBUG 5517 --- [zuul-server] [           main] o.s.b.f.s.DefaultListableBeanFactory     : Autowiring by type from bean name 'tomcatReactiveWebServerFactoryCustomizer' via factory method to bean named 'server-org.springframework.boot.autoconfigure.web.ServerProperties'
2026-08-29T16:20:45.698-03:00 DEBUG 5517 --- [zuul-server] [           main] o.s.b.f.s.DefaultListableBeanFactory     : Creating shared instance of singleton bean 'nettyWebServerFactoryCustomizer'
2026-08-29T16:20:45.698-03:00 DEBUG 5517 --- [zuul-server] [           main] o.s.b.f.s.DefaultListableBeanFactory     : Creating shared instance of singleton bean 'org.springframework.boot.autoconfigure.web.embedded.EmbeddedWebServerFactoryCustomizerAutoConfiguration$NettyWebServerFactoryCustomizerConfiguration'
2026-08-29T16:20:45.698-03:00 DEBUG 5517 --- [zuul-server] [           main] o.s.b.f.s.DefaultListableBeanFactory     : Autowiring by type from bean name 'nettyWebServerFactoryCustomizer' via factory method to bean named 'environment'
2026-08-29T16:20:45.699-03:00 DEBUG 5517 --- [zuul-server] [           main] o.s.b.f.s.DefaultListableBeanFactory     : Autowiring by type from bean name 'nettyWebServerFactoryCustomizer' via factory method to bean named 'server-org.springframework.boot.autoconfigure.web.ServerProperties'
2026-08-29T16:20:45.699-03:00 DEBUG 5517 --- [zuul-server] [           main] o.s.b.f.s.DefaultListableBeanFactory     : Creating shared instance of singleton bean 'tomcatWebServerFactoryCustomizer'
2026-08-29T16:20:45.699-03:00 DEBUG 5517 --- [zuul-server] [           main] o.s.b.f.s.DefaultListableBeanFactory     : Creating shared instance of singleton bean 'org.springframework.boot.autoconfigure.web.embedded.EmbeddedWebServerFactoryCustomizerAutoConfiguration$TomcatWebServerFactoryCustomizerConfiguration'
2026-08-29T16:20:45.700-03:00 DEBUG 5517 --- [zuul-server] [           main] o.s.b.f.s.DefaultListableBeanFactory     : Autowiring by type from bean name 'tomcatWebServerFactoryCustomizer' via factory method to bean named 'environment'
2026-08-29T16:20:45.700-03:00 DEBUG 5517 --- [zuul-server] [           main] o.s.b.f.s.DefaultListableBeanFactory     : Autowiring by type from bean name 'tomcatWebServerFactoryCustomizer' via factory method to bean named 'server-org.springframework.boot.autoconfigure.web.ServerProperties'
2026-08-29T16:20:45.703-03:00 DEBUG 5517 --- [zuul-server] [           main] o.s.b.f.s.DefaultListableBeanFactory     : Creating shared instance of singleton bean 'org.springframework.boot.autoconfigure.reactor.netty.ReactorNettyConfigurations$ReactorResourceFactoryConfiguration'
2026-08-29T16:20:45.704-03:00 DEBUG 5517 --- [zuul-server] [           main] o.s.b.f.s.DefaultListableBeanFactory     : Creating shared instance of singleton bean 'reactorResourceFactory'
2026-08-29T16:20:45.705-03:00 DEBUG 5517 --- [zuul-server] [           main] o.s.b.f.s.DefaultListableBeanFactory     : Creating shared instance of singleton bean 'spring.reactor.netty-org.springframework.boot.autoconfigure.reactor.netty.ReactorNettyProperties'
2026-08-29T16:20:45.707-03:00 DEBUG 5517 --- [zuul-server] [           main] o.s.b.f.s.DefaultListableBeanFactory     : Autowiring by type from bean name 'reactorResourceFactory' via factory method to bean named 'spring.reactor.netty-org.springframework.boot.autoconfigure.reactor.netty.ReactorNettyProperties'
2026-08-29T16:20:45.708-03:00 DEBUG 5517 --- [zuul-server] [           main] o.s.b.f.s.DefaultListableBeanFactory     : Creating shared instance of singleton bean 'org.springframework.boot.autoconfigure.jackson.JacksonAutoConfiguration$Jackson2ObjectMapperBuilderCustomizerConfiguration'
2026-08-29T16:20:45.708-03:00 DEBUG 5517 --- [zuul-server] [           main] o.s.b.f.s.DefaultListableBeanFactory     : Creating shared instance of singleton bean 'standardJacksonObjectMapperBuilderCustomizer'
2026-08-29T16:20:45.710-03:00 DEBUG 5517 --- [zuul-server] [           main] o.s.b.f.s.DefaultListableBeanFactory     : Creating shared instance of singleton bean 'spring.jackson-org.springframework.boot.autoconfigure.jackson.JacksonProperties'
2026-08-29T16:20:45.715-03:00 DEBUG 5517 --- [zuul-server] [           main] o.s.b.f.s.DefaultListableBeanFactory     : Autowiring by type from bean name 'standardJacksonObjectMapperBuilderCustomizer' via factory method to bean named 'spring.jackson-org.springframework.boot.autoconfigure.jackson.JacksonProperties'
2026-08-29T16:20:45.716-03:00 DEBUG 5517 --- [zuul-server] [           main] o.s.b.f.s.DefaultListableBeanFactory     : Creating shared instance of singleton bean 'parameterNamesModule'
2026-08-29T16:20:45.716-03:00 DEBUG 5517 --- [zuul-server] [           main] o.s.b.f.s.DefaultListableBeanFactory     : Creating shared instance of singleton bean 'org.springframework.boot.autoconfigure.jackson.JacksonAutoConfiguration$ParameterNamesModuleConfiguration'
2026-08-29T16:20:45.717-03:00 DEBUG 5517 --- [zuul-server] [           main] o.s.b.f.s.DefaultListableBeanFactory     : Creating shared instance of singleton bean 'jsonMixinModule'
2026-08-29T16:20:45.718-03:00 DEBUG 5517 --- [zuul-server] [           main] o.s.b.f.s.DefaultListableBeanFactory     : Creating shared instance of singleton bean 'org.springframework.boot.autoconfigure.jackson.JacksonAutoConfiguration$JacksonMixinConfiguration'
2026-08-29T16:20:45.719-03:00 DEBUG 5517 --- [zuul-server] [           main] o.s.b.f.s.DefaultListableBeanFactory     : Creating shared instance of singleton bean 'jsonMixinModuleEntries'
2026-08-29T16:20:45.720-03:00 DEBUG 5517 --- [zuul-server] [           main] o.s.b.f.s.DefaultListableBeanFactory     : Autowiring by type from bean name 'jsonMixinModuleEntries' via factory method to bean named 'org.springframework.boot.web.reactive.context.GenericReactiveWebApplicationContext@70f8d217'
2026-08-29T16:20:45.720-03:00 DEBUG 5517 --- [zuul-server] [           main] o.s.b.a.AutoConfigurationPackages        : @EnableAutoConfiguration was declared on a class in the package 'com.esdrasdemorais.drones,com.esdrasdemorais.drones.application'. Automatic @Repository and @Entity scanning is enabled.
2026-08-29T16:20:45.726-03:00 DEBUG 5517 --- [zuul-server] [           main] o.s.b.f.s.DefaultListableBeanFactory     : Autowiring by type from bean name 'jsonMixinModule' via factory method to bean named 'org.springframework.boot.web.reactive.context.GenericReactiveWebApplicationContext@70f8d217'
2026-08-29T16:20:45.727-03:00 DEBUG 5517 --- [zuul-server] [           main] o.s.b.f.s.DefaultListableBeanFactory     : Autowiring by type from bean name 'jsonMixinModule' via factory method to bean named 'jsonMixinModuleEntries'
2026-08-29T16:20:45.728-03:00 DEBUG 5517 --- [zuul-server] [           main] o.s.b.f.s.DefaultListableBeanFactory     : Creating shared instance of singleton bean 'jsonComponentModule'
2026-08-29T16:20:45.728-03:00 DEBUG 5517 --- [zuul-server] [           main] o.s.b.f.s.DefaultListableBeanFactory     : Creating shared instance of singleton bean 'org.springframework.boot.autoconfigure.jackson.JacksonAutoConfiguration'
2026-08-29T16:20:45.735-03:00 DEBUG 5517 --- [zuul-server] [           main] o.s.b.f.s.DefaultListableBeanFactory     : Creating shared instance of singleton bean 'eurekaClient'
2026-08-29T16:20:45.737-03:00 DEBUG 5517 --- [zuul-server] [           main] o.s.b.f.s.DefaultListableBeanFactory     : Creating shared instance of singleton bean 'eurekaApplicationInfoManager'
2026-08-29T16:20:45.738-03:00 DEBUG 5517 --- [zuul-server] [           main] o.s.b.f.s.DefaultListableBeanFactory     : Creating shared instance of singleton bean 'eurekaRegistration'
2026-08-29T16:20:45.741-03:00 DEBUG 5517 --- [zuul-server] [           main] o.s.b.f.s.DefaultListableBeanFactory     : Creating shared instance of singleton bean 'org.springframework.boot.autoconfigure.jackson.JacksonAutoConfiguration$JacksonObjectMapperBuilderConfiguration'
2026-08-29T16:20:45.742-03:00 DEBUG 5517 --- [zuul-server] [           main] o.s.b.f.s.DefaultListableBeanFactory     : Creating shared instance of singleton bean 'org.springframework.boot.autoconfigure.jackson.JacksonAutoConfiguration$JacksonObjectMapperConfiguration'
2026-08-29T16:20:45.742-03:00 DEBUG 5517 --- [zuul-server] [           main] o.s.b.f.s.DefaultListableBeanFactory     : Creating shared instance of singleton bean 'jacksonObjectMapper'
2026-08-29T16:20:45.744-03:00 DEBUG 5517 --- [zuul-server] [           main] o.s.b.f.s.DefaultListableBeanFactory     : Autowiring by type from bean name 'jacksonObjectMapperBuilder' via factory method to bean named 'org.springframework.boot.web.reactive.context.GenericReactiveWebApplicationContext@70f8d217'
2026-08-29T16:20:45.745-03:00 DEBUG 5517 --- [zuul-server] [           main] o.s.b.f.s.DefaultListableBeanFactory     : Autowiring by type from bean name 'jacksonObjectMapperBuilder' via factory method to bean named 'standardJacksonObjectMapperBuilderCustomizer'
2026-08-29T16:20:45.746-03:00 DEBUG 5517 --- [zuul-server] [           main] o.s.b.f.s.DefaultListableBeanFactory     : Autowiring by type from bean name 'jacksonObjectMapper' via factory method to bean named 'jacksonObjectMapperBuilder'
2026-08-29T16:20:45.750-03:00 DEBUG 5517 --- [zuul-server] [           main] o.s.b.f.s.DefaultListableBeanFactory     : Creating shared instance of singleton bean 'org.springframework.boot.autoconfigure.http.codec.CodecsAutoConfiguration$DefaultCodecsConfiguration'
2026-08-29T16:20:45.751-03:00 DEBUG 5517 --- [zuul-server] [           main] o.s.b.f.s.DefaultListableBeanFactory     : Creating shared instance of singleton bean 'defaultCodecCustomizer'
2026-08-29T16:20:45.752-03:00 DEBUG 5517 --- [zuul-server] [           main] o.s.b.f.s.DefaultListableBeanFactory     : Creating shared instance of singleton bean 'spring.codec-org.springframework.boot.autoconfigure.codec.CodecProperties'
2026-08-29T16:20:45.754-03:00 DEBUG 5517 --- [zuul-server] [           main] o.s.b.f.s.DefaultListableBeanFactory     : Autowiring by type from bean name 'defaultCodecCustomizer' via factory method to bean named 'spring.codec-org.springframework.boot.autoconfigure.codec.CodecProperties'
2026-08-29T16:20:45.755-03:00 DEBUG 5517 --- [zuul-server] [           main] o.s.b.f.s.DefaultListableBeanFactory     : Creating shared instance of singleton bean 'org.springframework.boot.autoconfigure.http.codec.CodecsAutoConfiguration$JacksonCodecConfiguration'
2026-08-29T16:20:45.755-03:00 DEBUG 5517 --- [zuul-server] [           main] o.s.b.f.s.DefaultListableBeanFactory     : Creating shared instance of singleton bean 'jacksonCodecCustomizer'
2026-08-29T16:20:45.756-03:00 DEBUG 5517 --- [zuul-server] [           main] o.s.b.f.s.DefaultListableBeanFactory     : Autowiring by type from bean name 'jacksonCodecCustomizer' via factory method to bean named 'jacksonObjectMapper'
2026-08-29T16:20:45.757-03:00 DEBUG 5517 --- [zuul-server] [           main] o.s.b.f.s.DefaultListableBeanFactory     : Creating shared instance of singleton bean 'org.springframework.boot.autoconfigure.http.codec.CodecsAutoConfiguration'
2026-08-29T16:20:45.757-03:00 DEBUG 5517 --- [zuul-server] [           main] o.s.b.f.s.DefaultListableBeanFactory     : Creating shared instance of singleton bean 'org.springframework.boot.autoconfigure.validation.ValidationAutoConfiguration'
2026-08-29T16:20:45.758-03:00 DEBUG 5517 --- [zuul-server] [           main] o.s.b.f.s.DefaultListableBeanFactory     : Creating shared instance of singleton bean 'defaultValidator'
2026-08-29T16:20:45.758-03:00 DEBUG 5517 --- [zuul-server] [           main] o.s.b.f.s.DefaultListableBeanFactory     : Autowiring by type from bean name 'defaultValidator' via factory method to bean named 'org.springframework.boot.web.reactive.context.GenericReactiveWebApplicationContext@70f8d217'
2026-08-29T16:20:45.767-03:00 DEBUG 5517 --- [zuul-server] [           main] o.s.b.f.s.DefaultListableBeanFactory     : Creating shared instance of singleton bean 'org.springframework.boot.autoconfigure.web.reactive.ReactiveMultipartAutoConfiguration'
2026-08-29T16:20:45.768-03:00 DEBUG 5517 --- [zuul-server] [           main] o.s.b.f.s.DefaultListableBeanFactory     : Creating shared instance of singleton bean 'defaultPartHttpMessageReaderCustomizer'
2026-08-29T16:20:45.769-03:00 DEBUG 5517 --- [zuul-server] [           main] o.s.b.f.s.DefaultListableBeanFactory     : Creating shared instance of singleton bean 'spring.webflux.multipart-org.springframework.boot.autoconfigure.web.reactive.ReactiveMultipartProperties'
2026-08-29T16:20:45.773-03:00 DEBUG 5517 --- [zuul-server] [           main] o.s.b.f.s.DefaultListableBeanFactory     : Autowiring by type from bean name 'defaultPartHttpMessageReaderCustomizer' via factory method to bean named 'spring.webflux.multipart-org.springframework.boot.autoconfigure.web.reactive.ReactiveMultipartProperties'
2026-08-29T16:20:45.774-03:00 DEBUG 5517 --- [zuul-server] [           main] o.s.b.f.s.DefaultListableBeanFactory     : Creating shared instance of singleton bean 'org.springframework.boot.autoconfigure.web.reactive.WebSessionIdResolverAutoConfiguration'
2026-08-29T16:20:45.775-03:00 DEBUG 5517 --- [zuul-server] [           main] o.s.b.f.s.DefaultListableBeanFactory     : Creating shared instance of singleton bean 'spring.webflux-org.springframework.boot.autoconfigure.web.reactive.WebFluxProperties'
2026-08-29T16:20:45.777-03:00 DEBUG 5517 --- [zuul-server] [           main] o.s.b.f.s.DefaultListableBeanFactory     : Autowiring by type from bean name 'org.springframework.boot.autoconfigure.web.reactive.WebSessionIdResolverAutoConfiguration' via constructor to bean named 'server-org.springframework.boot.autoconfigure.web.ServerProperties'
2026-08-29T16:20:45.777-03:00 DEBUG 5517 --- [zuul-server] [           main] o.s.b.f.s.DefaultListableBeanFactory     : Autowiring by type from bean name 'org.springframework.boot.autoconfigure.web.reactive.WebSessionIdResolverAutoConfiguration' via constructor to bean named 'spring.webflux-org.springframework.boot.autoconfigure.web.reactive.WebFluxProperties'
2026-08-29T16:20:45.777-03:00 DEBUG 5517 --- [zuul-server] [           main] o.s.b.f.s.DefaultListableBeanFactory     : Creating shared instance of singleton bean 'webSessionIdResolver'
2026-08-29T16:20:45.778-03:00 DEBUG 5517 --- [zuul-server] [           main] o.s.b.f.s.DefaultListableBeanFactory     : Creating shared instance of singleton bean 'org.springframework.boot.autoconfigure.web.reactive.error.ErrorWebFluxAutoConfiguration'
2026-08-29T16:20:45.778-03:00 DEBUG 5517 --- [zuul-server] [           main] o.s.b.f.s.DefaultListableBeanFactory     : Autowiring by type from bean name 'org.springframework.boot.autoconfigure.web.reactive.error.ErrorWebFluxAutoConfiguration' via constructor to bean named 'server-org.springframework.boot.autoconfigure.web.ServerProperties'
2026-08-29T16:20:45.779-03:00 DEBUG 5517 --- [zuul-server] [           main] o.s.b.f.s.DefaultListableBeanFactory     : Creating shared instance of singleton bean 'errorWebExceptionHandler'
2026-08-29T16:20:45.780-03:00 DEBUG 5517 --- [zuul-server] [           main] o.s.b.f.s.DefaultListableBeanFactory     : Creating shared instance of singleton bean 'errorAttributes'
2026-08-29T16:20:45.781-03:00 DEBUG 5517 --- [zuul-server] [           main] o.s.b.f.s.DefaultListableBeanFactory     : Creating shared instance of singleton bean 'spring.web-org.springframework.boot.autoconfigure.web.WebProperties'
2026-08-29T16:20:45.784-03:00 DEBUG 5517 --- [zuul-server] [           main] o.s.b.f.s.DefaultListableBeanFactory     : Creating shared instance of singleton bean 'serverCodecConfigurer'
2026-08-29T16:20:45.784-03:00 DEBUG 5517 --- [zuul-server] [           main] o.s.b.f.s.DefaultListableBeanFactory     : Creating shared instance of singleton bean 'org.springframework.boot.autoconfigure.web.reactive.WebFluxAutoConfiguration$EnableWebFluxConfiguration'
2026-08-29T16:20:45.784-03:00 DEBUG 5517 --- [zuul-server] [           main] o.s.b.f.s.DefaultListableBeanFactory     : Autowiring by type from bean name 'org.springframework.boot.autoconfigure.web.reactive.WebFluxAutoConfiguration$EnableWebFluxConfiguration' via constructor to bean named 'spring.webflux-org.springframework.boot.autoconfigure.web.reactive.WebFluxProperties'
2026-08-29T16:20:45.784-03:00 DEBUG 5517 --- [zuul-server] [           main] o.s.b.f.s.DefaultListableBeanFactory     : Autowiring by type from bean name 'org.springframework.boot.autoconfigure.web.reactive.WebFluxAutoConfiguration$EnableWebFluxConfiguration' via constructor to bean named 'spring.web-org.springframework.boot.autoconfigure.web.WebProperties'
2026-08-29T16:20:45.784-03:00 DEBUG 5517 --- [zuul-server] [           main] o.s.b.f.s.DefaultListableBeanFactory     : Autowiring by type from bean name 'org.springframework.boot.autoconfigure.web.reactive.WebFluxAutoConfiguration$EnableWebFluxConfiguration' via constructor to bean named 'server-org.springframework.boot.autoconfigure.web.ServerProperties'
2026-08-29T16:20:45.787-03:00 DEBUG 5517 --- [zuul-server] [           main] o.s.b.f.s.DefaultListableBeanFactory     : Creating shared instance of singleton bean 'org.springframework.boot.autoconfigure.web.reactive.WebFluxAutoConfiguration$WebFluxConfig'
2026-08-29T16:20:45.789-03:00 DEBUG 5517 --- [zuul-server] [           main] o.s.b.f.s.DefaultListableBeanFactory     : Autowiring by type from bean name 'org.springframework.boot.autoconfigure.web.reactive.WebFluxAutoConfiguration$WebFluxConfig' via constructor to bean named 'environment'
2026-08-29T16:20:45.789-03:00 DEBUG 5517 --- [zuul-server] [           main] o.s.b.f.s.DefaultListableBeanFactory     : Autowiring by type from bean name 'org.springframework.boot.autoconfigure.web.reactive.WebFluxAutoConfiguration$WebFluxConfig' via constructor to bean named 'spring.web-org.springframework.boot.autoconfigure.web.WebProperties'
2026-08-29T16:20:45.789-03:00 DEBUG 5517 --- [zuul-server] [           main] o.s.b.f.s.DefaultListableBeanFactory     : Autowiring by type from bean name 'org.springframework.boot.autoconfigure.web.reactive.WebFluxAutoConfiguration$WebFluxConfig' via constructor to bean named 'spring.webflux-org.springframework.boot.autoconfigure.web.reactive.WebFluxProperties'
2026-08-29T16:20:45.789-03:00 DEBUG 5517 --- [zuul-server] [           main] o.s.b.f.s.DefaultListableBeanFactory     : Autowiring by type from bean name 'org.springframework.boot.autoconfigure.web.reactive.WebFluxAutoConfiguration$WebFluxConfig' via constructor to bean named 'org.springframework.beans.factory.support.DefaultListableBeanFactory@4ed5492c'
2026-08-29T16:20:45.795-03:00 DEBUG 5517 --- [zuul-server] [           main] o.s.b.f.s.DefaultListableBeanFactory     : Autowiring by type from bean name 'errorWebExceptionHandler' via factory method to bean named 'errorAttributes'
2026-08-29T16:20:45.795-03:00 DEBUG 5517 --- [zuul-server] [           main] o.s.b.f.s.DefaultListableBeanFactory     : Autowiring by type from bean name 'errorWebExceptionHandler' via factory method to bean named 'spring.web-org.springframework.boot.autoconfigure.web.WebProperties'
2026-08-29T16:20:45.795-03:00 DEBUG 5517 --- [zuul-server] [           main] o.s.b.f.s.DefaultListableBeanFactory     : Autowiring by type from bean name 'errorWebExceptionHandler' via factory method to bean named 'serverCodecConfigurer'
2026-08-29T16:20:45.795-03:00 DEBUG 5517 --- [zuul-server] [           main] o.s.b.f.s.DefaultListableBeanFactory     : Autowiring by type from bean name 'errorWebExceptionHandler' via factory method to bean named 'org.springframework.boot.web.reactive.context.GenericReactiveWebApplicationContext@70f8d217'
2026-08-29T16:20:45.798-03:00 DEBUG 5517 --- [zuul-server] [           main] o.s.b.f.s.DefaultListableBeanFactory     : Creating shared instance of singleton bean 'org.springframework.cloud.gateway.config.GatewayClassPathWarningAutoConfiguration'
2026-08-29T16:20:45.798-03:00 DEBUG 5517 --- [zuul-server] [           main] o.s.b.f.s.DefaultListableBeanFactory     : Creating shared instance of singleton bean 'org.springframework.cloud.loadbalancer.config.LoadBalancerAutoConfiguration'
2026-08-29T16:20:45.799-03:00 DEBUG 5517 --- [zuul-server] [           main] o.s.b.f.s.DefaultListableBeanFactory     : Creating shared instance of singleton bean 'zoneConfig'
2026-08-29T16:20:45.799-03:00 DEBUG 5517 --- [zuul-server] [           main] o.s.b.f.s.DefaultListableBeanFactory     : Autowiring by type from bean name 'zoneConfig' via factory method to bean named 'environment'
2026-08-29T16:20:45.800-03:00 DEBUG 5517 --- [zuul-server] [           main] o.s.b.f.s.DefaultListableBeanFactory     : Creating shared instance of singleton bean 'loadBalancerClientFactory'
[...]

   ServletWebServerFactoryAutoConfiguration:
      Did not match:
         - not a servlet web application (OnWebApplicationCondition)
      Matched:
         - @ConditionalOnClass found required class 'jakarta.servlet.ServletRequest' (OnClassCondition)

   SessionAutoConfiguration:
      Did not match:
         - @ConditionalOnClass did not find required class 'org.springframework.session.Session' (OnClassCondition)

   SimpleReactiveDiscoveryClientAutoConfiguration.HealthConfiguration:
      Did not match:
         - @ConditionalOnClass did not find required class 'org.springframework.boot.actuate.health.ReactiveHealthIndicator' (OnClassCondition)

   SimpleUrlHandlerMappingGlobalCorsAutoConfiguration:
      Did not match:
         - @ConditionalOnProperty (spring.cloud.gateway.globalcors.add-to-simple-url-handler-mapping) did not find property 'spring.cloud.gateway.globalcors.add-to-simple-url-handler-mapping' (OnPropertyCondition)
      Matched:
         - @ConditionalOnClass found required class 'org.springframework.web.reactive.handler.SimpleUrlHandlerMapping' (OnClassCondition)

   SpringApplicationAdminJmxAutoConfiguration:
      Did not match:
         - @ConditionalOnProperty (spring.application.admin.enabled=true) did not find property 'enabled' (OnPropertyCondition)

   SpringDataWebAutoConfiguration:
      Did not match:
         - @ConditionalOnClass did not find required class 'org.springframework.data.web.PageableHandlerMethodArgumentResolver' (OnClassCondition)

   TaskExecutorConfigurations.SimpleAsyncTaskExecutorBuilderConfiguration#simpleAsyncTaskExecutorBuilderVirtualThreads:
      Did not match:
         - @ConditionalOnMissingBean (types: org.springframework.boot.task.SimpleAsyncTaskExecutorBuilder; SearchStrategy: all) found beans of type 'org.springframework.boot.task.SimpleAsyncTaskExecutorBuilder' simpleAsyncTaskExecutorBuilder (OnBeanCondition)

   TaskExecutorConfigurations.TaskExecutorConfiguration#applicationTaskExecutorVirtualThreads:
      Did not match:
         - @ConditionalOnThreading did not find VIRTUAL (OnThreadingCondition)

   TaskSchedulingConfigurations.SimpleAsyncTaskSchedulerBuilderConfiguration#simpleAsyncTaskSchedulerBuilderVirtualThreads:
      Did not match:
         - @ConditionalOnMissingBean (types: org.springframework.boot.task.SimpleAsyncTaskSchedulerBuilder; SearchStrategy: all) found beans of type 'org.springframework.boot.task.SimpleAsyncTaskSchedulerBuilder' simpleAsyncTaskSchedulerBuilder (OnBeanCondition)

   TaskSchedulingConfigurations.TaskSchedulerConfiguration#taskSchedulerVirtualThreads:
      Did not match:
         - @ConditionalOnThreading did not find VIRTUAL (OnThreadingCondition)

   ThymeleafAutoConfiguration:
      Did not match:
         - @ConditionalOnClass did not find required class 'org.thymeleaf.spring6.SpringTemplateEngine' (OnClassCondition)

   TransactionAutoConfiguration#transactionalOperator:
      Did not match:
         - @ConditionalOnSingleCandidate (types: org.springframework.transaction.ReactiveTransactionManager; SearchStrategy: all) did not find any beans (OnBeanCondition)

   TransactionAutoConfiguration.AspectJTransactionManagementConfiguration:
      Did not match:
         - @ConditionalOnBean did not find required type 'org.springframework.transaction.aspectj.AbstractTransactionAspect' (OnBeanCondition)
         - @ConditionalOnBean (types: org.springframework.transaction.aspectj.AbstractTransactionAspect; SearchStrategy: all) did not find any beans of type org.springframework.transaction.aspectj.AbstractTransactionAspect (OnBeanCondition)

   TransactionAutoConfiguration.EnableTransactionManagementConfiguration:
      Did not match:
         - @ConditionalOnBean (types: org.springframework.transaction.TransactionManager; SearchStrategy: all) did not find any beans of type org.springframework.transaction.TransactionManager (OnBeanCondition)

   TransactionAutoConfiguration.EnableTransactionManagementConfiguration.CglibAutoProxyConfiguration:
      Did not match:
         - Ancestor org.springframework.boot.autoconfigure.transaction.TransactionAutoConfiguration$EnableTransactionManagementConfiguration did not match (ConditionEvaluationReport.AncestorsMatchedCondition)
      Matched:
         - @ConditionalOnProperty (spring.aop.proxy-target-class=true) matched (OnPropertyCondition)

   TransactionAutoConfiguration.EnableTransactionManagementConfiguration.JdkDynamicAutoProxyConfiguration:
      Did not match:
         - @ConditionalOnProperty (spring.aop.proxy-target-class=false) did not find property 'proxy-target-class' (OnPropertyCondition)
         - Ancestor org.springframework.boot.autoconfigure.transaction.TransactionAutoConfiguration$EnableTransactionManagementConfiguration did not match (ConditionEvaluationReport.AncestorsMatchedCondition)

   TransactionAutoConfiguration.TransactionTemplateConfiguration:
      Did not match:
         - @ConditionalOnSingleCandidate (types: org.springframework.transaction.PlatformTransactionManager; SearchStrategy: all) did not find any beans (OnBeanCondition)

   UserDetailsServiceAutoConfiguration:
      Did not match:
         - @ConditionalOnClass did not find required class 'org.springframework.security.authentication.AuthenticationManager' (OnClassCondition)

   WebFluxAutoConfiguration#hiddenHttpMethodFilter:
      Did not match:
         - @ConditionalOnProperty (spring.webflux.hiddenmethod.filter.enabled) found different value in property 'enabled' (OnPropertyCondition)

   WebFluxAutoConfiguration.ProblemDetailsErrorHandlingConfiguration:
      Did not match:
         - @ConditionalOnProperty (spring.webflux.problemdetails.enabled=true) did not find property 'enabled' (OnPropertyCondition)

   WebFluxAutoConfiguration.ResourceChainCustomizerConfiguration:
      Did not match:
         - @ConditionalOnEnabledResourceChain did not find class org.webjars.WebJarAssetLocator (OnEnabledResourceChainCondition)

   WebMvcAutoConfiguration:
      Did not match:
         - not a servlet web application (OnWebApplicationCondition)
      Matched:
         - @ConditionalOnClass found required classes 'jakarta.servlet.Servlet', 'org.springframework.web.servlet.DispatcherServlet', 'org.springframework.web.servlet.config.annotation.WebMvcConfigurer' (OnClassCondition)

   WebServiceTemplateAutoConfiguration:
      Did not match:
         - @ConditionalOnClass did not find required class 'org.springframework.oxm.Marshaller' (OnClassCondition)

   WebServicesAutoConfiguration:
      Did not match:
         - @ConditionalOnClass did not find required class 'org.springframework.ws.transport.http.MessageDispatcherServlet' (OnClassCondition)

   WebSocketMessagingAutoConfiguration:
      Did not match:
         - @ConditionalOnClass did not find required class 'org.springframework.web.socket.config.annotation.WebSocketMessageBrokerConfigurer' (OnClassCondition)

   WebSocketReactiveAutoConfiguration.JettyWebSocketConfiguration:
      Did not match:
         - @ConditionalOnClass did not find required class 'org.eclipse.jetty.ee10.websocket.jakarta.server.config.JakartaWebSocketServletContainerInitializer' (OnClassCondition)

   WebSocketServletAutoConfiguration:
      Did not match:
         - not a servlet web application (OnWebApplicationCondition)
      Matched:
         - @ConditionalOnClass found required classes 'jakarta.servlet.Servlet', 'jakarta.websocket.server.ServerContainer' (OnClassCondition)

   WritableEnvironmentEndpointAutoConfiguration:
      Did not match:
         - @ConditionalOnClass did not find required class 'org.springframework.boot.actuate.autoconfigure.env.EnvironmentEndpointProperties' (OnClassCondition)

   XADataSourceAutoConfiguration:
      Did not match:
         - @ConditionalOnClass did not find required class 'jakarta.transaction.TransactionManager' (OnClassCondition)


Exclusions:
-----------

    None


Unconditional classes:
----------------------

    org.springframework.boot.autoconfigure.context.ConfigurationPropertiesAutoConfiguration

    org.springframework.cloud.client.ReactiveCommonsClientAutoConfiguration

    org.springframework.boot.autoconfigure.ssl.SslAutoConfiguration

    org.springframework.cloud.client.discovery.simple.SimpleDiscoveryClientAutoConfiguration

    org.springframework.boot.autoconfigure.context.PropertyPlaceholderAutoConfiguration

    org.springframework.boot.autoconfigure.context.LifecycleAutoConfiguration

    org.springframework.cloud.client.CommonsClientAutoConfiguration

    org.springframework.cloud.commons.config.CommonsConfigAutoConfiguration

    org.springframework.cloud.netflix.eureka.config.DiscoveryClientOptionalArgsConfiguration

    org.springframework.cloud.client.loadbalancer.LoadBalancerDefaultMappingsProviderAutoConfiguration

    org.springframework.cloud.client.discovery.composite.CompositeDiscoveryClientAutoConfiguration

    org.springframework.cloud.client.serviceregistry.ServiceRegistryAutoConfiguration

    org.springframework.cloud.autoconfigure.LifecycleMvcEndpointAutoConfiguration

    org.springframework.boot.autoconfigure.availability.ApplicationAvailabilityAutoConfiguration

    org.springframework.boot.autoconfigure.info.ProjectInfoAutoConfiguration



2026-08-29T16:20:56.338-03:00  INFO 5517 --- [zuul-server] [           main] c.e.drones.jms.JmsClientTests            : Started JmsClientTests in 11.362 seconds (process running for 37.348)
2026-08-29T16:20:56.339-03:00 DEBUG 5517 --- [zuul-server] [           main] o.s.b.a.ApplicationAvailabilityBean      : Application availability state LivenessState changed to CORRECT
2026-08-29T16:20:56.340-03:00 DEBUG 5517 --- [zuul-server] [           main] o.s.b.a.ApplicationAvailabilityBean      : Application availability state ReadinessState changed to ACCEPTING_TRAFFIC
2026-08-29T16:20:56.340-03:00 DEBUG 5517 --- [zuul-server] [           main] org.springframework.test.context.cache   : Spring test ApplicationContext cache statistics: [DefaultContextCache@18230356 size = 3, maxSize = 32, parentContextCount = 0, hitCount = 17, missCount = 3, failureCount = 0]
2026-08-29T16:20:56.343-03:00 DEBUG 5517 --- [zuul-server] [           main] org.springframework.test.context.cache   : Spring test ApplicationContext cache statistics: [DefaultContextCache@18230356 size = 3, maxSize = 32, parentContextCount = 0, hitCount = 18, missCount = 3, failureCount = 0]
2026-08-29T16:20:56.344-03:00 DEBUG 5517 --- [zuul-server] [           main] DependencyInjectionTestExecutionListener : Performing dependency injection for test class com.esdrasdemorais.drones.jms.JmsClientTests
2026-08-29T16:20:56.344-03:00 DEBUG 5517 --- [zuul-server] [           main] org.springframework.test.context.cache   : Spring test ApplicationContext cache statistics: [DefaultContextCache@18230356 size = 3, maxSize = 32, parentContextCount = 0, hitCount = 19, missCount = 3, failureCount = 0]
2026-08-29T16:20:56.350-03:00 DEBUG 5517 --- [zuul-server] [           main] org.springframework.test.context.cache   : Spring test ApplicationContext cache statistics: [DefaultContextCache@18230356 size = 3, maxSize = 32, parentContextCount = 0, hitCount = 20, missCount = 3, failureCount = 0]
2026-08-29T16:20:56.354-03:00 DEBUG 5517 --- [zuul-server] [           main] org.springframework.test.context.cache   : Spring test ApplicationContext cache statistics: [DefaultContextCache@18230356 size = 3, maxSize = 32, parentContextCount = 0, hitCount = 21, missCount = 3, failureCount = 0]
2026-08-29T16:20:56.354-03:00 DEBUG 5517 --- [zuul-server] [           main] sContextBeforeModesTestExecutionListener : Before test method: class [JmsClientTests], method [testSendAndReceiveMessage], class annotated with @DirtiesContext [false] with mode [null], method annotated with @DirtiesContext [false] with mode [null]
2026-08-29T16:20:56.355-03:00 DEBUG 5517 --- [zuul-server] [           main] org.springframework.test.context.cache   : Spring test ApplicationContext cache statistics: [DefaultContextCache@18230356 size = 3, maxSize = 32, parentContextCount = 0, hitCount = 22, missCount = 3, failureCount = 0]
2026-08-29T16:20:56.355-03:00 DEBUG 5517 --- [zuul-server] [           main] org.springframework.test.context.cache   : Spring test ApplicationContext cache statistics: [DefaultContextCache@18230356 size = 3, maxSize = 32, parentContextCount = 0, hitCount = 23, missCount = 3, failureCount = 0]
2026-08-29T16:20:56.358-03:00 DEBUG 5517 --- [zuul-server] [           main] org.springframework.test.context.cache   : Spring test ApplicationContext cache statistics: [DefaultContextCache@18230356 size = 3, maxSize = 32, parentContextCount = 0, hitCount = 24, missCount = 3, failureCount = 0]
2026-08-29T16:20:56.446-03:00 DEBUG 5517 --- [zuul-server] [           main] org.springframework.test.context.cache   : Spring test ApplicationContext cache statistics: [DefaultContextCache@18230356 size = 3, maxSize = 32, parentContextCount = 0, hitCount = 25, missCount = 3, failureCount = 0]
2026-08-29T16:20:56.446-03:00 DEBUG 5517 --- [zuul-server] [           main] org.springframework.test.context.cache   : Spring test ApplicationContext cache statistics: [DefaultContextCache@18230356 size = 3, maxSize = 32, parentContextCount = 0, hitCount = 26, missCount = 3, failureCount = 0]
2026-08-29T16:20:56.446-03:00 DEBUG 5517 --- [zuul-server] [           main] org.springframework.test.context.cache   : Spring test ApplicationContext cache statistics: [DefaultContextCache@18230356 size = 3, maxSize = 32, parentContextCount = 0, hitCount = 27, missCount = 3, failureCount = 0]
2026-08-29T16:20:56.447-03:00 DEBUG 5517 --- [zuul-server] [           main] org.springframework.test.context.cache   : Spring test ApplicationContext cache statistics: [DefaultContextCache@18230356 size = 3, maxSize = 32, parentContextCount = 0, hitCount = 28, missCount = 3, failureCount = 0]
2026-08-29T16:20:56.447-03:00 DEBUG 5517 --- [zuul-server] [           main] org.springframework.test.context.cache   : Spring test ApplicationContext cache statistics: [DefaultContextCache@18230356 size = 3, maxSize = 32, parentContextCount = 0, hitCount = 29, missCount = 3, failureCount = 0]
2026-08-29T16:20:56.449-03:00 DEBUG 5517 --- [zuul-server] [           main] org.springframework.test.context.cache   : Spring test ApplicationContext cache statistics: [DefaultContextCache@18230356 size = 3, maxSize = 32, parentContextCount = 0, hitCount = 30, missCount = 3, failureCount = 0]
2026-08-29T16:20:56.449-03:00 DEBUG 5517 --- [zuul-server] [           main] .c.s.DirtiesContextTestExecutionListener : After test method: class [JmsClientTests], method [testSendAndReceiveMessage], class annotated with @DirtiesContext [false] with mode [null], method annotated with @DirtiesContext [false] with mode [null]
]]></system-out>
  </testcase>
  <testcase name="contextLoads" classname="com.esdrasdemorais.drones.jms.JmsClientTests" time="0.016">
    <system-out><![CDATA[2026-08-29T16:20:56.455-03:00 DEBUG 5517 --- [zuul-server] [           main] org.springframework.test.context.cache   : Spring test ApplicationContext cache statistics: [DefaultContextCache@18230356 size = 3, maxSize = 32, parentContextCount = 0, hitCount = 31, missCount = 3, failureCount = 0]
2026-08-29T16:20:56.455-03:00 DEBUG 5517 --- [zuul-server] [           main] org.springframework.test.context.cache   : Spring test ApplicationContext cache statistics: [DefaultContextCache@18230356 size = 3, maxSize = 32, parentContextCount = 0, hitCount = 32, missCount = 3, failureCount = 0]
2026-08-29T16:20:56.456-03:00 DEBUG 5517 --- [zuul-server] [           main] DependencyInjectionTestExecutionListener : Performing dependency injection for test class com.esdrasdemorais.drones.jms.JmsClientTests
2026-08-29T16:20:56.456-03:00 DEBUG 5517 --- [zuul-server] [           main] org.springframework.test.context.cache   : Spring test ApplicationContext cache statistics: [DefaultContextCache@18230356 size = 3, maxSize = 32, parentContextCount = 0, hitCount = 33, missCount = 3, failureCount = 0]
2026-08-29T16:20:56.458-03:00 DEBUG 5517 --- [zuul-server] [           main] org.springframework.test.context.cache   : Spring test ApplicationContext cache statistics: [DefaultContextCache@18230356 size = 3, maxSize = 32, parentContextCount = 0, hitCount = 34, missCount = 3, failureCount = 0]
2026-08-29T16:20:56.461-03:00 DEBUG 5517 --- [zuul-server] [           main] org.springframework.test.context.cache   : Spring test ApplicationContext cache statistics: [DefaultContextCache@18230356 size = 3, maxSize = 32, parentContextCount = 0, hitCount = 35, missCount = 3, failureCount = 0]
2026-08-29T16:20:56.462-03:00 DEBUG 5517 --- [zuul-server] [           main] sContextBeforeModesTestExecutionListener : Before test method: class [JmsClientTests], method [contextLoads], class annotated with @DirtiesContext [false] with mode [null], method annotated with @DirtiesContext [false] with mode [null]
2026-08-29T16:20:56.462-03:00 DEBUG 5517 --- [zuul-server] [           main] org.springframework.test.context.cache   : Spring test ApplicationContext cache statistics: [DefaultContextCache@18230356 size = 3, maxSize = 32, parentContextCount = 0, hitCount = 36, missCount = 3, failureCount = 0]
2026-08-29T16:20:56.462-03:00 DEBUG 5517 --- [zuul-server] [           main] org.springframework.test.context.cache   : Spring test ApplicationContext cache statistics: [DefaultContextCache@18230356 size = 3, maxSize = 32, parentContextCount = 0, hitCount = 37, missCount = 3, failureCount = 0]
2026-08-29T16:20:56.466-03:00 DEBUG 5517 --- [zuul-server] [           main] org.springframework.test.context.cache   : Spring test ApplicationContext cache statistics: [DefaultContextCache@18230356 size = 3, maxSize = 32, parentContextCount = 0, hitCount = 38, missCount = 3, failureCount = 0]
2026-08-29T16:20:56.471-03:00 DEBUG 5517 --- [zuul-server] [           main] org.springframework.test.context.cache   : Spring test ApplicationContext cache statistics: [DefaultContextCache@18230356 size = 3, maxSize = 32, parentContextCount = 0, hitCount = 39, missCount = 3, failureCount = 0]
2026-08-29T16:20:56.471-03:00 DEBUG 5517 --- [zuul-server] [           main] org.springframework.test.context.cache   : Spring test ApplicationContext cache statistics: [DefaultContextCache@18230356 size = 3, maxSize = 32, parentContextCount = 0, hitCount = 40, missCount = 3, failureCount = 0]
2026-08-29T16:20:56.471-03:00 DEBUG 5517 --- [zuul-server] [           main] org.springframework.test.context.cache   : Spring test ApplicationContext cache statistics: [DefaultContextCache@18230356 size = 3, maxSize = 32, parentContextCount = 0, hitCount = 41, missCount = 3, failureCount = 0]
2026-08-29T16:20:56.471-03:00 DEBUG 5517 --- [zuul-server] [           main] org.springframework.test.context.cache   : Spring test ApplicationContext cache statistics: [DefaultContextCache@18230356 size = 3, maxSize = 32, parentContextCount = 0, hitCount = 42, missCount = 3, failureCount = 0]
2026-08-29T16:20:56.472-03:00 DEBUG 5517 --- [zuul-server] [           main] org.springframework.test.context.cache   : Spring test ApplicationContext cache statistics: [DefaultContextCache@18230356 size = 3, maxSize = 32, parentContextCount = 0, hitCount = 43, missCount = 3, failureCount = 0]
2026-08-29T16:20:56.474-03:00 DEBUG 5517 --- [zuul-server] [           main] org.springframework.test.context.cache   : Spring test ApplicationContext cache statistics: [DefaultContextCache@18230356 size = 3, maxSize = 32, parentContextCount = 0, hitCount = 44, missCount = 3, failureCount = 0]
2026-08-29T16:20:56.474-03:00 DEBUG 5517 --- [zuul-server] [           main] .c.s.DirtiesContextTestExecutionListener : After test method: class [JmsClientTests], method [contextLoads], class annotated with @DirtiesContext [false] with mode [null], method annotated with @DirtiesContext [false] with mode [null]
]]></system-out>
  </testcase>
</testsuite>